[2023-04-25T13:39:30.393+0000] {taskinstance.py:1165} INFO - Dependencies all met for <TaskInstance: user_processing.process_user manual__2023-04-25T13:39:26.121688+00:00 [queued]>
[2023-04-25T13:39:30.399+0000] {taskinstance.py:1165} INFO - Dependencies all met for <TaskInstance: user_processing.process_user manual__2023-04-25T13:39:26.121688+00:00 [queued]>
[2023-04-25T13:39:30.399+0000] {taskinstance.py:1362} INFO - 
--------------------------------------------------------------------------------
[2023-04-25T13:39:30.400+0000] {taskinstance.py:1363} INFO - Starting attempt 1 of 1
[2023-04-25T13:39:30.400+0000] {taskinstance.py:1364} INFO - 
--------------------------------------------------------------------------------
[2023-04-25T13:39:30.407+0000] {taskinstance.py:1383} INFO - Executing <Task(PythonOperator): process_user> on 2023-04-25 13:39:26.121688+00:00
[2023-04-25T13:39:30.412+0000] {standard_task_runner.py:55} INFO - Started process 14496 to run task
[2023-04-25T13:39:30.415+0000] {standard_task_runner.py:82} INFO - Running: ['***', 'tasks', 'run', 'user_processing', 'process_user', 'manual__2023-04-25T13:39:26.121688+00:00', '--job-id', '101', '--raw', '--subdir', 'DAGS_FOLDER/user_processing.py', '--cfg-path', '/tmp/tmpd5joh7gz']
[2023-04-25T13:39:30.417+0000] {standard_task_runner.py:83} INFO - Job 101: Subtask process_user
[2023-04-25T13:39:30.465+0000] {task_command.py:376} INFO - Running <TaskInstance: user_processing.process_user manual__2023-04-25T13:39:26.121688+00:00 [running]> on host bebb68623a17
[2023-04-25T13:39:30.510+0000] {taskinstance.py:1592} INFO - Exporting the following env vars:
AIRFLOW_CTX_DAG_OWNER=***
AIRFLOW_CTX_DAG_ID=user_processing
AIRFLOW_CTX_TASK_ID=process_user
AIRFLOW_CTX_EXECUTION_DATE=2023-04-25T13:39:26.121688+00:00
AIRFLOW_CTX_TRY_NUMBER=1
AIRFLOW_CTX_DAG_RUN_ID=manual__2023-04-25T13:39:26.121688+00:00
[2023-04-25T13:39:30.519+0000] {logging_mixin.py:120} INFO - hi {'results': [{'gender': 'male', 'name': {'title': 'Mr', 'first': 'Joseph', 'last': 'Thampy'}, 'location': {'street': {'number': 6008, 'name': 'Racecource Rd'}, 'city': 'Dindigul', 'state': 'Mizoram', 'country': 'India', 'postcode': 55232, 'coordinates': {'latitude': '5.6037', 'longitude': '-62.2737'}, 'timezone': {'offset': '+7:00', 'description': 'Bangkok, Hanoi, Jakarta'}}, 'email': 'joseph.thampy@example.com', 'login': {'uuid': '8fc9a4a8-16bf-44f7-a142-0a10587ab37b', 'username': 'crazydog140', 'password': 'azzer', 'salt': 'fzS9q7EP', 'md5': 'b6c21e8505a76f0da85379c7194a8da3', 'sha1': '04b4583a438d028b09f27449cf0c3e1e265efdda', 'sha256': '6531c23c39cea3d0e8ba2137a8722a3b8a18815480b54920101bd99bc521db2c'}, 'dob': {'date': '1981-11-01T11:11:34.269Z', 'age': 41}, 'registered': {'date': '2003-11-06T09:57:33.533Z', 'age': 19}, 'phone': '8546724780', 'cell': '9167511866', 'id': {'name': 'UIDAI', 'value': '969499791637'}, 'picture': {'large': 'https://randomuser.me/api/portraits/men/4.jpg', 'medium': 'https://randomuser.me/api/portraits/med/men/4.jpg', 'thumbnail': 'https://randomuser.me/api/portraits/thumb/men/4.jpg'}, 'nat': 'IN'}], 'info': {'seed': '99c7add381d89bd4', 'results': 1, 'page': 1, 'version': '1.4'}}
[2023-04-25T13:39:30.520+0000] {python.py:177} INFO - Done. Returned value was: None
[2023-04-25T13:39:30.528+0000] {taskinstance.py:1406} INFO - Marking task as SUCCESS. dag_id=user_processing, task_id=process_user, execution_date=20230425T133926, start_date=20230425T133930, end_date=20230425T133930
[2023-04-25T13:39:30.546+0000] {local_task_job.py:164} INFO - Task exited with return code 0
[2023-04-25T13:39:30.560+0000] {local_task_job.py:273} INFO - 0 downstream tasks scheduled from follow-on schedule check
