[2023-04-26T03:42:38.880+0000] {taskinstance.py:1165} INFO - Dependencies all met for <TaskInstance: user_processing.process_user manual__2023-04-26T03:42:34.114065+00:00 [queued]>
[2023-04-26T03:42:38.885+0000] {taskinstance.py:1165} INFO - Dependencies all met for <TaskInstance: user_processing.process_user manual__2023-04-26T03:42:34.114065+00:00 [queued]>
[2023-04-26T03:42:38.886+0000] {taskinstance.py:1362} INFO - 
--------------------------------------------------------------------------------
[2023-04-26T03:42:38.886+0000] {taskinstance.py:1363} INFO - Starting attempt 1 of 1
[2023-04-26T03:42:38.887+0000] {taskinstance.py:1364} INFO - 
--------------------------------------------------------------------------------
[2023-04-26T03:42:38.894+0000] {taskinstance.py:1383} INFO - Executing <Task(PythonOperator): process_user> on 2023-04-26 03:42:34.114065+00:00
[2023-04-26T03:42:38.899+0000] {standard_task_runner.py:55} INFO - Started process 19561 to run task
[2023-04-26T03:42:38.903+0000] {standard_task_runner.py:82} INFO - Running: ['***', 'tasks', 'run', 'user_processing', 'process_user', 'manual__2023-04-26T03:42:34.114065+00:00', '--job-id', '117', '--raw', '--subdir', 'DAGS_FOLDER/user_processing.py', '--cfg-path', '/tmp/tmpdn_d_uj3']
[2023-04-26T03:42:38.904+0000] {standard_task_runner.py:83} INFO - Job 117: Subtask process_user
[2023-04-26T03:42:38.953+0000] {task_command.py:376} INFO - Running <TaskInstance: user_processing.process_user manual__2023-04-26T03:42:34.114065+00:00 [running]> on host bebb68623a17
[2023-04-26T03:42:38.998+0000] {taskinstance.py:1592} INFO - Exporting the following env vars:
AIRFLOW_CTX_DAG_OWNER=***
AIRFLOW_CTX_DAG_ID=user_processing
AIRFLOW_CTX_TASK_ID=process_user
AIRFLOW_CTX_EXECUTION_DATE=2023-04-26T03:42:34.114065+00:00
AIRFLOW_CTX_TRY_NUMBER=1
AIRFLOW_CTX_DAG_RUN_ID=manual__2023-04-26T03:42:34.114065+00:00
[2023-04-26T03:42:39.007+0000] {logging_mixin.py:120} INFO - {'gender': 'female', 'name': {'title': 'Miss', 'first': 'Ceyhan', 'last': 'Paksüt'}, 'location': {'street': {'number': 1155, 'name': 'Bağdat Cd'}, 'city': 'Iğdır', 'state': 'Yalova', 'country': 'Turkey', 'postcode': 34419, 'coordinates': {'latitude': '69.3171', 'longitude': '85.0826'}, 'timezone': {'offset': '-2:00', 'description': 'Mid-Atlantic'}}, 'email': 'ceyhan.paksut@example.com', 'login': {'uuid': '3a161dff-4864-42ec-b86c-e34ae2aaac0b', 'username': 'silvertiger307', 'password': 'gunther', 'salt': 'Gysj5VnG', 'md5': '6332514945af857d779eee71c3829cda', 'sha1': 'be346333acbf4b784b9d71f9bf075c191c8ee023', 'sha256': 'ae5460830ce9d70040cd1461d6c22009d4f69bc547b4a64a5d020ddb4c5fd40e'}, 'dob': {'date': '1961-02-24T10:02:14.244Z', 'age': 62}, 'registered': {'date': '2015-12-05T04:34:21.113Z', 'age': 7}, 'phone': '(166)-670-7435', 'cell': '(649)-108-0227', 'id': {'name': '', 'value': None}, 'picture': {'large': 'https://randomuser.me/api/portraits/women/86.jpg', 'medium': 'https://randomuser.me/api/portraits/med/women/86.jpg', 'thumbnail': 'https://randomuser.me/api/portraits/thumb/women/86.jpg'}, 'nat': 'TR'}
[2023-04-26T03:42:39.008+0000] {python.py:177} INFO - Done. Returned value was: None
[2023-04-26T03:42:39.016+0000] {taskinstance.py:1406} INFO - Marking task as SUCCESS. dag_id=user_processing, task_id=process_user, execution_date=20230426T034234, start_date=20230426T034238, end_date=20230426T034239
[2023-04-26T03:42:39.034+0000] {local_task_job.py:164} INFO - Task exited with return code 0
[2023-04-26T03:42:39.048+0000] {local_task_job.py:273} INFO - 0 downstream tasks scheduled from follow-on schedule check
