[2023-04-25T13:33:05.550+0000] {taskinstance.py:1165} INFO - Dependencies all met for <TaskInstance: user_processing.process_user manual__2023-04-25T13:33:03.850427+00:00 [queued]>
[2023-04-25T13:33:05.560+0000] {taskinstance.py:1165} INFO - Dependencies all met for <TaskInstance: user_processing.process_user manual__2023-04-25T13:33:03.850427+00:00 [queued]>
[2023-04-25T13:33:05.560+0000] {taskinstance.py:1362} INFO - 
--------------------------------------------------------------------------------
[2023-04-25T13:33:05.561+0000] {taskinstance.py:1363} INFO - Starting attempt 1 of 1
[2023-04-25T13:33:05.562+0000] {taskinstance.py:1364} INFO - 
--------------------------------------------------------------------------------
[2023-04-25T13:33:05.574+0000] {taskinstance.py:1383} INFO - Executing <Task(PythonOperator): process_user> on 2023-04-25 13:33:03.850427+00:00
[2023-04-25T13:33:05.580+0000] {standard_task_runner.py:55} INFO - Started process 14129 to run task
[2023-04-25T13:33:05.586+0000] {standard_task_runner.py:82} INFO - Running: ['***', 'tasks', 'run', 'user_processing', 'process_user', 'manual__2023-04-25T13:33:03.850427+00:00', '--job-id', '84', '--raw', '--subdir', 'DAGS_FOLDER/user_processing.py', '--cfg-path', '/tmp/tmpjk86s2sg']
[2023-04-25T13:33:05.591+0000] {standard_task_runner.py:83} INFO - Job 84: Subtask process_user
[2023-04-25T13:33:05.662+0000] {task_command.py:376} INFO - Running <TaskInstance: user_processing.process_user manual__2023-04-25T13:33:03.850427+00:00 [running]> on host bebb68623a17
[2023-04-25T13:33:05.732+0000] {taskinstance.py:1592} INFO - Exporting the following env vars:
AIRFLOW_CTX_DAG_OWNER=***
AIRFLOW_CTX_DAG_ID=user_processing
AIRFLOW_CTX_TASK_ID=process_user
AIRFLOW_CTX_EXECUTION_DATE=2023-04-25T13:33:03.850427+00:00
AIRFLOW_CTX_TRY_NUMBER=1
AIRFLOW_CTX_DAG_RUN_ID=manual__2023-04-25T13:33:03.850427+00:00
[2023-04-25T13:33:05.750+0000] {logging_mixin.py:120} INFO - []
[2023-04-25T13:33:05.752+0000] {python.py:177} INFO - Done. Returned value was: None
[2023-04-25T13:33:05.768+0000] {taskinstance.py:1406} INFO - Marking task as SUCCESS. dag_id=user_processing, task_id=process_user, execution_date=20230425T133303, start_date=20230425T133305, end_date=20230425T133305
[2023-04-25T13:33:05.796+0000] {local_task_job.py:164} INFO - Task exited with return code 0
[2023-04-25T13:33:05.817+0000] {local_task_job.py:273} INFO - 0 downstream tasks scheduled from follow-on schedule check
