[2023-04-25T13:24:02.804+0000] {taskinstance.py:1165} INFO - Dependencies all met for <TaskInstance: user_processing.extract_user manual__2023-04-25T13:24:01.733525+00:00 [queued]>
[2023-04-25T13:24:02.821+0000] {taskinstance.py:1165} INFO - Dependencies all met for <TaskInstance: user_processing.extract_user manual__2023-04-25T13:24:01.733525+00:00 [queued]>
[2023-04-25T13:24:02.822+0000] {taskinstance.py:1362} INFO - 
--------------------------------------------------------------------------------
[2023-04-25T13:24:02.822+0000] {taskinstance.py:1363} INFO - Starting attempt 1 of 1
[2023-04-25T13:24:02.823+0000] {taskinstance.py:1364} INFO - 
--------------------------------------------------------------------------------
[2023-04-25T13:24:02.834+0000] {taskinstance.py:1383} INFO - Executing <Task(SimpleHttpOperator): extract_user> on 2023-04-25 13:24:01.733525+00:00
[2023-04-25T13:24:02.843+0000] {standard_task_runner.py:55} INFO - Started process 13621 to run task
[2023-04-25T13:24:02.852+0000] {standard_task_runner.py:82} INFO - Running: ['***', 'tasks', 'run', 'user_processing', 'extract_user', 'manual__2023-04-25T13:24:01.733525+00:00', '--job-id', '67', '--raw', '--subdir', 'DAGS_FOLDER/user_processing.py', '--cfg-path', '/tmp/tmpzan6drrk']
[2023-04-25T13:24:02.855+0000] {standard_task_runner.py:83} INFO - Job 67: Subtask extract_user
[2023-04-25T13:24:02.962+0000] {task_command.py:376} INFO - Running <TaskInstance: user_processing.extract_user manual__2023-04-25T13:24:01.733525+00:00 [running]> on host bebb68623a17
[2023-04-25T13:24:03.051+0000] {taskinstance.py:1592} INFO - Exporting the following env vars:
AIRFLOW_CTX_DAG_OWNER=***
AIRFLOW_CTX_DAG_ID=user_processing
AIRFLOW_CTX_TASK_ID=extract_user
AIRFLOW_CTX_EXECUTION_DATE=2023-04-25T13:24:01.733525+00:00
AIRFLOW_CTX_TRY_NUMBER=1
AIRFLOW_CTX_DAG_RUN_ID=manual__2023-04-25T13:24:01.733525+00:00
[2023-04-25T13:24:03.053+0000] {http.py:121} INFO - Calling HTTP method
[2023-04-25T13:24:03.064+0000] {base.py:71} INFO - Using connection ID 'user_api' for task execution.
[2023-04-25T13:24:03.066+0000] {http.py:148} INFO - Sending 'GET' to url: https://randomuser.me/api/
[2023-04-25T13:24:03.412+0000] {http.py:125} INFO - {"results":[{"gender":"female","name":{"title":"Miss","first":"Martyna","last":"Molund"},"location":{"street":{"number":7146,"name":"Selvbyggerveien"},"city":"Talvik","state":"Hordaland","country":"Norway","postcode":"5053","coordinates":{"latitude":"38.7566","longitude":"149.2139"},"timezone":{"offset":"-11:00","description":"Midway Island, Samoa"}},"email":"martyna.molund@example.com","login":{"uuid":"a800bbd5-a7b7-4985-af93-7dac28156a11","username":"brownladybug879","password":"monitor","salt":"ETCMFt68","md5":"3f7386b94d35ecce10eb7cc54e523605","sha1":"235b283278755371848e5e518aa2ecca0fcc34b7","sha256":"8d85f00c34455229fd054aee0efb6ed03662eac4ce19abb0c4a7b8d09f7d7a75"},"dob":{"date":"1982-09-07T01:37:25.422Z","age":40},"registered":{"date":"2017-06-02T13:04:21.513Z","age":5},"phone":"60346013","cell":"91681363","id":{"name":"FN","value":"07098221284"},"picture":{"large":"https://randomuser.me/api/portraits/women/16.jpg","medium":"https://randomuser.me/api/portraits/med/women/16.jpg","thumbnail":"https://randomuser.me/api/portraits/thumb/women/16.jpg"},"nat":"NO"}],"info":{"seed":"6fe55b1a7e8f3de0","results":1,"page":1,"version":"1.4"}}
[2023-04-25T13:24:03.446+0000] {taskinstance.py:1406} INFO - Marking task as SUCCESS. dag_id=user_processing, task_id=extract_user, execution_date=20230425T132401, start_date=20230425T132402, end_date=20230425T132403
[2023-04-25T13:24:03.468+0000] {local_task_job.py:164} INFO - Task exited with return code 0
[2023-04-25T13:24:03.482+0000] {local_task_job.py:273} INFO - 0 downstream tasks scheduled from follow-on schedule check
