[2023-04-26T09:03:29.657+0000] {taskinstance.py:1165} INFO - Dependencies all met for <TaskInstance: user_processing.extract_user manual__2023-04-26T09:03:25.419117+00:00 [queued]>
[2023-04-26T09:03:29.664+0000] {taskinstance.py:1165} INFO - Dependencies all met for <TaskInstance: user_processing.extract_user manual__2023-04-26T09:03:25.419117+00:00 [queued]>
[2023-04-26T09:03:29.665+0000] {taskinstance.py:1362} INFO - 
--------------------------------------------------------------------------------
[2023-04-26T09:03:29.666+0000] {taskinstance.py:1363} INFO - Starting attempt 1 of 1
[2023-04-26T09:03:29.666+0000] {taskinstance.py:1364} INFO - 
--------------------------------------------------------------------------------
[2023-04-26T09:03:29.673+0000] {taskinstance.py:1383} INFO - Executing <Task(SimpleHttpOperator): extract_user> on 2023-04-26 09:03:25.419117+00:00
[2023-04-26T09:03:29.679+0000] {standard_task_runner.py:55} INFO - Started process 1748 to run task
[2023-04-26T09:03:29.682+0000] {standard_task_runner.py:82} INFO - Running: ['***', 'tasks', 'run', 'user_processing', 'extract_user', 'manual__2023-04-26T09:03:25.419117+00:00', '--job-id', '225', '--raw', '--subdir', 'DAGS_FOLDER/user_processing.py', '--cfg-path', '/tmp/tmp21erokzk']
[2023-04-26T09:03:29.684+0000] {standard_task_runner.py:83} INFO - Job 225: Subtask extract_user
[2023-04-26T09:03:29.738+0000] {task_command.py:376} INFO - Running <TaskInstance: user_processing.extract_user manual__2023-04-26T09:03:25.419117+00:00 [running]> on host c452347a64f2
[2023-04-26T09:03:29.787+0000] {taskinstance.py:1592} INFO - Exporting the following env vars:
AIRFLOW_CTX_DAG_OWNER=***
AIRFLOW_CTX_DAG_ID=user_processing
AIRFLOW_CTX_TASK_ID=extract_user
AIRFLOW_CTX_EXECUTION_DATE=2023-04-26T09:03:25.419117+00:00
AIRFLOW_CTX_TRY_NUMBER=1
AIRFLOW_CTX_DAG_RUN_ID=manual__2023-04-26T09:03:25.419117+00:00
[2023-04-26T09:03:29.788+0000] {http.py:121} INFO - Calling HTTP method
[2023-04-26T09:03:29.797+0000] {base.py:71} INFO - Using connection ID 'user_api' for task execution.
[2023-04-26T09:03:29.799+0000] {http.py:148} INFO - Sending 'GET' to url: https://randomuser.me/api/
[2023-04-26T09:03:30.423+0000] {http.py:125} INFO - {"results":[{"gender":"female","name":{"title":"Miss","first":"Charlotte","last":"Clarke"},"location":{"street":{"number":6236,"name":"Main Street"},"city":"Tramore","state":"Longford","country":"Ireland","postcode":12561,"coordinates":{"latitude":"-1.1312","longitude":"2.3980"},"timezone":{"offset":"+10:00","description":"Eastern Australia, Guam, Vladivostok"}},"email":"charlotte.clarke@example.com","login":{"uuid":"323f96e9-0edd-407d-a0b5-6b10654681e7","username":"goldengorilla752","password":"pocket","salt":"5Y2cD2xd","md5":"4b00d7d6a422995f203adcf6921ccf82","sha1":"5dfbb253caf12ff19214a86c1728d54d4e0da1fb","sha256":"1f9b0c2fe4d0916639e2ea6cae43c06f8b56336d6ee85f66f6b042977930a486"},"dob":{"date":"1949-06-13T06:54:36.668Z","age":73},"registered":{"date":"2002-04-02T21:25:29.628Z","age":21},"phone":"031-235-1941","cell":"081-834-0628","id":{"name":"PPS","value":"8513595T"},"picture":{"large":"https://randomuser.me/api/portraits/women/42.jpg","medium":"https://randomuser.me/api/portraits/med/women/42.jpg","thumbnail":"https://randomuser.me/api/portraits/thumb/women/42.jpg"},"nat":"IE"}],"info":{"seed":"9a73b17b36ebad52","results":1,"page":1,"version":"1.4"}}
[2023-04-26T09:03:30.447+0000] {taskinstance.py:1406} INFO - Marking task as SUCCESS. dag_id=user_processing, task_id=extract_user, execution_date=20230426T090325, start_date=20230426T090329, end_date=20230426T090330
[2023-04-26T09:03:30.475+0000] {local_task_job.py:164} INFO - Task exited with return code 0
[2023-04-26T09:03:30.497+0000] {local_task_job.py:273} INFO - 1 downstream tasks scheduled from follow-on schedule check
