[2023-04-26T00:27:19.185+0000] {taskinstance.py:1165} INFO - Dependencies all met for <TaskInstance: user_processing.extract_user scheduled__2023-04-25T00:00:00+00:00 [queued]>
[2023-04-26T00:27:19.234+0000] {taskinstance.py:1165} INFO - Dependencies all met for <TaskInstance: user_processing.extract_user scheduled__2023-04-25T00:00:00+00:00 [queued]>
[2023-04-26T00:27:19.238+0000] {taskinstance.py:1362} INFO - 
--------------------------------------------------------------------------------
[2023-04-26T00:27:19.241+0000] {taskinstance.py:1363} INFO - Starting attempt 1 of 1
[2023-04-26T00:27:19.244+0000] {taskinstance.py:1364} INFO - 
--------------------------------------------------------------------------------
[2023-04-26T00:27:19.298+0000] {taskinstance.py:1383} INFO - Executing <Task(SimpleHttpOperator): extract_user> on 2023-04-25 00:00:00+00:00
[2023-04-26T00:27:19.328+0000] {standard_task_runner.py:55} INFO - Started process 16992 to run task
[2023-04-26T00:27:19.329+0000] {standard_task_runner.py:82} INFO - Running: ['***', 'tasks', 'run', 'user_processing', 'extract_user', 'scheduled__2023-04-25T00:00:00+00:00', '--job-id', '106', '--raw', '--subdir', 'DAGS_FOLDER/user_processing.py', '--cfg-path', '/tmp/tmpsvms4l3m']
[2023-04-26T00:27:19.349+0000] {standard_task_runner.py:83} INFO - Job 106: Subtask extract_user
[2023-04-26T00:27:19.564+0000] {task_command.py:376} INFO - Running <TaskInstance: user_processing.extract_user scheduled__2023-04-25T00:00:00+00:00 [running]> on host bebb68623a17
[2023-04-26T00:27:19.757+0000] {taskinstance.py:1592} INFO - Exporting the following env vars:
AIRFLOW_CTX_DAG_OWNER=***
AIRFLOW_CTX_DAG_ID=user_processing
AIRFLOW_CTX_TASK_ID=extract_user
AIRFLOW_CTX_EXECUTION_DATE=2023-04-25T00:00:00+00:00
AIRFLOW_CTX_TRY_NUMBER=1
AIRFLOW_CTX_DAG_RUN_ID=scheduled__2023-04-25T00:00:00+00:00
[2023-04-26T00:27:19.759+0000] {http.py:121} INFO - Calling HTTP method
[2023-04-26T00:27:19.790+0000] {base.py:71} INFO - Using connection ID 'user_api' for task execution.
[2023-04-26T00:27:19.792+0000] {http.py:148} INFO - Sending 'GET' to url: https://randomuser.me/api/
[2023-04-26T00:27:20.380+0000] {http.py:125} INFO - {"results":[{"gender":"male","name":{"title":"Mr","first":"Umut","last":"Çankaya"},"location":{"street":{"number":9778,"name":"Kushimoto Sk"},"city":"Kütahya","state":"Kırklareli","country":"Turkey","postcode":32460,"coordinates":{"latitude":"68.0198","longitude":"-35.8620"},"timezone":{"offset":"-9:00","description":"Alaska"}},"email":"umut.cankaya@example.com","login":{"uuid":"e41f3873-b40d-4a0c-bf58-5b3a6360e98a","username":"goldenlion429","password":"xxxx","salt":"TpdZOdXB","md5":"d8ca86481339850ac171c40bff9ce679","sha1":"223f7b6207bfcdef7986856011114d22058b4c69","sha256":"7a6d89af3ddad1e98e5f0233b3f542a9eda01721384e5b75d9a1c876d6336b14"},"dob":{"date":"1985-01-26T05:10:44.693Z","age":38},"registered":{"date":"2006-09-09T12:29:52.408Z","age":16},"phone":"(313)-086-5606","cell":"(291)-487-9412","id":{"name":"","value":null},"picture":{"large":"https://randomuser.me/api/portraits/men/67.jpg","medium":"https://randomuser.me/api/portraits/med/men/67.jpg","thumbnail":"https://randomuser.me/api/portraits/thumb/men/67.jpg"},"nat":"TR"}],"info":{"seed":"9377080b60654aee","results":1,"page":1,"version":"1.4"}}
[2023-04-26T00:27:20.449+0000] {taskinstance.py:1406} INFO - Marking task as SUCCESS. dag_id=user_processing, task_id=extract_user, execution_date=20230425T000000, start_date=20230426T002719, end_date=20230426T002720
[2023-04-26T00:27:20.544+0000] {local_task_job.py:164} INFO - Task exited with return code 0
[2023-04-26T00:27:20.584+0000] {local_task_job.py:273} INFO - 0 downstream tasks scheduled from follow-on schedule check
