[2023-04-26T06:40:21.819+0000] {taskinstance.py:1165} INFO - Dependencies all met for <TaskInstance: user_processing.extract_user manual__2023-04-26T06:40:17.658526+00:00 [queued]>
[2023-04-26T06:40:21.825+0000] {taskinstance.py:1165} INFO - Dependencies all met for <TaskInstance: user_processing.extract_user manual__2023-04-26T06:40:17.658526+00:00 [queued]>
[2023-04-26T06:40:21.826+0000] {taskinstance.py:1362} INFO - 
--------------------------------------------------------------------------------
[2023-04-26T06:40:21.826+0000] {taskinstance.py:1363} INFO - Starting attempt 1 of 1
[2023-04-26T06:40:21.826+0000] {taskinstance.py:1364} INFO - 
--------------------------------------------------------------------------------
[2023-04-26T06:40:21.833+0000] {taskinstance.py:1383} INFO - Executing <Task(SimpleHttpOperator): extract_user> on 2023-04-26 06:40:17.658526+00:00
[2023-04-26T06:40:21.838+0000] {standard_task_runner.py:55} INFO - Started process 911 to run task
[2023-04-26T06:40:21.842+0000] {standard_task_runner.py:82} INFO - Running: ['***', 'tasks', 'run', 'user_processing', 'extract_user', 'manual__2023-04-26T06:40:17.658526+00:00', '--job-id', '186', '--raw', '--subdir', 'DAGS_FOLDER/user_processing.py', '--cfg-path', '/tmp/tmpr_o7r_t8']
[2023-04-26T06:40:21.843+0000] {standard_task_runner.py:83} INFO - Job 186: Subtask extract_user
[2023-04-26T06:40:21.892+0000] {task_command.py:376} INFO - Running <TaskInstance: user_processing.extract_user manual__2023-04-26T06:40:17.658526+00:00 [running]> on host b0d118a97f46
[2023-04-26T06:40:21.936+0000] {taskinstance.py:1592} INFO - Exporting the following env vars:
AIRFLOW_CTX_DAG_OWNER=***
AIRFLOW_CTX_DAG_ID=user_processing
AIRFLOW_CTX_TASK_ID=extract_user
AIRFLOW_CTX_EXECUTION_DATE=2023-04-26T06:40:17.658526+00:00
AIRFLOW_CTX_TRY_NUMBER=1
AIRFLOW_CTX_DAG_RUN_ID=manual__2023-04-26T06:40:17.658526+00:00
[2023-04-26T06:40:21.937+0000] {http.py:121} INFO - Calling HTTP method
[2023-04-26T06:40:21.945+0000] {base.py:71} INFO - Using connection ID 'user_api' for task execution.
[2023-04-26T06:40:21.947+0000] {http.py:148} INFO - Sending 'GET' to url: https://randomuser.me/api/
[2023-04-26T06:40:22.449+0000] {http.py:125} INFO - {"results":[{"gender":"male","name":{"title":"Mr","first":"Emre","last":"Atan"},"location":{"street":{"number":4249,"name":"Mevlana Cd"},"city":"Kütahya","state":"Erzincan","country":"Turkey","postcode":23692,"coordinates":{"latitude":"67.1108","longitude":"-146.2678"},"timezone":{"offset":"-3:00","description":"Brazil, Buenos Aires, Georgetown"}},"email":"emre.atan@example.com","login":{"uuid":"4256e842-5021-45ec-b7b8-7d6547cbb425","username":"sadleopard524","password":"hiziad","salt":"vdifu5WC","md5":"912f31482c0a9a747c42c4983c40d229","sha1":"1c23a465048404c1211787ce24639f857e8c4bab","sha256":"7773510864b8514a44a5b3fd167519bfb728abc15b40bfa3e57cd86b72652e44"},"dob":{"date":"1991-05-27T18:35:18.769Z","age":31},"registered":{"date":"2010-12-29T06:58:23.402Z","age":12},"phone":"(247)-773-1305","cell":"(613)-830-1593","id":{"name":"","value":null},"picture":{"large":"https://randomuser.me/api/portraits/men/34.jpg","medium":"https://randomuser.me/api/portraits/med/men/34.jpg","thumbnail":"https://randomuser.me/api/portraits/thumb/men/34.jpg"},"nat":"TR"}],"info":{"seed":"d480d43d615fc7af","results":1,"page":1,"version":"1.4"}}
[2023-04-26T06:40:22.504+0000] {taskinstance.py:1406} INFO - Marking task as SUCCESS. dag_id=user_processing, task_id=extract_user, execution_date=20230426T064017, start_date=20230426T064021, end_date=20230426T064022
[2023-04-26T06:40:22.548+0000] {local_task_job.py:164} INFO - Task exited with return code 0
[2023-04-26T06:40:22.575+0000] {local_task_job.py:273} INFO - 1 downstream tasks scheduled from follow-on schedule check
