[2023-04-26T04:22:23.203+0000] {taskinstance.py:1165} INFO - Dependencies all met for <TaskInstance: user_processing.extract_user manual__2023-04-26T04:22:17.671249+00:00 [queued]>
[2023-04-26T04:22:23.211+0000] {taskinstance.py:1165} INFO - Dependencies all met for <TaskInstance: user_processing.extract_user manual__2023-04-26T04:22:17.671249+00:00 [queued]>
[2023-04-26T04:22:23.212+0000] {taskinstance.py:1362} INFO - 
--------------------------------------------------------------------------------
[2023-04-26T04:22:23.212+0000] {taskinstance.py:1363} INFO - Starting attempt 1 of 1
[2023-04-26T04:22:23.213+0000] {taskinstance.py:1364} INFO - 
--------------------------------------------------------------------------------
[2023-04-26T04:22:23.220+0000] {taskinstance.py:1383} INFO - Executing <Task(SimpleHttpOperator): extract_user> on 2023-04-26 04:22:17.671249+00:00
[2023-04-26T04:22:23.226+0000] {standard_task_runner.py:55} INFO - Started process 21635 to run task
[2023-04-26T04:22:23.230+0000] {standard_task_runner.py:82} INFO - Running: ['***', 'tasks', 'run', 'user_processing', 'extract_user', 'manual__2023-04-26T04:22:17.671249+00:00', '--job-id', '142', '--raw', '--subdir', 'DAGS_FOLDER/user_processing.py', '--cfg-path', '/tmp/tmppf1m8pvv']
[2023-04-26T04:22:23.232+0000] {standard_task_runner.py:83} INFO - Job 142: Subtask extract_user
[2023-04-26T04:22:23.286+0000] {task_command.py:376} INFO - Running <TaskInstance: user_processing.extract_user manual__2023-04-26T04:22:17.671249+00:00 [running]> on host bebb68623a17
[2023-04-26T04:22:23.338+0000] {taskinstance.py:1592} INFO - Exporting the following env vars:
AIRFLOW_CTX_DAG_OWNER=***
AIRFLOW_CTX_DAG_ID=user_processing
AIRFLOW_CTX_TASK_ID=extract_user
AIRFLOW_CTX_EXECUTION_DATE=2023-04-26T04:22:17.671249+00:00
AIRFLOW_CTX_TRY_NUMBER=1
AIRFLOW_CTX_DAG_RUN_ID=manual__2023-04-26T04:22:17.671249+00:00
[2023-04-26T04:22:23.339+0000] {http.py:121} INFO - Calling HTTP method
[2023-04-26T04:22:23.348+0000] {base.py:71} INFO - Using connection ID 'user_api' for task execution.
[2023-04-26T04:22:23.350+0000] {http.py:148} INFO - Sending 'GET' to url: https://randomuser.me/api/
[2023-04-26T04:22:24.367+0000] {http.py:125} INFO - {"results":[{"gender":"female","name":{"title":"Miss","first":"Angie","last":"Davies"},"location":{"street":{"number":2029,"name":"West Street"},"city":"Shannon","state":"Donegal","country":"Ireland","postcode":25745,"coordinates":{"latitude":"-0.1467","longitude":"5.3115"},"timezone":{"offset":"-3:00","description":"Brazil, Buenos Aires, Georgetown"}},"email":"angie.davies@example.com","login":{"uuid":"13153fd2-2c3b-4f64-b58c-f931586282fc","username":"smallwolf618","password":"madness","salt":"VpQ8zrUu","md5":"664536039d59e7e68379270e39a1e4cb","sha1":"c82ef5b929e17b9419321315140b239f966b3200","sha256":"1846a38a3a88a8b71e7954fbf7c2a059b3aa0bdf2b48326d5e28dae110292089"},"dob":{"date":"1957-01-25T11:33:59.691Z","age":66},"registered":{"date":"2004-05-02T13:24:30.411Z","age":18},"phone":"041-315-1971","cell":"081-080-6483","id":{"name":"PPS","value":"7473518T"},"picture":{"large":"https://randomuser.me/api/portraits/women/31.jpg","medium":"https://randomuser.me/api/portraits/med/women/31.jpg","thumbnail":"https://randomuser.me/api/portraits/thumb/women/31.jpg"},"nat":"IE"}],"info":{"seed":"e2a0ff19ac788a6a","results":1,"page":1,"version":"1.4"}}
[2023-04-26T04:22:24.421+0000] {taskinstance.py:1406} INFO - Marking task as SUCCESS. dag_id=user_processing, task_id=extract_user, execution_date=20230426T042217, start_date=20230426T042223, end_date=20230426T042224
[2023-04-26T04:22:24.475+0000] {local_task_job.py:164} INFO - Task exited with return code 0
[2023-04-26T04:22:24.499+0000] {local_task_job.py:273} INFO - 1 downstream tasks scheduled from follow-on schedule check
