[2023-04-25T13:39:17.471+0000] {taskinstance.py:1165} INFO - Dependencies all met for <TaskInstance: user_processing.is_api_available manual__2023-04-25T13:39:15.569649+00:00 [queued]>
[2023-04-25T13:39:17.477+0000] {taskinstance.py:1165} INFO - Dependencies all met for <TaskInstance: user_processing.is_api_available manual__2023-04-25T13:39:15.569649+00:00 [queued]>
[2023-04-25T13:39:17.478+0000] {taskinstance.py:1362} INFO - 
--------------------------------------------------------------------------------
[2023-04-25T13:39:17.478+0000] {taskinstance.py:1363} INFO - Starting attempt 1 of 1
[2023-04-25T13:39:17.478+0000] {taskinstance.py:1364} INFO - 
--------------------------------------------------------------------------------
[2023-04-25T13:39:17.486+0000] {taskinstance.py:1383} INFO - Executing <Task(HttpSensor): is_api_available> on 2023-04-25 13:39:15.569649+00:00
[2023-04-25T13:39:17.490+0000] {standard_task_runner.py:55} INFO - Started process 14469 to run task
[2023-04-25T13:39:17.494+0000] {standard_task_runner.py:82} INFO - Running: ['***', 'tasks', 'run', 'user_processing', 'is_api_available', 'manual__2023-04-25T13:39:15.569649+00:00', '--job-id', '95', '--raw', '--subdir', 'DAGS_FOLDER/user_processing.py', '--cfg-path', '/tmp/tmppe98du0x']
[2023-04-25T13:39:17.496+0000] {standard_task_runner.py:83} INFO - Job 95: Subtask is_api_available
[2023-04-25T13:39:17.545+0000] {task_command.py:376} INFO - Running <TaskInstance: user_processing.is_api_available manual__2023-04-25T13:39:15.569649+00:00 [running]> on host bebb68623a17
[2023-04-25T13:39:17.590+0000] {taskinstance.py:1592} INFO - Exporting the following env vars:
AIRFLOW_CTX_DAG_OWNER=***
AIRFLOW_CTX_DAG_ID=user_processing
AIRFLOW_CTX_TASK_ID=is_api_available
AIRFLOW_CTX_EXECUTION_DATE=2023-04-25T13:39:15.569649+00:00
AIRFLOW_CTX_TRY_NUMBER=1
AIRFLOW_CTX_DAG_RUN_ID=manual__2023-04-25T13:39:15.569649+00:00
[2023-04-25T13:39:17.592+0000] {http.py:120} INFO - Poking: api/
[2023-04-25T13:39:17.600+0000] {base.py:71} INFO - Using connection ID 'user_api' for task execution.
[2023-04-25T13:39:17.602+0000] {http.py:148} INFO - Sending 'GET' to url: https://randomuser.me/api/
[2023-04-25T13:39:18.076+0000] {base.py:213} INFO - Success criteria met. Exiting.
[2023-04-25T13:39:18.108+0000] {taskinstance.py:1406} INFO - Marking task as SUCCESS. dag_id=user_processing, task_id=is_api_available, execution_date=20230425T133915, start_date=20230425T133917, end_date=20230425T133918
[2023-04-25T13:39:18.168+0000] {local_task_job.py:164} INFO - Task exited with return code 0
[2023-04-25T13:39:18.202+0000] {local_task_job.py:273} INFO - 1 downstream tasks scheduled from follow-on schedule check
