[2023-04-26T09:06:39.912+0000] {taskinstance.py:1165} INFO - Dependencies all met for <TaskInstance: user_processing.is_api_available manual__2023-04-26T09:06:37.658241+00:00 [queued]>
[2023-04-26T09:06:39.919+0000] {taskinstance.py:1165} INFO - Dependencies all met for <TaskInstance: user_processing.is_api_available manual__2023-04-26T09:06:37.658241+00:00 [queued]>
[2023-04-26T09:06:39.920+0000] {taskinstance.py:1362} INFO - 
--------------------------------------------------------------------------------
[2023-04-26T09:06:39.921+0000] {taskinstance.py:1363} INFO - Starting attempt 1 of 1
[2023-04-26T09:06:39.921+0000] {taskinstance.py:1364} INFO - 
--------------------------------------------------------------------------------
[2023-04-26T09:06:39.930+0000] {taskinstance.py:1383} INFO - Executing <Task(HttpSensor): is_api_available> on 2023-04-26 09:06:37.658241+00:00
[2023-04-26T09:06:39.935+0000] {standard_task_runner.py:55} INFO - Started process 1925 to run task
[2023-04-26T09:06:39.939+0000] {standard_task_runner.py:82} INFO - Running: ['***', 'tasks', 'run', 'user_processing', 'is_api_available', 'manual__2023-04-26T09:06:37.658241+00:00', '--job-id', '229', '--raw', '--subdir', 'DAGS_FOLDER/user_processing.py', '--cfg-path', '/tmp/tmpwc7h8bag']
[2023-04-26T09:06:39.941+0000] {standard_task_runner.py:83} INFO - Job 229: Subtask is_api_available
[2023-04-26T09:06:40.002+0000] {task_command.py:376} INFO - Running <TaskInstance: user_processing.is_api_available manual__2023-04-26T09:06:37.658241+00:00 [running]> on host c452347a64f2
[2023-04-26T09:06:40.060+0000] {taskinstance.py:1592} INFO - Exporting the following env vars:
AIRFLOW_CTX_DAG_OWNER=***
AIRFLOW_CTX_DAG_ID=user_processing
AIRFLOW_CTX_TASK_ID=is_api_available
AIRFLOW_CTX_EXECUTION_DATE=2023-04-26T09:06:37.658241+00:00
AIRFLOW_CTX_TRY_NUMBER=1
AIRFLOW_CTX_DAG_RUN_ID=manual__2023-04-26T09:06:37.658241+00:00
[2023-04-26T09:06:40.062+0000] {http.py:120} INFO - Poking: api/
[2023-04-26T09:06:40.071+0000] {base.py:71} INFO - Using connection ID 'user_api' for task execution.
[2023-04-26T09:06:40.073+0000] {http.py:148} INFO - Sending 'GET' to url: https://randomuser.me/api/
[2023-04-26T09:06:41.262+0000] {base.py:213} INFO - Success criteria met. Exiting.
[2023-04-26T09:06:41.276+0000] {taskinstance.py:1406} INFO - Marking task as SUCCESS. dag_id=user_processing, task_id=is_api_available, execution_date=20230426T090637, start_date=20230426T090639, end_date=20230426T090641
[2023-04-26T09:06:41.333+0000] {local_task_job.py:164} INFO - Task exited with return code 0
[2023-04-26T09:06:41.376+0000] {local_task_job.py:273} INFO - 1 downstream tasks scheduled from follow-on schedule check
