[2023-04-26T03:45:01.910+0000] {taskinstance.py:1165} INFO - Dependencies all met for <TaskInstance: user_processing.extract_user manual__2023-04-26T03:44:57.818201+00:00 [queued]>
[2023-04-26T03:45:01.916+0000] {taskinstance.py:1165} INFO - Dependencies all met for <TaskInstance: user_processing.extract_user manual__2023-04-26T03:44:57.818201+00:00 [queued]>
[2023-04-26T03:45:01.917+0000] {taskinstance.py:1362} INFO - 
--------------------------------------------------------------------------------
[2023-04-26T03:45:01.917+0000] {taskinstance.py:1363} INFO - Starting attempt 1 of 1
[2023-04-26T03:45:01.918+0000] {taskinstance.py:1364} INFO - 
--------------------------------------------------------------------------------
[2023-04-26T03:45:01.925+0000] {taskinstance.py:1383} INFO - Executing <Task(SimpleHttpOperator): extract_user> on 2023-04-26 03:44:57.818201+00:00
[2023-04-26T03:45:01.929+0000] {standard_task_runner.py:55} INFO - Started process 19701 to run task
[2023-04-26T03:45:01.933+0000] {standard_task_runner.py:82} INFO - Running: ['***', 'tasks', 'run', 'user_processing', 'extract_user', 'manual__2023-04-26T03:44:57.818201+00:00', '--job-id', '124', '--raw', '--subdir', 'DAGS_FOLDER/user_processing.py', '--cfg-path', '/tmp/tmp333fp2vv']
[2023-04-26T03:45:01.935+0000] {standard_task_runner.py:83} INFO - Job 124: Subtask extract_user
[2023-04-26T03:45:01.985+0000] {task_command.py:376} INFO - Running <TaskInstance: user_processing.extract_user manual__2023-04-26T03:44:57.818201+00:00 [running]> on host bebb68623a17
[2023-04-26T03:45:02.031+0000] {taskinstance.py:1592} INFO - Exporting the following env vars:
AIRFLOW_CTX_DAG_OWNER=***
AIRFLOW_CTX_DAG_ID=user_processing
AIRFLOW_CTX_TASK_ID=extract_user
AIRFLOW_CTX_EXECUTION_DATE=2023-04-26T03:44:57.818201+00:00
AIRFLOW_CTX_TRY_NUMBER=1
AIRFLOW_CTX_DAG_RUN_ID=manual__2023-04-26T03:44:57.818201+00:00
[2023-04-26T03:45:02.032+0000] {http.py:121} INFO - Calling HTTP method
[2023-04-26T03:45:02.040+0000] {base.py:71} INFO - Using connection ID 'user_api' for task execution.
[2023-04-26T03:45:02.041+0000] {http.py:148} INFO - Sending 'GET' to url: https://randomuser.me/api/
[2023-04-26T03:45:03.574+0000] {http.py:125} INFO - {"results":[{"gender":"female","name":{"title":"Miss","first":"ستایش","last":"کریمی"},"location":{"street":{"number":8336,"name":"کارگر شمالی"},"city":"کرج","state":"چهارمحال و بختیاری","country":"Iran","postcode":13000,"coordinates":{"latitude":"13.0811","longitude":"31.2630"},"timezone":{"offset":"+5:30","description":"Bombay, Calcutta, Madras, New Delhi"}},"email":"stysh.khrymy@example.com","login":{"uuid":"7d1bdfec-05d7-4f67-8eea-6a4eec43e7ad","username":"redgoose702","password":"trebor","salt":"u2E8ADa3","md5":"f06a4b02f6a2e2a33414d440de591800","sha1":"5ace8a4ecc10315f0ee5d8bb370d13fa4da9a2c9","sha256":"00416e9d26b0724179ffec97a01796274e705a0ea867c3de46110babbe2c28c1"},"dob":{"date":"1959-01-10T20:13:55.588Z","age":64},"registered":{"date":"2020-12-15T11:07:59.679Z","age":2},"phone":"072-29468045","cell":"0948-161-7762","id":{"name":"","value":null},"picture":{"large":"https://randomuser.me/api/portraits/women/88.jpg","medium":"https://randomuser.me/api/portraits/med/women/88.jpg","thumbnail":"https://randomuser.me/api/portraits/thumb/women/88.jpg"},"nat":"IR"}],"info":{"seed":"426f56b78465ed9e","results":1,"page":1,"version":"1.4"}}
[2023-04-26T03:45:03.595+0000] {taskinstance.py:1406} INFO - Marking task as SUCCESS. dag_id=user_processing, task_id=extract_user, execution_date=20230426T034457, start_date=20230426T034501, end_date=20230426T034503
[2023-04-26T03:45:03.628+0000] {local_task_job.py:164} INFO - Task exited with return code 0
[2023-04-26T03:45:03.646+0000] {local_task_job.py:273} INFO - 1 downstream tasks scheduled from follow-on schedule check
