[2023-04-25T12:57:57.945+0000] {taskinstance.py:1165} INFO - Dependencies all met for <TaskInstance: user_processing.extract_user manual__2023-04-25T12:57:56.601566+00:00 [queued]>
[2023-04-25T12:57:57.958+0000] {taskinstance.py:1165} INFO - Dependencies all met for <TaskInstance: user_processing.extract_user manual__2023-04-25T12:57:56.601566+00:00 [queued]>
[2023-04-25T12:57:57.959+0000] {taskinstance.py:1362} INFO - 
--------------------------------------------------------------------------------
[2023-04-25T12:57:57.959+0000] {taskinstance.py:1363} INFO - Starting attempt 1 of 1
[2023-04-25T12:57:57.960+0000] {taskinstance.py:1364} INFO - 
--------------------------------------------------------------------------------
[2023-04-25T12:57:57.974+0000] {taskinstance.py:1383} INFO - Executing <Task(SimpleHttpOperator): extract_user> on 2023-04-25 12:57:56.601566+00:00
[2023-04-25T12:57:57.980+0000] {standard_task_runner.py:55} INFO - Started process 12233 to run task
[2023-04-25T12:57:57.988+0000] {standard_task_runner.py:82} INFO - Running: ['***', 'tasks', 'run', 'user_processing', 'extract_user', 'manual__2023-04-25T12:57:56.601566+00:00', '--job-id', '32', '--raw', '--subdir', 'DAGS_FOLDER/user_processing.py', '--cfg-path', '/tmp/tmpov35t2fz']
[2023-04-25T12:57:57.989+0000] {standard_task_runner.py:83} INFO - Job 32: Subtask extract_user
[2023-04-25T12:57:58.079+0000] {task_command.py:376} INFO - Running <TaskInstance: user_processing.extract_user manual__2023-04-25T12:57:56.601566+00:00 [running]> on host bebb68623a17
[2023-04-25T12:57:58.160+0000] {taskinstance.py:1592} INFO - Exporting the following env vars:
AIRFLOW_CTX_DAG_OWNER=***
AIRFLOW_CTX_DAG_ID=user_processing
AIRFLOW_CTX_TASK_ID=extract_user
AIRFLOW_CTX_EXECUTION_DATE=2023-04-25T12:57:56.601566+00:00
AIRFLOW_CTX_TRY_NUMBER=1
AIRFLOW_CTX_DAG_RUN_ID=manual__2023-04-25T12:57:56.601566+00:00
[2023-04-25T12:57:58.161+0000] {http.py:121} INFO - Calling HTTP method
[2023-04-25T12:57:58.182+0000] {base.py:71} INFO - Using connection ID 'user_api' for task execution.
[2023-04-25T12:57:58.185+0000] {http.py:148} INFO - Sending 'GET' to url: https://randomuser.me/api/
[2023-04-25T12:57:58.583+0000] {http.py:125} INFO - {"results":[{"gender":"male","name":{"title":"Mr","first":"Jurrian","last":"Dreijer"},"location":{"street":{"number":6525,"name":"Havenoord"},"city":"Soesterberg","state":"Limburg","country":"Netherlands","postcode":"4237 WI","coordinates":{"latitude":"32.2743","longitude":"-52.2191"},"timezone":{"offset":"+7:00","description":"Bangkok, Hanoi, Jakarta"}},"email":"jurrian.dreijer@example.com","login":{"uuid":"72daac79-2f4b-4945-b679-95789cda5c34","username":"lazymeercat614","password":"gryphon","salt":"i0sRJrwC","md5":"f4c700e5eea318839989fded06b13f1b","sha1":"6166708093071df54656f813b9220ff61f7539c8","sha256":"0b21c4cc5ffaa27c8961067a6e4d3da70a6d95c0c603b6ccadc8eb72fbcbfabd"},"dob":{"date":"1963-04-15T10:45:05.444Z","age":60},"registered":{"date":"2011-02-25T07:35:16.531Z","age":12},"phone":"(0312) 904392","cell":"(06) 68157317","id":{"name":"BSN","value":"26975486"},"picture":{"large":"https://randomuser.me/api/portraits/men/55.jpg","medium":"https://randomuser.me/api/portraits/med/men/55.jpg","thumbnail":"https://randomuser.me/api/portraits/thumb/men/55.jpg"},"nat":"NL"}],"info":{"seed":"54cecd4e42f7bd08","results":1,"page":1,"version":"1.4"}}
[2023-04-25T12:57:58.641+0000] {taskinstance.py:1406} INFO - Marking task as SUCCESS. dag_id=user_processing, task_id=extract_user, execution_date=20230425T125756, start_date=20230425T125757, end_date=20230425T125758
[2023-04-25T12:57:58.687+0000] {local_task_job.py:164} INFO - Task exited with return code 0
[2023-04-25T12:57:58.703+0000] {local_task_job.py:273} INFO - 0 downstream tasks scheduled from follow-on schedule check
