[2023-04-26T04:51:59.477+0000] {taskinstance.py:1165} INFO - Dependencies all met for <TaskInstance: user_processing.extract_user manual__2023-04-26T04:51:55.628027+00:00 [queued]>
[2023-04-26T04:51:59.484+0000] {taskinstance.py:1165} INFO - Dependencies all met for <TaskInstance: user_processing.extract_user manual__2023-04-26T04:51:55.628027+00:00 [queued]>
[2023-04-26T04:51:59.485+0000] {taskinstance.py:1362} INFO - 
--------------------------------------------------------------------------------
[2023-04-26T04:51:59.485+0000] {taskinstance.py:1363} INFO - Starting attempt 1 of 1
[2023-04-26T04:51:59.485+0000] {taskinstance.py:1364} INFO - 
--------------------------------------------------------------------------------
[2023-04-26T04:51:59.492+0000] {taskinstance.py:1383} INFO - Executing <Task(SimpleHttpOperator): extract_user> on 2023-04-26 04:51:55.628027+00:00
[2023-04-26T04:51:59.497+0000] {standard_task_runner.py:55} INFO - Started process 23196 to run task
[2023-04-26T04:51:59.501+0000] {standard_task_runner.py:82} INFO - Running: ['***', 'tasks', 'run', 'user_processing', 'extract_user', 'manual__2023-04-26T04:51:55.628027+00:00', '--job-id', '162', '--raw', '--subdir', 'DAGS_FOLDER/user_processing.py', '--cfg-path', '/tmp/tmpr38q4kav']
[2023-04-26T04:51:59.503+0000] {standard_task_runner.py:83} INFO - Job 162: Subtask extract_user
[2023-04-26T04:51:59.553+0000] {task_command.py:376} INFO - Running <TaskInstance: user_processing.extract_user manual__2023-04-26T04:51:55.628027+00:00 [running]> on host bebb68623a17
[2023-04-26T04:51:59.600+0000] {taskinstance.py:1592} INFO - Exporting the following env vars:
AIRFLOW_CTX_DAG_OWNER=***
AIRFLOW_CTX_DAG_ID=user_processing
AIRFLOW_CTX_TASK_ID=extract_user
AIRFLOW_CTX_EXECUTION_DATE=2023-04-26T04:51:55.628027+00:00
AIRFLOW_CTX_TRY_NUMBER=1
AIRFLOW_CTX_DAG_RUN_ID=manual__2023-04-26T04:51:55.628027+00:00
[2023-04-26T04:51:59.601+0000] {http.py:121} INFO - Calling HTTP method
[2023-04-26T04:51:59.609+0000] {base.py:71} INFO - Using connection ID 'user_api' for task execution.
[2023-04-26T04:51:59.610+0000] {http.py:148} INFO - Sending 'GET' to url: https://randomuser.me/api/
[2023-04-26T04:52:00.221+0000] {http.py:125} INFO - {"results":[{"gender":"male","name":{"title":"Mr","first":"Gradislav","last":"Lebedinskiy"},"location":{"street":{"number":4877,"name":"Ploshcha Gasina"},"city":"Vinniki","state":"Hersonska","country":"Ukraine","postcode":83603,"coordinates":{"latitude":"80.4283","longitude":"-23.7477"},"timezone":{"offset":"+4:00","description":"Abu Dhabi, Muscat, Baku, Tbilisi"}},"email":"gradislav.lebedinskiy@example.com","login":{"uuid":"4797b2dd-0add-44d7-a301-2ea850b9948e","username":"angrybutterfly228","password":"commande","salt":"bP1ZrYB3","md5":"7fbce36d581714ec5210dcf2cc3ea651","sha1":"e3b047c3d45848c8f9b1e14959bb5c71b1cbc165","sha256":"b9ab8deb5f016688074d98db4cf7360417bf743630d8ba5bf575d25c50e0a1c2"},"dob":{"date":"1995-07-18T16:59:43.790Z","age":27},"registered":{"date":"2015-02-22T12:46:16.432Z","age":8},"phone":"(068) A65-5358","cell":"(099) S07-2795","id":{"name":"","value":null},"picture":{"large":"https://randomuser.me/api/portraits/men/53.jpg","medium":"https://randomuser.me/api/portraits/med/men/53.jpg","thumbnail":"https://randomuser.me/api/portraits/thumb/men/53.jpg"},"nat":"UA"}],"info":{"seed":"224f81efc0eb2cef","results":1,"page":1,"version":"1.4"}}
[2023-04-26T04:52:00.276+0000] {taskinstance.py:1406} INFO - Marking task as SUCCESS. dag_id=user_processing, task_id=extract_user, execution_date=20230426T045155, start_date=20230426T045159, end_date=20230426T045200
[2023-04-26T04:52:00.335+0000] {local_task_job.py:164} INFO - Task exited with return code 0
[2023-04-26T04:52:00.357+0000] {local_task_job.py:273} INFO - 1 downstream tasks scheduled from follow-on schedule check
