[2023-04-26T10:59:45.428+0000] {taskinstance.py:1165} INFO - Dependencies all met for <TaskInstance: dag2.dummy_task manual__2023-04-26T10:59:44.132579+00:00 [queued]>
[2023-04-26T10:59:45.435+0000] {taskinstance.py:1165} INFO - Dependencies all met for <TaskInstance: dag2.dummy_task manual__2023-04-26T10:59:44.132579+00:00 [queued]>
[2023-04-26T10:59:45.436+0000] {taskinstance.py:1362} INFO - 
--------------------------------------------------------------------------------
[2023-04-26T10:59:45.437+0000] {taskinstance.py:1363} INFO - Starting attempt 1 of 1
[2023-04-26T10:59:45.437+0000] {taskinstance.py:1364} INFO - 
--------------------------------------------------------------------------------
[2023-04-26T10:59:45.445+0000] {taskinstance.py:1383} INFO - Executing <Task(PythonOperator): dummy_task> on 2023-04-26 10:59:44.132579+00:00
[2023-04-26T10:59:45.451+0000] {standard_task_runner.py:55} INFO - Started process 485 to run task
[2023-04-26T10:59:45.455+0000] {standard_task_runner.py:82} INFO - Running: ['***', 'tasks', 'run', 'dag2', 'dummy_task', 'manual__2023-04-26T10:59:44.132579+00:00', '--job-id', '266', '--raw', '--subdir', 'DAGS_FOLDER/dag2.py', '--cfg-path', '/tmp/tmpvze0lgo1']
[2023-04-26T10:59:45.455+0000] {standard_task_runner.py:83} INFO - Job 266: Subtask dummy_task
[2023-04-26T10:59:45.524+0000] {task_command.py:376} INFO - Running <TaskInstance: dag2.dummy_task manual__2023-04-26T10:59:44.132579+00:00 [running]> on host 641cb7472cb1
[2023-04-26T10:59:45.579+0000] {taskinstance.py:1592} INFO - Exporting the following env vars:
AIRFLOW_CTX_DAG_OWNER=***
AIRFLOW_CTX_DAG_ID=dag2
AIRFLOW_CTX_TASK_ID=dummy_task
AIRFLOW_CTX_EXECUTION_DATE=2023-04-26T10:59:44.132579+00:00
AIRFLOW_CTX_TRY_NUMBER=1
AIRFLOW_CTX_DAG_RUN_ID=manual__2023-04-26T10:59:44.132579+00:00
[2023-04-26T10:59:45.580+0000] {logging_mixin.py:120} INFO - hello world
[2023-04-26T10:59:45.581+0000] {python.py:177} INFO - Done. Returned value was: None
[2023-04-26T10:59:45.592+0000] {taskinstance.py:1406} INFO - Marking task as SUCCESS. dag_id=dag2, task_id=dummy_task, execution_date=20230426T105944, start_date=20230426T105945, end_date=20230426T105945
[2023-04-26T10:59:45.627+0000] {local_task_job.py:164} INFO - Task exited with return code 0
[2023-04-26T10:59:45.645+0000] {local_task_job.py:273} INFO - 1 downstream tasks scheduled from follow-on schedule check
