[2023-04-26T07:05:59.207+0000] {taskinstance.py:1165} INFO - Dependencies all met for <TaskInstance: user_processing.process_user manual__2023-04-26T07:05:52.920197+00:00 [queued]>
[2023-04-26T07:05:59.212+0000] {taskinstance.py:1165} INFO - Dependencies all met for <TaskInstance: user_processing.process_user manual__2023-04-26T07:05:52.920197+00:00 [queued]>
[2023-04-26T07:05:59.213+0000] {taskinstance.py:1362} INFO - 
--------------------------------------------------------------------------------
[2023-04-26T07:05:59.213+0000] {taskinstance.py:1363} INFO - Starting attempt 1 of 1
[2023-04-26T07:05:59.213+0000] {taskinstance.py:1364} INFO - 
--------------------------------------------------------------------------------
[2023-04-26T07:05:59.220+0000] {taskinstance.py:1383} INFO - Executing <Task(PythonOperator): process_user> on 2023-04-26 07:05:52.920197+00:00
[2023-04-26T07:05:59.225+0000] {standard_task_runner.py:55} INFO - Started process 2235 to run task
[2023-04-26T07:05:59.229+0000] {standard_task_runner.py:82} INFO - Running: ['***', 'tasks', 'run', 'user_processing', 'process_user', 'manual__2023-04-26T07:05:52.920197+00:00', '--job-id', '197', '--raw', '--subdir', 'DAGS_FOLDER/user_processing.py', '--cfg-path', '/tmp/tmp_ot_wbhd']
[2023-04-26T07:05:59.231+0000] {standard_task_runner.py:83} INFO - Job 197: Subtask process_user
[2023-04-26T07:05:59.278+0000] {task_command.py:376} INFO - Running <TaskInstance: user_processing.process_user manual__2023-04-26T07:05:52.920197+00:00 [running]> on host b0d118a97f46
[2023-04-26T07:05:59.322+0000] {taskinstance.py:1592} INFO - Exporting the following env vars:
AIRFLOW_CTX_DAG_OWNER=***
AIRFLOW_CTX_DAG_ID=user_processing
AIRFLOW_CTX_TASK_ID=process_user
AIRFLOW_CTX_EXECUTION_DATE=2023-04-26T07:05:52.920197+00:00
AIRFLOW_CTX_TRY_NUMBER=1
AIRFLOW_CTX_DAG_RUN_ID=manual__2023-04-26T07:05:52.920197+00:00
[2023-04-26T07:05:59.341+0000] {python.py:177} INFO - Done. Returned value was: None
[2023-04-26T07:05:59.351+0000] {taskinstance.py:1406} INFO - Marking task as SUCCESS. dag_id=user_processing, task_id=process_user, execution_date=20230426T070552, start_date=20230426T070559, end_date=20230426T070559
[2023-04-26T07:05:59.400+0000] {local_task_job.py:164} INFO - Task exited with return code 0
[2023-04-26T07:05:59.418+0000] {local_task_job.py:273} INFO - 1 downstream tasks scheduled from follow-on schedule check
