[2023-04-25T12:54:01.241+0000] {taskinstance.py:1165} INFO - Dependencies all met for <TaskInstance: user_processing.extract_user manual__2023-04-25T12:54:00.063625+00:00 [queued]>
[2023-04-25T12:54:01.251+0000] {taskinstance.py:1165} INFO - Dependencies all met for <TaskInstance: user_processing.extract_user manual__2023-04-25T12:54:00.063625+00:00 [queued]>
[2023-04-25T12:54:01.252+0000] {taskinstance.py:1362} INFO - 
--------------------------------------------------------------------------------
[2023-04-25T12:54:01.253+0000] {taskinstance.py:1363} INFO - Starting attempt 1 of 1
[2023-04-25T12:54:01.253+0000] {taskinstance.py:1364} INFO - 
--------------------------------------------------------------------------------
[2023-04-25T12:54:01.269+0000] {taskinstance.py:1383} INFO - Executing <Task(SimpleHttpOperator): extract_user> on 2023-04-25 12:54:00.063625+00:00
[2023-04-25T12:54:01.277+0000] {standard_task_runner.py:55} INFO - Started process 12016 to run task
[2023-04-25T12:54:01.285+0000] {standard_task_runner.py:82} INFO - Running: ['***', 'tasks', 'run', 'user_processing', 'extract_user', 'manual__2023-04-25T12:54:00.063625+00:00', '--job-id', '24', '--raw', '--subdir', 'DAGS_FOLDER/user_processing.py', '--cfg-path', '/tmp/tmp0d1n8sje']
[2023-04-25T12:54:01.286+0000] {standard_task_runner.py:83} INFO - Job 24: Subtask extract_user
[2023-04-25T12:54:01.384+0000] {task_command.py:376} INFO - Running <TaskInstance: user_processing.extract_user manual__2023-04-25T12:54:00.063625+00:00 [running]> on host bebb68623a17
[2023-04-25T12:54:01.462+0000] {taskinstance.py:1592} INFO - Exporting the following env vars:
AIRFLOW_CTX_DAG_OWNER=***
AIRFLOW_CTX_DAG_ID=user_processing
AIRFLOW_CTX_TASK_ID=extract_user
AIRFLOW_CTX_EXECUTION_DATE=2023-04-25T12:54:00.063625+00:00
AIRFLOW_CTX_TRY_NUMBER=1
AIRFLOW_CTX_DAG_RUN_ID=manual__2023-04-25T12:54:00.063625+00:00
[2023-04-25T12:54:01.463+0000] {http.py:121} INFO - Calling HTTP method
[2023-04-25T12:54:01.481+0000] {base.py:71} INFO - Using connection ID 'user_api' for task execution.
[2023-04-25T12:54:01.483+0000] {http.py:148} INFO - Sending 'GET' to url: https://randomuser.me/api/
[2023-04-25T12:54:01.986+0000] {http.py:125} INFO - {"results":[{"gender":"male","name":{"title":"Mr","first":"Maximiliano","last":"Gamboa"},"location":{"street":{"number":1625,"name":"Viaducto Tirado"},"city":"Hueytepec","state":"Nayarit","country":"Mexico","postcode":51506,"coordinates":{"latitude":"25.1537","longitude":"-169.7609"},"timezone":{"offset":"+3:00","description":"Baghdad, Riyadh, Moscow, St. Petersburg"}},"email":"maximiliano.gamboa@example.com","login":{"uuid":"a582f587-3441-45bc-9861-03dda478a173","username":"greenbird126","password":"kittykat","salt":"pqrgtTV2","md5":"470fbc4e63085a68afe9221e6f4bace9","sha1":"fe94339bd77c11b12873f904eb7588a3771eb4db","sha256":"56d3f864830752bf54913c3def2add659ef0ad78fcc077cbe13f3f8fd3c4bb25"},"dob":{"date":"1957-04-07T10:01:10.623Z","age":66},"registered":{"date":"2019-08-21T16:42:20.344Z","age":3},"phone":"(662) 456 1425","cell":"(678) 073 1994","id":{"name":"NSS","value":"72 56 59 1405 6"},"picture":{"large":"https://randomuser.me/api/portraits/men/83.jpg","medium":"https://randomuser.me/api/portraits/med/men/83.jpg","thumbnail":"https://randomuser.me/api/portraits/thumb/men/83.jpg"},"nat":"MX"}],"info":{"seed":"6d1e1746c56581ac","results":1,"page":1,"version":"1.4"}}
[2023-04-25T12:54:02.008+0000] {taskinstance.py:1406} INFO - Marking task as SUCCESS. dag_id=user_processing, task_id=extract_user, execution_date=20230425T125400, start_date=20230425T125401, end_date=20230425T125402
[2023-04-25T12:54:02.058+0000] {local_task_job.py:164} INFO - Task exited with return code 0
[2023-04-25T12:54:02.072+0000] {local_task_job.py:273} INFO - 0 downstream tasks scheduled from follow-on schedule check
