[2023-04-25T13:27:41.312+0000] {taskinstance.py:1165} INFO - Dependencies all met for <TaskInstance: user_processing.retrieve_value manual__2023-04-25T13:27:39.507657+00:00 [queued]>
[2023-04-25T13:27:41.321+0000] {taskinstance.py:1165} INFO - Dependencies all met for <TaskInstance: user_processing.retrieve_value manual__2023-04-25T13:27:39.507657+00:00 [queued]>
[2023-04-25T13:27:41.321+0000] {taskinstance.py:1362} INFO - 
--------------------------------------------------------------------------------
[2023-04-25T13:27:41.322+0000] {taskinstance.py:1363} INFO - Starting attempt 1 of 1
[2023-04-25T13:27:41.323+0000] {taskinstance.py:1364} INFO - 
--------------------------------------------------------------------------------
[2023-04-25T13:27:41.338+0000] {taskinstance.py:1383} INFO - Executing <Task(PythonOperator): retrieve_value> on 2023-04-25 13:27:39.507657+00:00
[2023-04-25T13:27:41.350+0000] {standard_task_runner.py:55} INFO - Started process 13817 to run task
[2023-04-25T13:27:41.355+0000] {standard_task_runner.py:82} INFO - Running: ['***', 'tasks', 'run', 'user_processing', 'retrieve_value', 'manual__2023-04-25T13:27:39.507657+00:00', '--job-id', '70', '--raw', '--subdir', 'DAGS_FOLDER/user_processing.py', '--cfg-path', '/tmp/tmpf1_hxd3y']
[2023-04-25T13:27:41.359+0000] {standard_task_runner.py:83} INFO - Job 70: Subtask retrieve_value
[2023-04-25T13:27:41.488+0000] {task_command.py:376} INFO - Running <TaskInstance: user_processing.retrieve_value manual__2023-04-25T13:27:39.507657+00:00 [running]> on host bebb68623a17
[2023-04-25T13:27:41.584+0000] {taskinstance.py:1592} INFO - Exporting the following env vars:
AIRFLOW_CTX_DAG_OWNER=***
AIRFLOW_CTX_DAG_ID=user_processing
AIRFLOW_CTX_TASK_ID=retrieve_value
AIRFLOW_CTX_EXECUTION_DATE=2023-04-25T13:27:39.507657+00:00
AIRFLOW_CTX_TRY_NUMBER=1
AIRFLOW_CTX_DAG_RUN_ID=manual__2023-04-25T13:27:39.507657+00:00
[2023-04-25T13:27:41.606+0000] {logging_mixin.py:120} INFO - None
[2023-04-25T13:27:41.606+0000] {python.py:177} INFO - Done. Returned value was: None
[2023-04-25T13:27:41.621+0000] {taskinstance.py:1406} INFO - Marking task as SUCCESS. dag_id=user_processing, task_id=retrieve_value, execution_date=20230425T132739, start_date=20230425T132741, end_date=20230425T132741
[2023-04-25T13:27:41.647+0000] {local_task_job.py:164} INFO - Task exited with return code 0
[2023-04-25T13:27:41.667+0000] {local_task_job.py:273} INFO - 0 downstream tasks scheduled from follow-on schedule check
