[2023-04-25T08:53:48.291+0000] {taskinstance.py:1165} INFO - Dependencies all met for <TaskInstance: example_bash_operator.run_after_loop scheduled__2023-04-24T00:00:00+00:00 [queued]>
[2023-04-25T08:53:48.297+0000] {taskinstance.py:1165} INFO - Dependencies all met for <TaskInstance: example_bash_operator.run_after_loop scheduled__2023-04-24T00:00:00+00:00 [queued]>
[2023-04-25T08:53:48.298+0000] {taskinstance.py:1362} INFO - 
--------------------------------------------------------------------------------
[2023-04-25T08:53:48.298+0000] {taskinstance.py:1363} INFO - Starting attempt 1 of 1
[2023-04-25T08:53:48.298+0000] {taskinstance.py:1364} INFO - 
--------------------------------------------------------------------------------
[2023-04-25T08:53:48.306+0000] {taskinstance.py:1383} INFO - Executing <Task(BashOperator): run_after_loop> on 2023-04-24 00:00:00+00:00
[2023-04-25T08:53:48.310+0000] {standard_task_runner.py:55} INFO - Started process 2374 to run task
[2023-04-25T08:53:48.314+0000] {standard_task_runner.py:82} INFO - Running: ['***', 'tasks', 'run', 'example_bash_operator', 'run_after_loop', 'scheduled__2023-04-24T00:00:00+00:00', '--job-id', '8', '--raw', '--subdir', '/home/***/.local/lib/python3.7/site-packages/***/example_dags/example_bash_operator.py', '--cfg-path', '/tmp/tmpwryipv7j']
[2023-04-25T08:53:48.314+0000] {standard_task_runner.py:83} INFO - Job 8: Subtask run_after_loop
[2023-04-25T08:53:48.363+0000] {task_command.py:376} INFO - Running <TaskInstance: example_bash_operator.run_after_loop scheduled__2023-04-24T00:00:00+00:00 [running]> on host bebb68623a17
[2023-04-25T08:53:48.409+0000] {taskinstance.py:1592} INFO - Exporting the following env vars:
AIRFLOW_CTX_DAG_OWNER=***
AIRFLOW_CTX_DAG_ID=example_bash_operator
AIRFLOW_CTX_TASK_ID=run_after_loop
AIRFLOW_CTX_EXECUTION_DATE=2023-04-24T00:00:00+00:00
AIRFLOW_CTX_TRY_NUMBER=1
AIRFLOW_CTX_DAG_RUN_ID=scheduled__2023-04-24T00:00:00+00:00
[2023-04-25T08:53:48.410+0000] {subprocess.py:63} INFO - Tmp dir root location: 
 /tmp
[2023-04-25T08:53:48.411+0000] {subprocess.py:75} INFO - Running command: ['/bin/bash', '-c', 'echo 1']
[2023-04-25T08:53:48.420+0000] {subprocess.py:86} INFO - Output:
[2023-04-25T08:53:48.422+0000] {subprocess.py:93} INFO - 1
[2023-04-25T08:53:48.422+0000] {subprocess.py:97} INFO - Command exited with return code 0
[2023-04-25T08:53:48.441+0000] {taskinstance.py:1406} INFO - Marking task as SUCCESS. dag_id=example_bash_operator, task_id=run_after_loop, execution_date=20230424T000000, start_date=20230425T085348, end_date=20230425T085348
[2023-04-25T08:53:48.486+0000] {local_task_job.py:164} INFO - Task exited with return code 0
[2023-04-25T08:53:48.501+0000] {local_task_job.py:273} INFO - 0 downstream tasks scheduled from follow-on schedule check
