[2023-04-26T09:35:45.796+0000] {taskinstance.py:1165} INFO - Dependencies all met for <TaskInstance: dag1.insert_values manual__2023-04-26T09:35:44.967818+00:00 [queued]>
[2023-04-26T09:35:45.807+0000] {taskinstance.py:1165} INFO - Dependencies all met for <TaskInstance: dag1.insert_values manual__2023-04-26T09:35:44.967818+00:00 [queued]>
[2023-04-26T09:35:45.808+0000] {taskinstance.py:1362} INFO - 
--------------------------------------------------------------------------------
[2023-04-26T09:35:45.808+0000] {taskinstance.py:1363} INFO - Starting attempt 1 of 1
[2023-04-26T09:35:45.809+0000] {taskinstance.py:1364} INFO - 
--------------------------------------------------------------------------------
[2023-04-26T09:35:45.821+0000] {taskinstance.py:1383} INFO - Executing <Task(PostgresOperator): insert_values> on 2023-04-26 09:35:44.967818+00:00
[2023-04-26T09:35:45.828+0000] {standard_task_runner.py:55} INFO - Started process 3431 to run task
[2023-04-26T09:35:45.837+0000] {standard_task_runner.py:82} INFO - Running: ['***', 'tasks', 'run', 'dag1', 'insert_values', 'manual__2023-04-26T09:35:44.967818+00:00', '--job-id', '249', '--raw', '--subdir', 'DAGS_FOLDER/dag1.py', '--cfg-path', '/tmp/tmp4_b7r6vq']
[2023-04-26T09:35:45.838+0000] {standard_task_runner.py:83} INFO - Job 249: Subtask insert_values
[2023-04-26T09:35:45.947+0000] {task_command.py:376} INFO - Running <TaskInstance: dag1.insert_values manual__2023-04-26T09:35:44.967818+00:00 [running]> on host c452347a64f2
[2023-04-26T09:35:46.024+0000] {taskinstance.py:1592} INFO - Exporting the following env vars:
AIRFLOW_CTX_DAG_OWNER=***
AIRFLOW_CTX_DAG_ID=dag1
AIRFLOW_CTX_TASK_ID=insert_values
AIRFLOW_CTX_EXECUTION_DATE=2023-04-26T09:35:44.967818+00:00
AIRFLOW_CTX_TRY_NUMBER=1
AIRFLOW_CTX_DAG_RUN_ID=manual__2023-04-26T09:35:44.967818+00:00
[2023-04-26T09:35:46.035+0000] {base.py:71} INFO - Using connection ID 'postgres' for task execution.
[2023-04-26T09:35:46.043+0000] {sql.py:315} INFO - Running statement: 
            INSERT INTO employees (first_name, last_name, country, username, password, email)
            VALUES ('John', 'Doe', 'UK', 'johndoe10', 'pass1','johndoe@example.com'),
            ('Jane', 'Smith', 'USA','johnsmith14', 'pass2', 'janesmith@example.com'),
            ('James', 'Brown', 'USA','jamesbrown12', 'pass3','jamesbrown@example.com');
        , parameters: None
[2023-04-26T09:35:46.046+0000] {sql.py:324} INFO - Rows affected: 3
[2023-04-26T09:35:46.059+0000] {taskinstance.py:1406} INFO - Marking task as SUCCESS. dag_id=dag1, task_id=insert_values, execution_date=20230426T093544, start_date=20230426T093545, end_date=20230426T093546
[2023-04-26T09:35:46.088+0000] {local_task_job.py:164} INFO - Task exited with return code 0
[2023-04-26T09:35:46.116+0000] {local_task_job.py:273} INFO - 0 downstream tasks scheduled from follow-on schedule check
