[2023-04-26T04:24:06.324+0000] {taskinstance.py:1165} INFO - Dependencies all met for <TaskInstance: user_processing.extract_user manual__2023-04-26T04:24:02.139773+00:00 [queued]>
[2023-04-26T04:24:06.331+0000] {taskinstance.py:1165} INFO - Dependencies all met for <TaskInstance: user_processing.extract_user manual__2023-04-26T04:24:02.139773+00:00 [queued]>
[2023-04-26T04:24:06.331+0000] {taskinstance.py:1362} INFO - 
--------------------------------------------------------------------------------
[2023-04-26T04:24:06.332+0000] {taskinstance.py:1363} INFO - Starting attempt 1 of 1
[2023-04-26T04:24:06.332+0000] {taskinstance.py:1364} INFO - 
--------------------------------------------------------------------------------
[2023-04-26T04:24:06.339+0000] {taskinstance.py:1383} INFO - Executing <Task(SimpleHttpOperator): extract_user> on 2023-04-26 04:24:02.139773+00:00
[2023-04-26T04:24:06.344+0000] {standard_task_runner.py:55} INFO - Started process 21740 to run task
[2023-04-26T04:24:06.347+0000] {standard_task_runner.py:82} INFO - Running: ['***', 'tasks', 'run', 'user_processing', 'extract_user', 'manual__2023-04-26T04:24:02.139773+00:00', '--job-id', '147', '--raw', '--subdir', 'DAGS_FOLDER/user_processing.py', '--cfg-path', '/tmp/tmp_kidpxnd']
[2023-04-26T04:24:06.350+0000] {standard_task_runner.py:83} INFO - Job 147: Subtask extract_user
[2023-04-26T04:24:06.414+0000] {task_command.py:376} INFO - Running <TaskInstance: user_processing.extract_user manual__2023-04-26T04:24:02.139773+00:00 [running]> on host bebb68623a17
[2023-04-26T04:24:06.462+0000] {taskinstance.py:1592} INFO - Exporting the following env vars:
AIRFLOW_CTX_DAG_OWNER=***
AIRFLOW_CTX_DAG_ID=user_processing
AIRFLOW_CTX_TASK_ID=extract_user
AIRFLOW_CTX_EXECUTION_DATE=2023-04-26T04:24:02.139773+00:00
AIRFLOW_CTX_TRY_NUMBER=1
AIRFLOW_CTX_DAG_RUN_ID=manual__2023-04-26T04:24:02.139773+00:00
[2023-04-26T04:24:06.463+0000] {http.py:121} INFO - Calling HTTP method
[2023-04-26T04:24:06.471+0000] {base.py:71} INFO - Using connection ID 'user_api' for task execution.
[2023-04-26T04:24:06.473+0000] {http.py:148} INFO - Sending 'GET' to url: https://randomuser.me/api/
[2023-04-26T04:24:07.287+0000] {http.py:125} INFO - {"results":[{"gender":"female","name":{"title":"Ms","first":"Eléna","last":"Brunet"},"location":{"street":{"number":5029,"name":"Rue D'Abbeville"},"city":"Nice","state":"Guadeloupe","country":"France","postcode":18596,"coordinates":{"latitude":"-19.0199","longitude":"100.9615"},"timezone":{"offset":"-8:00","description":"Pacific Time (US & Canada)"}},"email":"elena.brunet@example.com","login":{"uuid":"51a28795-1efc-4c09-b644-d20a0f1200be","username":"brownsnake218","password":"dino","salt":"40UUaJoA","md5":"158f56b5c12ef1969f6ef65425693081","sha1":"4ef134bfc623d18241355e77b7c3e36ff3e32701","sha256":"f9308ab51708b45c32eb0369292570a50e1ff5698ebd9294f91a3ac249ef17d5"},"dob":{"date":"1945-12-31T01:24:01.339Z","age":77},"registered":{"date":"2015-10-20T12:38:40.884Z","age":7},"phone":"05-01-00-79-56","cell":"06-99-34-03-16","id":{"name":"INSEE","value":"2451129674484 52"},"picture":{"large":"https://randomuser.me/api/portraits/women/4.jpg","medium":"https://randomuser.me/api/portraits/med/women/4.jpg","thumbnail":"https://randomuser.me/api/portraits/thumb/women/4.jpg"},"nat":"FR"}],"info":{"seed":"848b343a4d1ca060","results":1,"page":1,"version":"1.4"}}
[2023-04-26T04:24:07.314+0000] {taskinstance.py:1406} INFO - Marking task as SUCCESS. dag_id=user_processing, task_id=extract_user, execution_date=20230426T042402, start_date=20230426T042406, end_date=20230426T042407
[2023-04-26T04:24:07.337+0000] {local_task_job.py:164} INFO - Task exited with return code 0
[2023-04-26T04:24:07.357+0000] {local_task_job.py:273} INFO - 1 downstream tasks scheduled from follow-on schedule check
