[2023-04-26T06:29:12.148+0000] {taskinstance.py:1165} INFO - Dependencies all met for <TaskInstance: user_processing.process_user manual__2023-04-26T06:29:08.360875+00:00 [queued]>
[2023-04-26T06:29:12.153+0000] {taskinstance.py:1165} INFO - Dependencies all met for <TaskInstance: user_processing.process_user manual__2023-04-26T06:29:08.360875+00:00 [queued]>
[2023-04-26T06:29:12.154+0000] {taskinstance.py:1362} INFO - 
--------------------------------------------------------------------------------
[2023-04-26T06:29:12.154+0000] {taskinstance.py:1363} INFO - Starting attempt 1 of 1
[2023-04-26T06:29:12.155+0000] {taskinstance.py:1364} INFO - 
--------------------------------------------------------------------------------
[2023-04-26T06:29:12.162+0000] {taskinstance.py:1383} INFO - Executing <Task(PythonOperator): process_user> on 2023-04-26 06:29:08.360875+00:00
[2023-04-26T06:29:12.166+0000] {standard_task_runner.py:55} INFO - Started process 330 to run task
[2023-04-26T06:29:12.170+0000] {standard_task_runner.py:82} INFO - Running: ['***', 'tasks', 'run', 'user_processing', 'process_user', 'manual__2023-04-26T06:29:08.360875+00:00', '--job-id', '182', '--raw', '--subdir', 'DAGS_FOLDER/user_processing.py', '--cfg-path', '/tmp/tmpya2gl80n']
[2023-04-26T06:29:12.172+0000] {standard_task_runner.py:83} INFO - Job 182: Subtask process_user
[2023-04-26T06:29:12.220+0000] {task_command.py:376} INFO - Running <TaskInstance: user_processing.process_user manual__2023-04-26T06:29:08.360875+00:00 [running]> on host b0d118a97f46
[2023-04-26T06:29:12.264+0000] {taskinstance.py:1592} INFO - Exporting the following env vars:
AIRFLOW_CTX_DAG_OWNER=***
AIRFLOW_CTX_DAG_ID=user_processing
AIRFLOW_CTX_TASK_ID=process_user
AIRFLOW_CTX_EXECUTION_DATE=2023-04-26T06:29:08.360875+00:00
AIRFLOW_CTX_TRY_NUMBER=1
AIRFLOW_CTX_DAG_RUN_ID=manual__2023-04-26T06:29:08.360875+00:00
[2023-04-26T06:29:12.278+0000] {python.py:177} INFO - Done. Returned value was: None
[2023-04-26T06:29:12.287+0000] {taskinstance.py:1406} INFO - Marking task as SUCCESS. dag_id=user_processing, task_id=process_user, execution_date=20230426T062908, start_date=20230426T062912, end_date=20230426T062912
[2023-04-26T06:29:12.343+0000] {local_task_job.py:164} INFO - Task exited with return code 0
[2023-04-26T06:29:12.360+0000] {local_task_job.py:273} INFO - 1 downstream tasks scheduled from follow-on schedule check
