[2023-04-26T11:44:14.260+0000] {taskinstance.py:1165} INFO - Dependencies all met for <TaskInstance: slack_dag.success_task manual__2023-04-26T11:44:12.112054+00:00 [queued]>
[2023-04-26T11:44:14.266+0000] {taskinstance.py:1165} INFO - Dependencies all met for <TaskInstance: slack_dag.success_task manual__2023-04-26T11:44:12.112054+00:00 [queued]>
[2023-04-26T11:44:14.267+0000] {taskinstance.py:1362} INFO - 
--------------------------------------------------------------------------------
[2023-04-26T11:44:14.267+0000] {taskinstance.py:1363} INFO - Starting attempt 1 of 1
[2023-04-26T11:44:14.268+0000] {taskinstance.py:1364} INFO - 
--------------------------------------------------------------------------------
[2023-04-26T11:44:14.275+0000] {taskinstance.py:1383} INFO - Executing <Task(SlackWebhookOperator): success_task> on 2023-04-26 11:44:12.112054+00:00
[2023-04-26T11:44:14.279+0000] {standard_task_runner.py:55} INFO - Started process 2742 to run task
[2023-04-26T11:44:14.283+0000] {standard_task_runner.py:82} INFO - Running: ['***', 'tasks', 'run', 'slack_dag', 'success_task', 'manual__2023-04-26T11:44:12.112054+00:00', '--job-id', '285', '--raw', '--subdir', 'DAGS_FOLDER/dag3.py', '--cfg-path', '/tmp/tmp51hgckne']
[2023-04-26T11:44:14.284+0000] {standard_task_runner.py:83} INFO - Job 285: Subtask success_task
[2023-04-26T11:44:14.329+0000] {task_command.py:376} INFO - Running <TaskInstance: slack_dag.success_task manual__2023-04-26T11:44:12.112054+00:00 [running]> on host 641cb7472cb1
[2023-04-26T11:44:14.373+0000] {taskinstance.py:1592} INFO - Exporting the following env vars:
AIRFLOW_CTX_DAG_OWNER=***
AIRFLOW_CTX_DAG_ID=slack_dag
AIRFLOW_CTX_TASK_ID=success_task
AIRFLOW_CTX_EXECUTION_DATE=2023-04-26T11:44:12.112054+00:00
AIRFLOW_CTX_TRY_NUMBER=1
AIRFLOW_CTX_DAG_RUN_ID=manual__2023-04-26T11:44:12.112054+00:00
[2023-04-26T11:44:14.374+0000] {warnings.py:110} WARNING - /home/***/.local/lib/python3.7/site-packages/***/providers/slack/operators/slack_webhook.py:173: UserWarning: Found unexpected keyword-argument(s) 'link_names' in `send` method. This argument(s) have no effect.
  link_names=self.link_names,

[2023-04-26T11:44:14.381+0000] {base.py:71} INFO - Using connection ID 'slack' for task execution.
[2023-04-26T11:44:14.894+0000] {taskinstance.py:1406} INFO - Marking task as SUCCESS. dag_id=slack_dag, task_id=success_task, execution_date=20230426T114412, start_date=20230426T114414, end_date=20230426T114414
[2023-04-26T11:44:14.959+0000] {local_task_job.py:164} INFO - Task exited with return code 0
[2023-04-26T11:44:14.974+0000] {local_task_job.py:273} INFO - 0 downstream tasks scheduled from follow-on schedule check
