[2023-04-26T11:08:44.526+0000] {taskinstance.py:1165} INFO - Dependencies all met for <TaskInstance: dag2.dummy_task manual__2023-04-26T11:08:43.714724+00:00 [queued]>
[2023-04-26T11:08:44.532+0000] {taskinstance.py:1165} INFO - Dependencies all met for <TaskInstance: dag2.dummy_task manual__2023-04-26T11:08:43.714724+00:00 [queued]>
[2023-04-26T11:08:44.533+0000] {taskinstance.py:1362} INFO - 
--------------------------------------------------------------------------------
[2023-04-26T11:08:44.533+0000] {taskinstance.py:1363} INFO - Starting attempt 1 of 1
[2023-04-26T11:08:44.533+0000] {taskinstance.py:1364} INFO - 
--------------------------------------------------------------------------------
[2023-04-26T11:08:44.541+0000] {taskinstance.py:1383} INFO - Executing <Task(PythonOperator): dummy_task> on 2023-04-26 11:08:43.714724+00:00
[2023-04-26T11:08:44.546+0000] {standard_task_runner.py:55} INFO - Started process 932 to run task
[2023-04-26T11:08:44.550+0000] {standard_task_runner.py:82} INFO - Running: ['***', 'tasks', 'run', 'dag2', 'dummy_task', 'manual__2023-04-26T11:08:43.714724+00:00', '--job-id', '268', '--raw', '--subdir', 'DAGS_FOLDER/dag2.py', '--cfg-path', '/tmp/tmp8l21sxia']
[2023-04-26T11:08:44.551+0000] {standard_task_runner.py:83} INFO - Job 268: Subtask dummy_task
[2023-04-26T11:08:44.600+0000] {task_command.py:376} INFO - Running <TaskInstance: dag2.dummy_task manual__2023-04-26T11:08:43.714724+00:00 [running]> on host 641cb7472cb1
[2023-04-26T11:08:44.646+0000] {taskinstance.py:1592} INFO - Exporting the following env vars:
AIRFLOW_CTX_DAG_OWNER=***
AIRFLOW_CTX_DAG_ID=dag2
AIRFLOW_CTX_TASK_ID=dummy_task
AIRFLOW_CTX_EXECUTION_DATE=2023-04-26T11:08:43.714724+00:00
AIRFLOW_CTX_TRY_NUMBER=1
AIRFLOW_CTX_DAG_RUN_ID=manual__2023-04-26T11:08:43.714724+00:00
[2023-04-26T11:08:44.647+0000] {logging_mixin.py:120} INFO - hello world
[2023-04-26T11:08:44.647+0000] {python.py:177} INFO - Done. Returned value was: None
[2023-04-26T11:08:44.657+0000] {taskinstance.py:1406} INFO - Marking task as SUCCESS. dag_id=dag2, task_id=dummy_task, execution_date=20230426T110843, start_date=20230426T110844, end_date=20230426T110844
[2023-04-26T11:08:44.681+0000] {local_task_job.py:164} INFO - Task exited with return code 0
[2023-04-26T11:08:44.697+0000] {local_task_job.py:273} INFO - 1 downstream tasks scheduled from follow-on schedule check
