[2023-04-26T06:40:24.072+0000] {taskinstance.py:1165} INFO - Dependencies all met for <TaskInstance: user_processing.copy_task manual__2023-04-26T06:40:17.658526+00:00 [queued]>
[2023-04-26T06:40:24.077+0000] {taskinstance.py:1165} INFO - Dependencies all met for <TaskInstance: user_processing.copy_task manual__2023-04-26T06:40:17.658526+00:00 [queued]>
[2023-04-26T06:40:24.078+0000] {taskinstance.py:1362} INFO - 
--------------------------------------------------------------------------------
[2023-04-26T06:40:24.078+0000] {taskinstance.py:1363} INFO - Starting attempt 1 of 1
[2023-04-26T06:40:24.079+0000] {taskinstance.py:1364} INFO - 
--------------------------------------------------------------------------------
[2023-04-26T06:40:24.085+0000] {taskinstance.py:1383} INFO - Executing <Task(PythonOperator): copy_task> on 2023-04-26 06:40:17.658526+00:00
[2023-04-26T06:40:24.090+0000] {standard_task_runner.py:55} INFO - Started process 917 to run task
[2023-04-26T06:40:24.094+0000] {standard_task_runner.py:82} INFO - Running: ['***', 'tasks', 'run', 'user_processing', 'copy_task', 'manual__2023-04-26T06:40:17.658526+00:00', '--job-id', '188', '--raw', '--subdir', 'DAGS_FOLDER/user_processing.py', '--cfg-path', '/tmp/tmp_0x64280']
[2023-04-26T06:40:24.096+0000] {standard_task_runner.py:83} INFO - Job 188: Subtask copy_task
[2023-04-26T06:40:24.143+0000] {task_command.py:376} INFO - Running <TaskInstance: user_processing.copy_task manual__2023-04-26T06:40:17.658526+00:00 [running]> on host b0d118a97f46
[2023-04-26T06:40:24.187+0000] {taskinstance.py:1592} INFO - Exporting the following env vars:
AIRFLOW_CTX_DAG_OWNER=***
AIRFLOW_CTX_DAG_ID=user_processing
AIRFLOW_CTX_TASK_ID=copy_task
AIRFLOW_CTX_EXECUTION_DATE=2023-04-26T06:40:17.658526+00:00
AIRFLOW_CTX_TRY_NUMBER=1
AIRFLOW_CTX_DAG_RUN_ID=manual__2023-04-26T06:40:17.658526+00:00
[2023-04-26T06:40:24.195+0000] {base.py:71} INFO - Using connection ID 'postgres' for task execution.
[2023-04-26T06:40:24.200+0000] {logging_mixin.py:120} INFO - HELLO
[2023-04-26T06:40:24.201+0000] {logging_mixin.py:120} INFO - []
[2023-04-26T06:40:24.201+0000] {python.py:177} INFO - Done. Returned value was: None
[2023-04-26T06:40:24.209+0000] {taskinstance.py:1406} INFO - Marking task as SUCCESS. dag_id=user_processing, task_id=copy_task, execution_date=20230426T064017, start_date=20230426T064024, end_date=20230426T064024
[2023-04-26T06:40:24.226+0000] {local_task_job.py:164} INFO - Task exited with return code 0
[2023-04-26T06:40:24.239+0000] {local_task_job.py:273} INFO - 0 downstream tasks scheduled from follow-on schedule check
