[2023-04-26T04:51:53.306+0000] {taskinstance.py:1165} INFO - Dependencies all met for <TaskInstance: user_processing.extract_user manual__2023-04-26T04:51:49.578051+00:00 [queued]>
[2023-04-26T04:51:53.313+0000] {taskinstance.py:1165} INFO - Dependencies all met for <TaskInstance: user_processing.extract_user manual__2023-04-26T04:51:49.578051+00:00 [queued]>
[2023-04-26T04:51:53.313+0000] {taskinstance.py:1362} INFO - 
--------------------------------------------------------------------------------
[2023-04-26T04:51:53.314+0000] {taskinstance.py:1363} INFO - Starting attempt 1 of 1
[2023-04-26T04:51:53.314+0000] {taskinstance.py:1364} INFO - 
--------------------------------------------------------------------------------
[2023-04-26T04:51:53.322+0000] {taskinstance.py:1383} INFO - Executing <Task(SimpleHttpOperator): extract_user> on 2023-04-26 04:51:49.578051+00:00
[2023-04-26T04:51:53.327+0000] {standard_task_runner.py:55} INFO - Started process 23181 to run task
[2023-04-26T04:51:53.331+0000] {standard_task_runner.py:82} INFO - Running: ['***', 'tasks', 'run', 'user_processing', 'extract_user', 'manual__2023-04-26T04:51:49.578051+00:00', '--job-id', '157', '--raw', '--subdir', 'DAGS_FOLDER/user_processing.py', '--cfg-path', '/tmp/tmpf63j95uw']
[2023-04-26T04:51:53.333+0000] {standard_task_runner.py:83} INFO - Job 157: Subtask extract_user
[2023-04-26T04:51:53.386+0000] {task_command.py:376} INFO - Running <TaskInstance: user_processing.extract_user manual__2023-04-26T04:51:49.578051+00:00 [running]> on host bebb68623a17
[2023-04-26T04:51:53.446+0000] {taskinstance.py:1592} INFO - Exporting the following env vars:
AIRFLOW_CTX_DAG_OWNER=***
AIRFLOW_CTX_DAG_ID=user_processing
AIRFLOW_CTX_TASK_ID=extract_user
AIRFLOW_CTX_EXECUTION_DATE=2023-04-26T04:51:49.578051+00:00
AIRFLOW_CTX_TRY_NUMBER=1
AIRFLOW_CTX_DAG_RUN_ID=manual__2023-04-26T04:51:49.578051+00:00
[2023-04-26T04:51:53.447+0000] {http.py:121} INFO - Calling HTTP method
[2023-04-26T04:51:53.456+0000] {base.py:71} INFO - Using connection ID 'user_api' for task execution.
[2023-04-26T04:51:53.459+0000] {http.py:148} INFO - Sending 'GET' to url: https://randomuser.me/api/
[2023-04-26T04:51:54.338+0000] {http.py:125} INFO - {"results":[{"gender":"male","name":{"title":"Mr","first":"Calvin","last":"Ryan"},"location":{"street":{"number":8294,"name":"Novara Avenue"},"city":"Arklow","state":"Wicklow","country":"Ireland","postcode":31668,"coordinates":{"latitude":"-0.2221","longitude":"-43.0461"},"timezone":{"offset":"+9:00","description":"Tokyo, Seoul, Osaka, Sapporo, Yakutsk"}},"email":"calvin.ryan@example.com","login":{"uuid":"2ced80f3-b332-4780-8fc5-63ad31954810","username":"silvergoose473","password":"winger","salt":"RmpiCFbr","md5":"580c899e55e78c453ed94d49e39fe88d","sha1":"6e89b232a5bb4d767631971215b628a653b852ea","sha256":"fdb9d8b7325feae59f0a23761ab0ad98d417508ae423c9de95265c36114deeae"},"dob":{"date":"1956-08-14T11:19:35.156Z","age":66},"registered":{"date":"2014-11-04T01:38:58.562Z","age":8},"phone":"021-063-2500","cell":"081-883-8085","id":{"name":"PPS","value":"0278459T"},"picture":{"large":"https://randomuser.me/api/portraits/men/85.jpg","medium":"https://randomuser.me/api/portraits/med/men/85.jpg","thumbnail":"https://randomuser.me/api/portraits/thumb/men/85.jpg"},"nat":"IE"}],"info":{"seed":"eea15c127cb82d54","results":1,"page":1,"version":"1.4"}}
[2023-04-26T04:51:54.365+0000] {taskinstance.py:1406} INFO - Marking task as SUCCESS. dag_id=user_processing, task_id=extract_user, execution_date=20230426T045149, start_date=20230426T045153, end_date=20230426T045154
[2023-04-26T04:51:54.414+0000] {local_task_job.py:164} INFO - Task exited with return code 0
[2023-04-26T04:51:54.437+0000] {local_task_job.py:273} INFO - 1 downstream tasks scheduled from follow-on schedule check
