[2023-04-26T04:17:59.757+0000] {taskinstance.py:1165} INFO - Dependencies all met for <TaskInstance: user_processing.read_csv manual__2023-04-26T04:17:53.136488+00:00 [queued]>
[2023-04-26T04:17:59.763+0000] {taskinstance.py:1165} INFO - Dependencies all met for <TaskInstance: user_processing.read_csv manual__2023-04-26T04:17:53.136488+00:00 [queued]>
[2023-04-26T04:17:59.764+0000] {taskinstance.py:1362} INFO - 
--------------------------------------------------------------------------------
[2023-04-26T04:17:59.764+0000] {taskinstance.py:1363} INFO - Starting attempt 1 of 1
[2023-04-26T04:17:59.764+0000] {taskinstance.py:1364} INFO - 
--------------------------------------------------------------------------------
[2023-04-26T04:17:59.772+0000] {taskinstance.py:1383} INFO - Executing <Task(PythonOperator): read_csv> on 2023-04-26 04:17:53.136488+00:00
[2023-04-26T04:17:59.777+0000] {standard_task_runner.py:55} INFO - Started process 21409 to run task
[2023-04-26T04:17:59.781+0000] {standard_task_runner.py:82} INFO - Running: ['***', 'tasks', 'run', 'user_processing', 'read_csv', 'manual__2023-04-26T04:17:53.136488+00:00', '--job-id', '138', '--raw', '--subdir', 'DAGS_FOLDER/user_processing.py', '--cfg-path', '/tmp/tmpzra1cof4']
[2023-04-26T04:17:59.783+0000] {standard_task_runner.py:83} INFO - Job 138: Subtask read_csv
[2023-04-26T04:17:59.835+0000] {task_command.py:376} INFO - Running <TaskInstance: user_processing.read_csv manual__2023-04-26T04:17:53.136488+00:00 [running]> on host bebb68623a17
[2023-04-26T04:17:59.881+0000] {taskinstance.py:1592} INFO - Exporting the following env vars:
AIRFLOW_CTX_DAG_OWNER=***
AIRFLOW_CTX_DAG_ID=user_processing
AIRFLOW_CTX_TASK_ID=read_csv
AIRFLOW_CTX_EXECUTION_DATE=2023-04-26T04:17:53.136488+00:00
AIRFLOW_CTX_TRY_NUMBER=1
AIRFLOW_CTX_DAG_RUN_ID=manual__2023-04-26T04:17:53.136488+00:00
[2023-04-26T04:17:59.890+0000] {logging_mixin.py:120} INFO - Empty DataFrame
Columns: [Rasmus, Mortensen, Denmark, rasmus.mortensen@example.com, bluezebra387, jenny]
Index: []
[2023-04-26T04:17:59.890+0000] {python.py:177} INFO - Done. Returned value was: None
[2023-04-26T04:17:59.900+0000] {taskinstance.py:1406} INFO - Marking task as SUCCESS. dag_id=user_processing, task_id=read_csv, execution_date=20230426T041753, start_date=20230426T041759, end_date=20230426T041759
[2023-04-26T04:17:59.953+0000] {local_task_job.py:164} INFO - Task exited with return code 0
[2023-04-26T04:17:59.968+0000] {local_task_job.py:273} INFO - 0 downstream tasks scheduled from follow-on schedule check
