[2023-04-26T05:53:48.651+0000] {taskinstance.py:1165} INFO - Dependencies all met for <TaskInstance: user_processing.extract_user manual__2023-04-26T05:53:44.298934+00:00 [queued]>
[2023-04-26T05:53:48.657+0000] {taskinstance.py:1165} INFO - Dependencies all met for <TaskInstance: user_processing.extract_user manual__2023-04-26T05:53:44.298934+00:00 [queued]>
[2023-04-26T05:53:48.658+0000] {taskinstance.py:1362} INFO - 
--------------------------------------------------------------------------------
[2023-04-26T05:53:48.658+0000] {taskinstance.py:1363} INFO - Starting attempt 1 of 1
[2023-04-26T05:53:48.659+0000] {taskinstance.py:1364} INFO - 
--------------------------------------------------------------------------------
[2023-04-26T05:53:48.665+0000] {taskinstance.py:1383} INFO - Executing <Task(SimpleHttpOperator): extract_user> on 2023-04-26 05:53:44.298934+00:00
[2023-04-26T05:53:48.671+0000] {standard_task_runner.py:55} INFO - Started process 219 to run task
[2023-04-26T05:53:48.674+0000] {standard_task_runner.py:82} INFO - Running: ['***', 'tasks', 'run', 'user_processing', 'extract_user', 'manual__2023-04-26T05:53:44.298934+00:00', '--job-id', '171', '--raw', '--subdir', 'DAGS_FOLDER/user_processing.py', '--cfg-path', '/tmp/tmpvy_2g9wg']
[2023-04-26T05:53:48.676+0000] {standard_task_runner.py:83} INFO - Job 171: Subtask extract_user
[2023-04-26T05:53:48.723+0000] {task_command.py:376} INFO - Running <TaskInstance: user_processing.extract_user manual__2023-04-26T05:53:44.298934+00:00 [running]> on host b0d118a97f46
[2023-04-26T05:53:48.766+0000] {taskinstance.py:1592} INFO - Exporting the following env vars:
AIRFLOW_CTX_DAG_OWNER=***
AIRFLOW_CTX_DAG_ID=user_processing
AIRFLOW_CTX_TASK_ID=extract_user
AIRFLOW_CTX_EXECUTION_DATE=2023-04-26T05:53:44.298934+00:00
AIRFLOW_CTX_TRY_NUMBER=1
AIRFLOW_CTX_DAG_RUN_ID=manual__2023-04-26T05:53:44.298934+00:00
[2023-04-26T05:53:48.767+0000] {http.py:121} INFO - Calling HTTP method
[2023-04-26T05:53:48.775+0000] {base.py:71} INFO - Using connection ID 'user_api' for task execution.
[2023-04-26T05:53:48.777+0000] {http.py:148} INFO - Sending 'GET' to url: https://randomuser.me/api/
[2023-04-26T05:53:49.349+0000] {http.py:125} INFO - {"results":[{"gender":"female","name":{"title":"Ms","first":"Hannelore","last":"Stich"},"location":{"street":{"number":4716,"name":"Am Bahnhof"},"city":"Jöhstadt","state":"Sachsen-Anhalt","country":"Germany","postcode":69919,"coordinates":{"latitude":"-47.7408","longitude":"135.7919"},"timezone":{"offset":"+9:30","description":"Adelaide, Darwin"}},"email":"hannelore.stich@example.com","login":{"uuid":"6dce706d-a774-491f-9338-2d55cfbc7fea","username":"lazycat880","password":"chipmunk","salt":"BBsKh8xo","md5":"37114e1663c208e2d9f6ef71ea2194ee","sha1":"8f7dc10cd28f41a395b1705c79c3d12df2976a22","sha256":"80b4b970160cc0d6c8d8f0545d6bb67a8fc0ec4515e04fc2f1f8ca9832ce5bb5"},"dob":{"date":"1963-11-24T08:36:55.716Z","age":59},"registered":{"date":"2009-08-01T02:46:54.207Z","age":13},"phone":"0977-4986416","cell":"0179-7841472","id":{"name":"SVNR","value":"60 241163 S 803"},"picture":{"large":"https://randomuser.me/api/portraits/women/77.jpg","medium":"https://randomuser.me/api/portraits/med/women/77.jpg","thumbnail":"https://randomuser.me/api/portraits/thumb/women/77.jpg"},"nat":"DE"}],"info":{"seed":"ec98ac33f989f78c","results":1,"page":1,"version":"1.4"}}
[2023-04-26T05:53:49.405+0000] {taskinstance.py:1406} INFO - Marking task as SUCCESS. dag_id=user_processing, task_id=extract_user, execution_date=20230426T055344, start_date=20230426T055348, end_date=20230426T055349
[2023-04-26T05:53:49.473+0000] {local_task_job.py:164} INFO - Task exited with return code 0
[2023-04-26T05:53:49.501+0000] {local_task_job.py:273} INFO - 0 downstream tasks scheduled from follow-on schedule check
