[2023-04-26T08:59:52.416+0000] {taskinstance.py:1165} INFO - Dependencies all met for <TaskInstance: user_processing.process_user manual__2023-04-26T08:59:45.909172+00:00 [queued]>
[2023-04-26T08:59:52.422+0000] {taskinstance.py:1165} INFO - Dependencies all met for <TaskInstance: user_processing.process_user manual__2023-04-26T08:59:45.909172+00:00 [queued]>
[2023-04-26T08:59:52.422+0000] {taskinstance.py:1362} INFO - 
--------------------------------------------------------------------------------
[2023-04-26T08:59:52.423+0000] {taskinstance.py:1363} INFO - Starting attempt 1 of 1
[2023-04-26T08:59:52.423+0000] {taskinstance.py:1364} INFO - 
--------------------------------------------------------------------------------
[2023-04-26T08:59:52.430+0000] {taskinstance.py:1383} INFO - Executing <Task(PythonOperator): process_user> on 2023-04-26 08:59:45.909172+00:00
[2023-04-26T08:59:52.435+0000] {standard_task_runner.py:55} INFO - Started process 1555 to run task
[2023-04-26T08:59:52.439+0000] {standard_task_runner.py:82} INFO - Running: ['***', 'tasks', 'run', 'user_processing', 'process_user', 'manual__2023-04-26T08:59:45.909172+00:00', '--job-id', '221', '--raw', '--subdir', 'DAGS_FOLDER/user_processing.py', '--cfg-path', '/tmp/tmpz4w7ukcg']
[2023-04-26T08:59:52.441+0000] {standard_task_runner.py:83} INFO - Job 221: Subtask process_user
[2023-04-26T08:59:52.490+0000] {task_command.py:376} INFO - Running <TaskInstance: user_processing.process_user manual__2023-04-26T08:59:45.909172+00:00 [running]> on host c452347a64f2
[2023-04-26T08:59:52.535+0000] {taskinstance.py:1592} INFO - Exporting the following env vars:
AIRFLOW_CTX_DAG_OWNER=***
AIRFLOW_CTX_DAG_ID=user_processing
AIRFLOW_CTX_TASK_ID=process_user
AIRFLOW_CTX_EXECUTION_DATE=2023-04-26T08:59:45.909172+00:00
AIRFLOW_CTX_TRY_NUMBER=1
AIRFLOW_CTX_DAG_RUN_ID=manual__2023-04-26T08:59:45.909172+00:00
[2023-04-26T08:59:52.552+0000] {python.py:177} INFO - Done. Returned value was: None
[2023-04-26T08:59:52.560+0000] {taskinstance.py:1406} INFO - Marking task as SUCCESS. dag_id=user_processing, task_id=process_user, execution_date=20230426T085945, start_date=20230426T085952, end_date=20230426T085952
[2023-04-26T08:59:52.613+0000] {local_task_job.py:164} INFO - Task exited with return code 0
[2023-04-26T08:59:52.631+0000] {local_task_job.py:273} INFO - 1 downstream tasks scheduled from follow-on schedule check
