[2023-04-26T06:28:22.823+0000] {taskinstance.py:1165} INFO - Dependencies all met for <TaskInstance: user_processing.copy_task manual__2023-04-26T06:28:15.944456+00:00 [queued]>
[2023-04-26T06:28:22.828+0000] {taskinstance.py:1165} INFO - Dependencies all met for <TaskInstance: user_processing.copy_task manual__2023-04-26T06:28:15.944456+00:00 [queued]>
[2023-04-26T06:28:22.829+0000] {taskinstance.py:1362} INFO - 
--------------------------------------------------------------------------------
[2023-04-26T06:28:22.829+0000] {taskinstance.py:1363} INFO - Starting attempt 1 of 1
[2023-04-26T06:28:22.830+0000] {taskinstance.py:1364} INFO - 
--------------------------------------------------------------------------------
[2023-04-26T06:28:22.836+0000] {taskinstance.py:1383} INFO - Executing <Task(PythonOperator): copy_task> on 2023-04-26 06:28:15.944456+00:00
[2023-04-26T06:28:22.841+0000] {standard_task_runner.py:55} INFO - Started process 274 to run task
[2023-04-26T06:28:22.845+0000] {standard_task_runner.py:82} INFO - Running: ['***', 'tasks', 'run', 'user_processing', 'copy_task', 'manual__2023-04-26T06:28:15.944456+00:00', '--job-id', '178', '--raw', '--subdir', 'DAGS_FOLDER/user_processing.py', '--cfg-path', '/tmp/tmph0rub7gb']
[2023-04-26T06:28:22.847+0000] {standard_task_runner.py:83} INFO - Job 178: Subtask copy_task
[2023-04-26T06:28:22.895+0000] {task_command.py:376} INFO - Running <TaskInstance: user_processing.copy_task manual__2023-04-26T06:28:15.944456+00:00 [running]> on host b0d118a97f46
[2023-04-26T06:28:22.939+0000] {taskinstance.py:1592} INFO - Exporting the following env vars:
AIRFLOW_CTX_DAG_OWNER=***
AIRFLOW_CTX_DAG_ID=user_processing
AIRFLOW_CTX_TASK_ID=copy_task
AIRFLOW_CTX_EXECUTION_DATE=2023-04-26T06:28:15.944456+00:00
AIRFLOW_CTX_TRY_NUMBER=1
AIRFLOW_CTX_DAG_RUN_ID=manual__2023-04-26T06:28:15.944456+00:00
[2023-04-26T06:28:22.956+0000] {taskinstance.py:1851} ERROR - Task failed with exception
Traceback (most recent call last):
  File "/home/airflow/.local/lib/python3.7/site-packages/airflow/operators/python.py", line 175, in execute
    return_value = self.execute_callable()
  File "/home/airflow/.local/lib/python3.7/site-packages/airflow/operators/python.py", line 193, in execute_callable
    return self.python_callable(*self.op_args, **self.op_kwargs)
  File "/opt/airflow/dags/user_processing.py", line 40, in copy_csv_to_postgres
    pg_hook.run(copy_sql)
  File "/home/airflow/.local/lib/python3.7/site-packages/airflow/providers/common/sql/hooks/sql.py", line 288, in run
    with closing(self.get_conn()) as conn:
  File "/home/airflow/.local/lib/python3.7/site-packages/airflow/providers/postgres/hooks/postgres.py", line 88, in get_conn
    conn = deepcopy(self.connection or self.get_connection(conn_id))
  File "/home/airflow/.local/lib/python3.7/site-packages/airflow/hooks/base.py", line 70, in get_connection
    conn = Connection.get_connection_from_secrets(conn_id)
  File "/home/airflow/.local/lib/python3.7/site-packages/airflow/models/connection.py", line 432, in get_connection_from_secrets
    raise AirflowNotFoundException(f"The conn_id `{conn_id}` isn't defined")
airflow.exceptions.AirflowNotFoundException: The conn_id `your_postgres_conn_id` isn't defined
[2023-04-26T06:28:22.961+0000] {taskinstance.py:1406} INFO - Marking task as FAILED. dag_id=user_processing, task_id=copy_task, execution_date=20230426T062815, start_date=20230426T062822, end_date=20230426T062822
[2023-04-26T06:28:22.968+0000] {standard_task_runner.py:105} ERROR - Failed to execute job 178 for task copy_task (The conn_id `your_postgres_conn_id` isn't defined; 274)
[2023-04-26T06:28:23.016+0000] {local_task_job.py:164} INFO - Task exited with return code 1
[2023-04-26T06:28:23.031+0000] {local_task_job.py:273} INFO - 0 downstream tasks scheduled from follow-on schedule check
