[2023-04-25T13:33:05.572+0000] {taskinstance.py:1165} INFO - Dependencies all met for <TaskInstance: user_processing.extract_user manual__2023-04-25T13:33:03.850427+00:00 [queued]>
[2023-04-25T13:33:05.584+0000] {taskinstance.py:1165} INFO - Dependencies all met for <TaskInstance: user_processing.extract_user manual__2023-04-25T13:33:03.850427+00:00 [queued]>
[2023-04-25T13:33:05.585+0000] {taskinstance.py:1362} INFO - 
--------------------------------------------------------------------------------
[2023-04-25T13:33:05.586+0000] {taskinstance.py:1363} INFO - Starting attempt 1 of 1
[2023-04-25T13:33:05.587+0000] {taskinstance.py:1364} INFO - 
--------------------------------------------------------------------------------
[2023-04-25T13:33:05.601+0000] {taskinstance.py:1383} INFO - Executing <Task(SimpleHttpOperator): extract_user> on 2023-04-25 13:33:03.850427+00:00
[2023-04-25T13:33:05.608+0000] {standard_task_runner.py:55} INFO - Started process 14130 to run task
[2023-04-25T13:33:05.616+0000] {standard_task_runner.py:82} INFO - Running: ['***', 'tasks', 'run', 'user_processing', 'extract_user', 'manual__2023-04-25T13:33:03.850427+00:00', '--job-id', '85', '--raw', '--subdir', 'DAGS_FOLDER/user_processing.py', '--cfg-path', '/tmp/tmp1kt14984']
[2023-04-25T13:33:05.618+0000] {standard_task_runner.py:83} INFO - Job 85: Subtask extract_user
[2023-04-25T13:33:05.688+0000] {task_command.py:376} INFO - Running <TaskInstance: user_processing.extract_user manual__2023-04-25T13:33:03.850427+00:00 [running]> on host bebb68623a17
[2023-04-25T13:33:05.764+0000] {taskinstance.py:1592} INFO - Exporting the following env vars:
AIRFLOW_CTX_DAG_OWNER=***
AIRFLOW_CTX_DAG_ID=user_processing
AIRFLOW_CTX_TASK_ID=extract_user
AIRFLOW_CTX_EXECUTION_DATE=2023-04-25T13:33:03.850427+00:00
AIRFLOW_CTX_TRY_NUMBER=1
AIRFLOW_CTX_DAG_RUN_ID=manual__2023-04-25T13:33:03.850427+00:00
[2023-04-25T13:33:05.766+0000] {http.py:121} INFO - Calling HTTP method
[2023-04-25T13:33:05.777+0000] {base.py:71} INFO - Using connection ID 'user_api' for task execution.
[2023-04-25T13:33:05.781+0000] {http.py:148} INFO - Sending 'GET' to url: https://randomuser.me/api/
[2023-04-25T13:33:06.221+0000] {http.py:125} INFO - {"results":[{"gender":"female","name":{"title":"Mademoiselle","first":"Chiara","last":"Colin"},"location":{"street":{"number":906,"name":"Avenue de L'Abbé-Roussel"},"city":"Valangin","state":"Nidwalden","country":"Switzerland","postcode":7783,"coordinates":{"latitude":"-56.6213","longitude":"100.6608"},"timezone":{"offset":"+10:00","description":"Eastern Australia, Guam, Vladivostok"}},"email":"chiara.colin@example.com","login":{"uuid":"225f10e8-ea71-4f2c-99da-e32690c20a37","username":"purplewolf315","password":"spongebo","salt":"PEf7lWKL","md5":"d6872b4293576bd52f68512cbe3f37f0","sha1":"7242c8699539c14231bf22f02dd45d5eee7ee650","sha256":"130dd536b63a76ca35abbbc9e716dbc0e9930c7ba7fb326e226d0926b5d3b5a2"},"dob":{"date":"1953-04-12T09:41:08.293Z","age":70},"registered":{"date":"2010-04-11T04:07:22.271Z","age":13},"phone":"075 062 44 38","cell":"079 391 54 16","id":{"name":"AVS","value":"756.5597.6974.94"},"picture":{"large":"https://randomuser.me/api/portraits/women/55.jpg","medium":"https://randomuser.me/api/portraits/med/women/55.jpg","thumbnail":"https://randomuser.me/api/portraits/thumb/women/55.jpg"},"nat":"CH"}],"info":{"seed":"88ae4e5bbab785ce","results":1,"page":1,"version":"1.4"}}
[2023-04-25T13:33:06.248+0000] {taskinstance.py:1406} INFO - Marking task as SUCCESS. dag_id=user_processing, task_id=extract_user, execution_date=20230425T133303, start_date=20230425T133305, end_date=20230425T133306
[2023-04-25T13:33:06.289+0000] {local_task_job.py:164} INFO - Task exited with return code 0
[2023-04-25T13:33:06.302+0000] {local_task_job.py:273} INFO - 0 downstream tasks scheduled from follow-on schedule check
