[2023-04-26T03:43:38.535+0000] {taskinstance.py:1165} INFO - Dependencies all met for <TaskInstance: user_processing.process_user manual__2023-04-26T03:43:32.321268+00:00 [queued]>
[2023-04-26T03:43:38.540+0000] {taskinstance.py:1165} INFO - Dependencies all met for <TaskInstance: user_processing.process_user manual__2023-04-26T03:43:32.321268+00:00 [queued]>
[2023-04-26T03:43:38.541+0000] {taskinstance.py:1362} INFO - 
--------------------------------------------------------------------------------
[2023-04-26T03:43:38.541+0000] {taskinstance.py:1363} INFO - Starting attempt 1 of 1
[2023-04-26T03:43:38.542+0000] {taskinstance.py:1364} INFO - 
--------------------------------------------------------------------------------
[2023-04-26T03:43:38.549+0000] {taskinstance.py:1383} INFO - Executing <Task(PythonOperator): process_user> on 2023-04-26 03:43:32.321268+00:00
[2023-04-26T03:43:38.553+0000] {standard_task_runner.py:55} INFO - Started process 19627 to run task
[2023-04-26T03:43:38.557+0000] {standard_task_runner.py:82} INFO - Running: ['***', 'tasks', 'run', 'user_processing', 'process_user', 'manual__2023-04-26T03:43:32.321268+00:00', '--job-id', '121', '--raw', '--subdir', 'DAGS_FOLDER/user_processing.py', '--cfg-path', '/tmp/tmplebx5kol']
[2023-04-26T03:43:38.559+0000] {standard_task_runner.py:83} INFO - Job 121: Subtask process_user
[2023-04-26T03:43:38.607+0000] {task_command.py:376} INFO - Running <TaskInstance: user_processing.process_user manual__2023-04-26T03:43:32.321268+00:00 [running]> on host bebb68623a17
[2023-04-26T03:43:38.653+0000] {taskinstance.py:1592} INFO - Exporting the following env vars:
AIRFLOW_CTX_DAG_OWNER=***
AIRFLOW_CTX_DAG_ID=user_processing
AIRFLOW_CTX_TASK_ID=process_user
AIRFLOW_CTX_EXECUTION_DATE=2023-04-26T03:43:32.321268+00:00
AIRFLOW_CTX_TRY_NUMBER=1
AIRFLOW_CTX_DAG_RUN_ID=manual__2023-04-26T03:43:32.321268+00:00
[2023-04-26T03:43:38.675+0000] {logging_mixin.py:120} INFO -   first_name last_name  ...      username password
0     Ernest    Little  ...  blackwolf201  shannon

[1 rows x 6 columns]
[2023-04-26T03:43:38.676+0000] {python.py:177} INFO - Done. Returned value was: None
[2023-04-26T03:43:38.685+0000] {taskinstance.py:1406} INFO - Marking task as SUCCESS. dag_id=user_processing, task_id=process_user, execution_date=20230426T034332, start_date=20230426T034338, end_date=20230426T034338
[2023-04-26T03:43:38.730+0000] {local_task_job.py:164} INFO - Task exited with return code 0
[2023-04-26T03:43:38.745+0000] {local_task_job.py:273} INFO - 0 downstream tasks scheduled from follow-on schedule check
