[2023-04-25T13:33:51.276+0000] {taskinstance.py:1165} INFO - Dependencies all met for <TaskInstance: user_processing.extract_user manual__2023-04-25T13:33:49.984056+00:00 [queued]>
[2023-04-25T13:33:51.290+0000] {taskinstance.py:1165} INFO - Dependencies all met for <TaskInstance: user_processing.extract_user manual__2023-04-25T13:33:49.984056+00:00 [queued]>
[2023-04-25T13:33:51.290+0000] {taskinstance.py:1362} INFO - 
--------------------------------------------------------------------------------
[2023-04-25T13:33:51.291+0000] {taskinstance.py:1363} INFO - Starting attempt 1 of 1
[2023-04-25T13:33:51.292+0000] {taskinstance.py:1364} INFO - 
--------------------------------------------------------------------------------
[2023-04-25T13:33:51.306+0000] {taskinstance.py:1383} INFO - Executing <Task(SimpleHttpOperator): extract_user> on 2023-04-25 13:33:49.984056+00:00
[2023-04-25T13:33:51.322+0000] {standard_task_runner.py:55} INFO - Started process 14178 to run task
[2023-04-25T13:33:51.330+0000] {standard_task_runner.py:82} INFO - Running: ['***', 'tasks', 'run', 'user_processing', 'extract_user', 'manual__2023-04-25T13:33:49.984056+00:00', '--job-id', '89', '--raw', '--subdir', 'DAGS_FOLDER/user_processing.py', '--cfg-path', '/tmp/tmp6nmf56tj']
[2023-04-25T13:33:51.334+0000] {standard_task_runner.py:83} INFO - Job 89: Subtask extract_user
[2023-04-25T13:33:51.441+0000] {task_command.py:376} INFO - Running <TaskInstance: user_processing.extract_user manual__2023-04-25T13:33:49.984056+00:00 [running]> on host bebb68623a17
[2023-04-25T13:33:51.532+0000] {taskinstance.py:1592} INFO - Exporting the following env vars:
AIRFLOW_CTX_DAG_OWNER=***
AIRFLOW_CTX_DAG_ID=user_processing
AIRFLOW_CTX_TASK_ID=extract_user
AIRFLOW_CTX_EXECUTION_DATE=2023-04-25T13:33:49.984056+00:00
AIRFLOW_CTX_TRY_NUMBER=1
AIRFLOW_CTX_DAG_RUN_ID=manual__2023-04-25T13:33:49.984056+00:00
[2023-04-25T13:33:51.533+0000] {http.py:121} INFO - Calling HTTP method
[2023-04-25T13:33:51.543+0000] {base.py:71} INFO - Using connection ID 'user_api' for task execution.
[2023-04-25T13:33:51.545+0000] {http.py:148} INFO - Sending 'GET' to url: https://randomuser.me/api/
[2023-04-25T13:33:51.908+0000] {http.py:125} INFO - {"results":[{"gender":"female","name":{"title":"Mrs","first":"Jade","last":"Brar"},"location":{"street":{"number":6234,"name":"College Ave"},"city":"Chesterville","state":"Nunavut","country":"Canada","postcode":"M3U 0N8","coordinates":{"latitude":"-64.3923","longitude":"51.7627"},"timezone":{"offset":"+9:00","description":"Tokyo, Seoul, Osaka, Sapporo, Yakutsk"}},"email":"jade.brar@example.com","login":{"uuid":"818e9429-6abd-44a2-8e28-442133321975","username":"lazyfish365","password":"bulldogs","salt":"MSYpNjH6","md5":"fd071a12ce2b6d1a33d2a7cd467bd376","sha1":"d4aa5b2bc462d8dcef7d02a8543cdd29e3cf00e6","sha256":"9d7e3981767514ec0ce29c67eb31c60ec375c05ae2e5e0f7251b310e3984403f"},"dob":{"date":"1954-01-13T14:06:21.233Z","age":69},"registered":{"date":"2003-11-17T09:16:22.133Z","age":19},"phone":"F11 C54-3290","cell":"O79 V07-2768","id":{"name":"SIN","value":"262433188"},"picture":{"large":"https://randomuser.me/api/portraits/women/20.jpg","medium":"https://randomuser.me/api/portraits/med/women/20.jpg","thumbnail":"https://randomuser.me/api/portraits/thumb/women/20.jpg"},"nat":"CA"}],"info":{"seed":"30de15d2adbf007e","results":1,"page":1,"version":"1.4"}}
[2023-04-25T13:33:51.930+0000] {taskinstance.py:1406} INFO - Marking task as SUCCESS. dag_id=user_processing, task_id=extract_user, execution_date=20230425T133349, start_date=20230425T133351, end_date=20230425T133351
[2023-04-25T13:33:51.953+0000] {local_task_job.py:164} INFO - Task exited with return code 0
[2023-04-25T13:33:51.971+0000] {local_task_job.py:273} INFO - 0 downstream tasks scheduled from follow-on schedule check
