[2023-04-26T08:59:50.684+0000] {taskinstance.py:1165} INFO - Dependencies all met for <TaskInstance: user_processing.extract_user manual__2023-04-26T08:59:45.909172+00:00 [queued]>
[2023-04-26T08:59:50.691+0000] {taskinstance.py:1165} INFO - Dependencies all met for <TaskInstance: user_processing.extract_user manual__2023-04-26T08:59:45.909172+00:00 [queued]>
[2023-04-26T08:59:50.691+0000] {taskinstance.py:1362} INFO - 
--------------------------------------------------------------------------------
[2023-04-26T08:59:50.692+0000] {taskinstance.py:1363} INFO - Starting attempt 1 of 1
[2023-04-26T08:59:50.692+0000] {taskinstance.py:1364} INFO - 
--------------------------------------------------------------------------------
[2023-04-26T08:59:50.699+0000] {taskinstance.py:1383} INFO - Executing <Task(SimpleHttpOperator): extract_user> on 2023-04-26 08:59:45.909172+00:00
[2023-04-26T08:59:50.704+0000] {standard_task_runner.py:55} INFO - Started process 1552 to run task
[2023-04-26T08:59:50.707+0000] {standard_task_runner.py:82} INFO - Running: ['***', 'tasks', 'run', 'user_processing', 'extract_user', 'manual__2023-04-26T08:59:45.909172+00:00', '--job-id', '220', '--raw', '--subdir', 'DAGS_FOLDER/user_processing.py', '--cfg-path', '/tmp/tmp5rabnptt']
[2023-04-26T08:59:50.709+0000] {standard_task_runner.py:83} INFO - Job 220: Subtask extract_user
[2023-04-26T08:59:50.757+0000] {task_command.py:376} INFO - Running <TaskInstance: user_processing.extract_user manual__2023-04-26T08:59:45.909172+00:00 [running]> on host c452347a64f2
[2023-04-26T08:59:50.802+0000] {taskinstance.py:1592} INFO - Exporting the following env vars:
AIRFLOW_CTX_DAG_OWNER=***
AIRFLOW_CTX_DAG_ID=user_processing
AIRFLOW_CTX_TASK_ID=extract_user
AIRFLOW_CTX_EXECUTION_DATE=2023-04-26T08:59:45.909172+00:00
AIRFLOW_CTX_TRY_NUMBER=1
AIRFLOW_CTX_DAG_RUN_ID=manual__2023-04-26T08:59:45.909172+00:00
[2023-04-26T08:59:50.803+0000] {http.py:121} INFO - Calling HTTP method
[2023-04-26T08:59:50.811+0000] {base.py:71} INFO - Using connection ID 'user_api' for task execution.
[2023-04-26T08:59:50.812+0000] {http.py:148} INFO - Sending 'GET' to url: https://randomuser.me/api/
[2023-04-26T08:59:51.453+0000] {http.py:125} INFO - {"results":[{"gender":"male","name":{"title":"Monsieur","first":"Miguel","last":"Roche"},"location":{"street":{"number":9314,"name":"Rue du Village"},"city":"Münchwilen (Tg)","state":"Basel-Stadt","country":"Switzerland","postcode":2979,"coordinates":{"latitude":"-63.3597","longitude":"-152.6794"},"timezone":{"offset":"-11:00","description":"Midway Island, Samoa"}},"email":"miguel.roche@example.com","login":{"uuid":"ae0ed920-a450-4a7a-83e9-adf73938d27f","username":"tinymeercat689","password":"caprice","salt":"QrvbQDPV","md5":"f23ab2b630b2e19f4def214b774931ea","sha1":"d54c44e6bfbe3951ee5d99570148d8509f3e6399","sha256":"e7cf0592b6d4ee13af9385215abc14dac2ecd58503aa838badfae660cd8d85c9"},"dob":{"date":"1992-09-22T02:01:06.522Z","age":30},"registered":{"date":"2021-09-15T03:40:00.343Z","age":1},"phone":"077 258 14 90","cell":"077 982 38 68","id":{"name":"AVS","value":"756.3403.9220.10"},"picture":{"large":"https://randomuser.me/api/portraits/men/44.jpg","medium":"https://randomuser.me/api/portraits/med/men/44.jpg","thumbnail":"https://randomuser.me/api/portraits/thumb/men/44.jpg"},"nat":"CH"}],"info":{"seed":"d72386dcd1d703d7","results":1,"page":1,"version":"1.4"}}
[2023-04-26T08:59:51.489+0000] {taskinstance.py:1406} INFO - Marking task as SUCCESS. dag_id=user_processing, task_id=extract_user, execution_date=20230426T085945, start_date=20230426T085950, end_date=20230426T085951
[2023-04-26T08:59:51.518+0000] {local_task_job.py:164} INFO - Task exited with return code 0
[2023-04-26T08:59:51.537+0000] {local_task_job.py:273} INFO - 1 downstream tasks scheduled from follow-on schedule check
