[2023-04-26T03:43:36.357+0000] {taskinstance.py:1165} INFO - Dependencies all met for <TaskInstance: user_processing.extract_user manual__2023-04-26T03:43:32.321268+00:00 [queued]>
[2023-04-26T03:43:36.363+0000] {taskinstance.py:1165} INFO - Dependencies all met for <TaskInstance: user_processing.extract_user manual__2023-04-26T03:43:32.321268+00:00 [queued]>
[2023-04-26T03:43:36.364+0000] {taskinstance.py:1362} INFO - 
--------------------------------------------------------------------------------
[2023-04-26T03:43:36.364+0000] {taskinstance.py:1363} INFO - Starting attempt 1 of 1
[2023-04-26T03:43:36.364+0000] {taskinstance.py:1364} INFO - 
--------------------------------------------------------------------------------
[2023-04-26T03:43:36.371+0000] {taskinstance.py:1383} INFO - Executing <Task(SimpleHttpOperator): extract_user> on 2023-04-26 03:43:32.321268+00:00
[2023-04-26T03:43:36.376+0000] {standard_task_runner.py:55} INFO - Started process 19615 to run task
[2023-04-26T03:43:36.380+0000] {standard_task_runner.py:82} INFO - Running: ['***', 'tasks', 'run', 'user_processing', 'extract_user', 'manual__2023-04-26T03:43:32.321268+00:00', '--job-id', '120', '--raw', '--subdir', 'DAGS_FOLDER/user_processing.py', '--cfg-path', '/tmp/tmptz8xq2l7']
[2023-04-26T03:43:36.382+0000] {standard_task_runner.py:83} INFO - Job 120: Subtask extract_user
[2023-04-26T03:43:36.431+0000] {task_command.py:376} INFO - Running <TaskInstance: user_processing.extract_user manual__2023-04-26T03:43:32.321268+00:00 [running]> on host bebb68623a17
[2023-04-26T03:43:36.476+0000] {taskinstance.py:1592} INFO - Exporting the following env vars:
AIRFLOW_CTX_DAG_OWNER=***
AIRFLOW_CTX_DAG_ID=user_processing
AIRFLOW_CTX_TASK_ID=extract_user
AIRFLOW_CTX_EXECUTION_DATE=2023-04-26T03:43:32.321268+00:00
AIRFLOW_CTX_TRY_NUMBER=1
AIRFLOW_CTX_DAG_RUN_ID=manual__2023-04-26T03:43:32.321268+00:00
[2023-04-26T03:43:36.478+0000] {http.py:121} INFO - Calling HTTP method
[2023-04-26T03:43:36.486+0000] {base.py:71} INFO - Using connection ID 'user_api' for task execution.
[2023-04-26T03:43:36.487+0000] {http.py:148} INFO - Sending 'GET' to url: https://randomuser.me/api/
[2023-04-26T03:43:37.118+0000] {http.py:125} INFO - {"results":[{"gender":"male","name":{"title":"Mr","first":"Ernest","last":"Little"},"location":{"street":{"number":8290,"name":"Rectory Lane"},"city":"York","state":"Gwent","country":"United Kingdom","postcode":"Y8 9ET","coordinates":{"latitude":"-10.8192","longitude":"-51.5315"},"timezone":{"offset":"+5:45","description":"Kathmandu"}},"email":"ernest.little@example.com","login":{"uuid":"48cdbf66-6239-44c4-bc2e-12fe5a203ec3","username":"blackwolf201","password":"shannon","salt":"yjpMqXrR","md5":"56ace043e212de63187e920bb5ea68ec","sha1":"fbf21611c4bda2d21ff8ace6ed9a500fe09ee898","sha256":"e78b6afca49b3d782a839bb0784e85f585ec178d1d56001f58ef8a39e3b5e1ce"},"dob":{"date":"1952-04-06T09:35:41.920Z","age":71},"registered":{"date":"2021-03-11T16:34:02.489Z","age":2},"phone":"0112260 144 2039","cell":"07083 755388","id":{"name":"NINO","value":"YM 02 19 76 W"},"picture":{"large":"https://randomuser.me/api/portraits/men/89.jpg","medium":"https://randomuser.me/api/portraits/med/men/89.jpg","thumbnail":"https://randomuser.me/api/portraits/thumb/men/89.jpg"},"nat":"GB"}],"info":{"seed":"bb9d87d49954df22","results":1,"page":1,"version":"1.4"}}
[2023-04-26T03:43:37.139+0000] {taskinstance.py:1406} INFO - Marking task as SUCCESS. dag_id=user_processing, task_id=extract_user, execution_date=20230426T034332, start_date=20230426T034336, end_date=20230426T034337
[2023-04-26T03:43:37.163+0000] {local_task_job.py:164} INFO - Task exited with return code 0
[2023-04-26T03:43:37.183+0000] {local_task_job.py:273} INFO - 1 downstream tasks scheduled from follow-on schedule check
