[2023-04-25T13:02:24.722+0000] {taskinstance.py:1165} INFO - Dependencies all met for <TaskInstance: user_processing.process_user manual__2023-04-25T13:02:23.362915+00:00 [queued]>
[2023-04-25T13:02:24.731+0000] {taskinstance.py:1165} INFO - Dependencies all met for <TaskInstance: user_processing.process_user manual__2023-04-25T13:02:23.362915+00:00 [queued]>
[2023-04-25T13:02:24.732+0000] {taskinstance.py:1362} INFO - 
--------------------------------------------------------------------------------
[2023-04-25T13:02:24.732+0000] {taskinstance.py:1363} INFO - Starting attempt 1 of 1
[2023-04-25T13:02:24.733+0000] {taskinstance.py:1364} INFO - 
--------------------------------------------------------------------------------
[2023-04-25T13:02:24.747+0000] {taskinstance.py:1383} INFO - Executing <Task(PythonOperator): process_user> on 2023-04-25 13:02:23.362915+00:00
[2023-04-25T13:02:24.752+0000] {standard_task_runner.py:55} INFO - Started process 12476 to run task
[2023-04-25T13:02:24.759+0000] {standard_task_runner.py:82} INFO - Running: ['***', 'tasks', 'run', 'user_processing', 'process_user', 'manual__2023-04-25T13:02:23.362915+00:00', '--job-id', '40', '--raw', '--subdir', 'DAGS_FOLDER/user_processing.py', '--cfg-path', '/tmp/tmpvfye0eo4']
[2023-04-25T13:02:24.760+0000] {standard_task_runner.py:83} INFO - Job 40: Subtask process_user
[2023-04-25T13:02:24.902+0000] {task_command.py:376} INFO - Running <TaskInstance: user_processing.process_user manual__2023-04-25T13:02:23.362915+00:00 [running]> on host bebb68623a17
[2023-04-25T13:02:25.076+0000] {taskinstance.py:1592} INFO - Exporting the following env vars:
AIRFLOW_CTX_DAG_OWNER=***
AIRFLOW_CTX_DAG_ID=user_processing
AIRFLOW_CTX_TASK_ID=process_user
AIRFLOW_CTX_EXECUTION_DATE=2023-04-25T13:02:23.362915+00:00
AIRFLOW_CTX_TRY_NUMBER=1
AIRFLOW_CTX_DAG_RUN_ID=manual__2023-04-25T13:02:23.362915+00:00
[2023-04-25T13:02:25.125+0000] {logging_mixin.py:120} INFO - None
[2023-04-25T13:02:25.127+0000] {python.py:177} INFO - Done. Returned value was: None
[2023-04-25T13:02:25.151+0000] {taskinstance.py:1406} INFO - Marking task as SUCCESS. dag_id=user_processing, task_id=process_user, execution_date=20230425T130223, start_date=20230425T130224, end_date=20230425T130225
[2023-04-25T13:02:25.216+0000] {local_task_job.py:164} INFO - Task exited with return code 0
[2023-04-25T13:02:25.290+0000] {local_task_job.py:273} INFO - 0 downstream tasks scheduled from follow-on schedule check
