[2023-04-26T09:35:45.814+0000] {taskinstance.py:1165} INFO - Dependencies all met for <TaskInstance: dag1.create_table manual__2023-04-26T09:35:44.967818+00:00 [queued]>
[2023-04-26T09:35:45.831+0000] {taskinstance.py:1165} INFO - Dependencies all met for <TaskInstance: dag1.create_table manual__2023-04-26T09:35:44.967818+00:00 [queued]>
[2023-04-26T09:35:45.831+0000] {taskinstance.py:1362} INFO - 
--------------------------------------------------------------------------------
[2023-04-26T09:35:45.832+0000] {taskinstance.py:1363} INFO - Starting attempt 1 of 1
[2023-04-26T09:35:45.833+0000] {taskinstance.py:1364} INFO - 
--------------------------------------------------------------------------------
[2023-04-26T09:35:45.844+0000] {taskinstance.py:1383} INFO - Executing <Task(PostgresOperator): create_table> on 2023-04-26 09:35:44.967818+00:00
[2023-04-26T09:35:45.850+0000] {standard_task_runner.py:55} INFO - Started process 3433 to run task
[2023-04-26T09:35:45.860+0000] {standard_task_runner.py:82} INFO - Running: ['***', 'tasks', 'run', 'dag1', 'create_table', 'manual__2023-04-26T09:35:44.967818+00:00', '--job-id', '250', '--raw', '--subdir', 'DAGS_FOLDER/dag1.py', '--cfg-path', '/tmp/tmpf1_k95qs']
[2023-04-26T09:35:45.861+0000] {standard_task_runner.py:83} INFO - Job 250: Subtask create_table
[2023-04-26T09:35:45.956+0000] {task_command.py:376} INFO - Running <TaskInstance: dag1.create_table manual__2023-04-26T09:35:44.967818+00:00 [running]> on host c452347a64f2
[2023-04-26T09:35:46.032+0000] {taskinstance.py:1592} INFO - Exporting the following env vars:
AIRFLOW_CTX_DAG_OWNER=***
AIRFLOW_CTX_DAG_ID=dag1
AIRFLOW_CTX_TASK_ID=create_table
AIRFLOW_CTX_EXECUTION_DATE=2023-04-26T09:35:44.967818+00:00
AIRFLOW_CTX_TRY_NUMBER=1
AIRFLOW_CTX_DAG_RUN_ID=manual__2023-04-26T09:35:44.967818+00:00
[2023-04-26T09:35:46.045+0000] {base.py:71} INFO - Using connection ID 'postgres' for task execution.
[2023-04-26T09:35:46.057+0000] {sql.py:315} INFO - Running statement: 
            CREATE TABLE IF NOT EXISTS employees(
                first_name varchar(255) not null,
                last_name varchar(255) not null,
                country varchar(255) not null,
                username varchar(255) not null,
                password varchar(255) not null,
                email varchar(255) not null
            );
        , parameters: None
[2023-04-26T09:35:46.058+0000] {postgres.py:96} INFO - NOTICE:  relation "employees" already exists, skipping

[2023-04-26T09:35:46.072+0000] {taskinstance.py:1406} INFO - Marking task as SUCCESS. dag_id=dag1, task_id=create_table, execution_date=20230426T093544, start_date=20230426T093545, end_date=20230426T093546
[2023-04-26T09:35:46.114+0000] {local_task_job.py:164} INFO - Task exited with return code 0
[2023-04-26T09:35:46.135+0000] {local_task_job.py:273} INFO - 0 downstream tasks scheduled from follow-on schedule check
