[2023-04-26T07:06:00.346+0000] {taskinstance.py:1165} INFO - Dependencies all met for <TaskInstance: user_processing.copy_task manual__2023-04-26T07:05:52.920197+00:00 [queued]>
[2023-04-26T07:06:00.351+0000] {taskinstance.py:1165} INFO - Dependencies all met for <TaskInstance: user_processing.copy_task manual__2023-04-26T07:05:52.920197+00:00 [queued]>
[2023-04-26T07:06:00.351+0000] {taskinstance.py:1362} INFO - 
--------------------------------------------------------------------------------
[2023-04-26T07:06:00.352+0000] {taskinstance.py:1363} INFO - Starting attempt 1 of 1
[2023-04-26T07:06:00.352+0000] {taskinstance.py:1364} INFO - 
--------------------------------------------------------------------------------
[2023-04-26T07:06:00.359+0000] {taskinstance.py:1383} INFO - Executing <Task(PythonOperator): copy_task> on 2023-04-26 07:05:52.920197+00:00
[2023-04-26T07:06:00.364+0000] {standard_task_runner.py:55} INFO - Started process 2238 to run task
[2023-04-26T07:06:00.367+0000] {standard_task_runner.py:82} INFO - Running: ['***', 'tasks', 'run', 'user_processing', 'copy_task', 'manual__2023-04-26T07:05:52.920197+00:00', '--job-id', '198', '--raw', '--subdir', 'DAGS_FOLDER/user_processing.py', '--cfg-path', '/tmp/tmpld3hyipu']
[2023-04-26T07:06:00.369+0000] {standard_task_runner.py:83} INFO - Job 198: Subtask copy_task
[2023-04-26T07:06:00.427+0000] {task_command.py:376} INFO - Running <TaskInstance: user_processing.copy_task manual__2023-04-26T07:05:52.920197+00:00 [running]> on host b0d118a97f46
[2023-04-26T07:06:00.472+0000] {taskinstance.py:1592} INFO - Exporting the following env vars:
AIRFLOW_CTX_DAG_OWNER=***
AIRFLOW_CTX_DAG_ID=user_processing
AIRFLOW_CTX_TASK_ID=copy_task
AIRFLOW_CTX_EXECUTION_DATE=2023-04-26T07:05:52.920197+00:00
AIRFLOW_CTX_TRY_NUMBER=1
AIRFLOW_CTX_DAG_RUN_ID=manual__2023-04-26T07:05:52.920197+00:00
[2023-04-26T07:06:00.473+0000] {postgres.py:129} INFO - Running copy expert: copy users from stdin DELIMITER as ',', filename: /tmp/processed_user.csv
[2023-04-26T07:06:00.481+0000] {base.py:71} INFO - Using connection ID 'postgres' for task execution.
[2023-04-26T07:06:00.487+0000] {python.py:177} INFO - Done. Returned value was: None
[2023-04-26T07:06:00.496+0000] {taskinstance.py:1406} INFO - Marking task as SUCCESS. dag_id=user_processing, task_id=copy_task, execution_date=20230426T070552, start_date=20230426T070600, end_date=20230426T070600
[2023-04-26T07:06:00.539+0000] {local_task_job.py:164} INFO - Task exited with return code 0
[2023-04-26T07:06:00.552+0000] {local_task_job.py:273} INFO - 0 downstream tasks scheduled from follow-on schedule check
