[2023-04-25T11:29:57.862+0000] {taskinstance.py:1165} INFO - Dependencies all met for <TaskInstance: user_processing.create_table manual__2023-04-25T11:29:56.870503+00:00 [queued]>
[2023-04-25T11:29:57.869+0000] {taskinstance.py:1165} INFO - Dependencies all met for <TaskInstance: user_processing.create_table manual__2023-04-25T11:29:56.870503+00:00 [queued]>
[2023-04-25T11:29:57.870+0000] {taskinstance.py:1362} INFO - 
--------------------------------------------------------------------------------
[2023-04-25T11:29:57.870+0000] {taskinstance.py:1363} INFO - Starting attempt 1 of 1
[2023-04-25T11:29:57.871+0000] {taskinstance.py:1364} INFO - 
--------------------------------------------------------------------------------
[2023-04-25T11:29:57.880+0000] {taskinstance.py:1383} INFO - Executing <Task(PostgresOperator): create_table> on 2023-04-25 11:29:56.870503+00:00
[2023-04-25T11:29:57.884+0000] {standard_task_runner.py:55} INFO - Started process 9271 to run task
[2023-04-25T11:29:57.889+0000] {standard_task_runner.py:82} INFO - Running: ['***', 'tasks', 'run', 'user_processing', 'create_table', 'manual__2023-04-25T11:29:56.870503+00:00', '--job-id', '14', '--raw', '--subdir', 'DAGS_FOLDER/user_processing.py', '--cfg-path', '/tmp/tmpupfde43c']
[2023-04-25T11:29:57.890+0000] {standard_task_runner.py:83} INFO - Job 14: Subtask create_table
[2023-04-25T11:29:57.948+0000] {task_command.py:376} INFO - Running <TaskInstance: user_processing.create_table manual__2023-04-25T11:29:56.870503+00:00 [running]> on host bebb68623a17
[2023-04-25T11:29:58.003+0000] {taskinstance.py:1592} INFO - Exporting the following env vars:
AIRFLOW_CTX_DAG_OWNER=***
AIRFLOW_CTX_DAG_ID=user_processing
AIRFLOW_CTX_TASK_ID=create_table
AIRFLOW_CTX_EXECUTION_DATE=2023-04-25T11:29:56.870503+00:00
AIRFLOW_CTX_TRY_NUMBER=1
AIRFLOW_CTX_DAG_RUN_ID=manual__2023-04-25T11:29:56.870503+00:00
[2023-04-25T11:29:58.016+0000] {base.py:71} INFO - Using connection ID 'postgres' for task execution.
[2023-04-25T11:29:58.024+0000] {sql.py:315} INFO - Running statement: 
            CREATE TABLE IF NOT EXISTS users(
                first_name varchar(255) not null,
                last_name varchar(255) not null,
                country varchar(255) not null,
                username varchar(255) not null,
                password varchar(255) not null,
                email varchar(255) not null
            );
        , parameters: None
[2023-04-25T11:29:58.026+0000] {postgres.py:96} INFO - NOTICE:  relation "users" already exists, skipping

[2023-04-25T11:29:58.040+0000] {taskinstance.py:1406} INFO - Marking task as SUCCESS. dag_id=user_processing, task_id=create_table, execution_date=20230425T112956, start_date=20230425T112957, end_date=20230425T112958
[2023-04-25T11:29:58.064+0000] {local_task_job.py:164} INFO - Task exited with return code 0
[2023-04-25T11:29:58.078+0000] {local_task_job.py:273} INFO - 0 downstream tasks scheduled from follow-on schedule check
