[2023-04-26T09:12:17.325+0000] {taskinstance.py:1165} INFO - Dependencies all met for <TaskInstance: user_processing.process_user manual__2023-04-26T09:12:10.960469+00:00 [queued]>
[2023-04-26T09:12:17.331+0000] {taskinstance.py:1165} INFO - Dependencies all met for <TaskInstance: user_processing.process_user manual__2023-04-26T09:12:10.960469+00:00 [queued]>
[2023-04-26T09:12:17.331+0000] {taskinstance.py:1362} INFO - 
--------------------------------------------------------------------------------
[2023-04-26T09:12:17.331+0000] {taskinstance.py:1363} INFO - Starting attempt 1 of 1
[2023-04-26T09:12:17.332+0000] {taskinstance.py:1364} INFO - 
--------------------------------------------------------------------------------
[2023-04-26T09:12:17.338+0000] {taskinstance.py:1383} INFO - Executing <Task(PythonOperator): process_user> on 2023-04-26 09:12:10.960469+00:00
[2023-04-26T09:12:17.343+0000] {standard_task_runner.py:55} INFO - Started process 2232 to run task
[2023-04-26T09:12:17.347+0000] {standard_task_runner.py:82} INFO - Running: ['***', 'tasks', 'run', 'user_processing', 'process_user', 'manual__2023-04-26T09:12:10.960469+00:00', '--job-id', '236', '--raw', '--subdir', 'DAGS_FOLDER/user_processing.py', '--cfg-path', '/tmp/tmpm84o9t_d']
[2023-04-26T09:12:17.349+0000] {standard_task_runner.py:83} INFO - Job 236: Subtask process_user
[2023-04-26T09:12:17.397+0000] {task_command.py:376} INFO - Running <TaskInstance: user_processing.process_user manual__2023-04-26T09:12:10.960469+00:00 [running]> on host c452347a64f2
[2023-04-26T09:12:17.441+0000] {taskinstance.py:1592} INFO - Exporting the following env vars:
AIRFLOW_CTX_DAG_OWNER=***
AIRFLOW_CTX_DAG_ID=user_processing
AIRFLOW_CTX_TASK_ID=process_user
AIRFLOW_CTX_EXECUTION_DATE=2023-04-26T09:12:10.960469+00:00
AIRFLOW_CTX_TRY_NUMBER=1
AIRFLOW_CTX_DAG_RUN_ID=manual__2023-04-26T09:12:10.960469+00:00
[2023-04-26T09:12:17.466+0000] {python.py:177} INFO - Done. Returned value was: None
[2023-04-26T09:12:17.478+0000] {taskinstance.py:1406} INFO - Marking task as SUCCESS. dag_id=user_processing, task_id=process_user, execution_date=20230426T091210, start_date=20230426T091217, end_date=20230426T091217
[2023-04-26T09:12:17.520+0000] {local_task_job.py:164} INFO - Task exited with return code 0
[2023-04-26T09:12:17.536+0000] {local_task_job.py:273} INFO - 1 downstream tasks scheduled from follow-on schedule check
