[2023-04-26T03:53:25.696+0000] {taskinstance.py:1165} INFO - Dependencies all met for <TaskInstance: user_processing.extract_user manual__2023-04-26T03:53:18.869151+00:00 [queued]>
[2023-04-26T03:53:25.702+0000] {taskinstance.py:1165} INFO - Dependencies all met for <TaskInstance: user_processing.extract_user manual__2023-04-26T03:53:18.869151+00:00 [queued]>
[2023-04-26T03:53:25.703+0000] {taskinstance.py:1362} INFO - 
--------------------------------------------------------------------------------
[2023-04-26T03:53:25.703+0000] {taskinstance.py:1363} INFO - Starting attempt 1 of 1
[2023-04-26T03:53:25.704+0000] {taskinstance.py:1364} INFO - 
--------------------------------------------------------------------------------
[2023-04-26T03:53:25.711+0000] {taskinstance.py:1383} INFO - Executing <Task(SimpleHttpOperator): extract_user> on 2023-04-26 03:53:18.869151+00:00
[2023-04-26T03:53:25.716+0000] {standard_task_runner.py:55} INFO - Started process 20167 to run task
[2023-04-26T03:53:25.719+0000] {standard_task_runner.py:82} INFO - Running: ['***', 'tasks', 'run', 'user_processing', 'extract_user', 'manual__2023-04-26T03:53:18.869151+00:00', '--job-id', '132', '--raw', '--subdir', 'DAGS_FOLDER/user_processing.py', '--cfg-path', '/tmp/tmpabc658tf']
[2023-04-26T03:53:25.721+0000] {standard_task_runner.py:83} INFO - Job 132: Subtask extract_user
[2023-04-26T03:53:25.769+0000] {task_command.py:376} INFO - Running <TaskInstance: user_processing.extract_user manual__2023-04-26T03:53:18.869151+00:00 [running]> on host bebb68623a17
[2023-04-26T03:53:25.814+0000] {taskinstance.py:1592} INFO - Exporting the following env vars:
AIRFLOW_CTX_DAG_OWNER=***
AIRFLOW_CTX_DAG_ID=user_processing
AIRFLOW_CTX_TASK_ID=extract_user
AIRFLOW_CTX_EXECUTION_DATE=2023-04-26T03:53:18.869151+00:00
AIRFLOW_CTX_TRY_NUMBER=1
AIRFLOW_CTX_DAG_RUN_ID=manual__2023-04-26T03:53:18.869151+00:00
[2023-04-26T03:53:25.815+0000] {http.py:121} INFO - Calling HTTP method
[2023-04-26T03:53:25.823+0000] {base.py:71} INFO - Using connection ID 'user_api' for task execution.
[2023-04-26T03:53:25.825+0000] {http.py:148} INFO - Sending 'GET' to url: https://randomuser.me/api/
[2023-04-26T03:53:26.588+0000] {http.py:125} INFO - {"results":[{"gender":"male","name":{"title":"Mr","first":"Gerardo","last":"Olvera"},"location":{"street":{"number":7520,"name":"Eje vial Carmona"},"city":"Gabriel Zamora (Lombardia)","state":"Chiapas","country":"Mexico","postcode":84576,"coordinates":{"latitude":"23.0994","longitude":"-59.6802"},"timezone":{"offset":"+4:00","description":"Abu Dhabi, Muscat, Baku, Tbilisi"}},"email":"gerardo.olvera@example.com","login":{"uuid":"5a9c942d-ec9d-4988-80ac-453cb0a5a61a","username":"purplepeacock374","password":"5424","salt":"7YJZJHFt","md5":"ddb863ff9eb0cff75ee8af8c46883202","sha1":"2e95333abee0bc3fec804fbe072d7e8af229cd5a","sha256":"961638e5b4c78c779c1f1fcebfc5e130f9ce54d1f66b3e2245de380e3dda18bd"},"dob":{"date":"1964-01-03T02:53:11.974Z","age":59},"registered":{"date":"2006-11-22T21:23:20.221Z","age":16},"phone":"(670) 636 3067","cell":"(652) 488 0678","id":{"name":"NSS","value":"75 86 61 0345 3"},"picture":{"large":"https://randomuser.me/api/portraits/men/79.jpg","medium":"https://randomuser.me/api/portraits/med/men/79.jpg","thumbnail":"https://randomuser.me/api/portraits/thumb/men/79.jpg"},"nat":"MX"}],"info":{"seed":"78fb6c7c756a2014","results":1,"page":1,"version":"1.4"}}
[2023-04-26T03:53:26.621+0000] {taskinstance.py:1406} INFO - Marking task as SUCCESS. dag_id=user_processing, task_id=extract_user, execution_date=20230426T035318, start_date=20230426T035325, end_date=20230426T035326
[2023-04-26T03:53:26.677+0000] {local_task_job.py:164} INFO - Task exited with return code 0
[2023-04-26T03:53:26.695+0000] {local_task_job.py:273} INFO - 1 downstream tasks scheduled from follow-on schedule check
