[2023-04-25T13:39:28.852+0000] {taskinstance.py:1165} INFO - Dependencies all met for <TaskInstance: user_processing.extract_user manual__2023-04-25T13:39:26.121688+00:00 [queued]>
[2023-04-25T13:39:28.858+0000] {taskinstance.py:1165} INFO - Dependencies all met for <TaskInstance: user_processing.extract_user manual__2023-04-25T13:39:26.121688+00:00 [queued]>
[2023-04-25T13:39:28.859+0000] {taskinstance.py:1362} INFO - 
--------------------------------------------------------------------------------
[2023-04-25T13:39:28.859+0000] {taskinstance.py:1363} INFO - Starting attempt 1 of 1
[2023-04-25T13:39:28.860+0000] {taskinstance.py:1364} INFO - 
--------------------------------------------------------------------------------
[2023-04-25T13:39:28.867+0000] {taskinstance.py:1383} INFO - Executing <Task(SimpleHttpOperator): extract_user> on 2023-04-25 13:39:26.121688+00:00
[2023-04-25T13:39:28.871+0000] {standard_task_runner.py:55} INFO - Started process 14493 to run task
[2023-04-25T13:39:28.875+0000] {standard_task_runner.py:82} INFO - Running: ['***', 'tasks', 'run', 'user_processing', 'extract_user', 'manual__2023-04-25T13:39:26.121688+00:00', '--job-id', '100', '--raw', '--subdir', 'DAGS_FOLDER/user_processing.py', '--cfg-path', '/tmp/tmp2598hly5']
[2023-04-25T13:39:28.877+0000] {standard_task_runner.py:83} INFO - Job 100: Subtask extract_user
[2023-04-25T13:39:28.925+0000] {task_command.py:376} INFO - Running <TaskInstance: user_processing.extract_user manual__2023-04-25T13:39:26.121688+00:00 [running]> on host bebb68623a17
[2023-04-25T13:39:28.969+0000] {taskinstance.py:1592} INFO - Exporting the following env vars:
AIRFLOW_CTX_DAG_OWNER=***
AIRFLOW_CTX_DAG_ID=user_processing
AIRFLOW_CTX_TASK_ID=extract_user
AIRFLOW_CTX_EXECUTION_DATE=2023-04-25T13:39:26.121688+00:00
AIRFLOW_CTX_TRY_NUMBER=1
AIRFLOW_CTX_DAG_RUN_ID=manual__2023-04-25T13:39:26.121688+00:00
[2023-04-25T13:39:28.970+0000] {http.py:121} INFO - Calling HTTP method
[2023-04-25T13:39:28.978+0000] {base.py:71} INFO - Using connection ID 'user_api' for task execution.
[2023-04-25T13:39:28.980+0000] {http.py:148} INFO - Sending 'GET' to url: https://randomuser.me/api/
[2023-04-25T13:39:29.327+0000] {http.py:125} INFO - {"results":[{"gender":"male","name":{"title":"Mr","first":"Joseph","last":"Thampy"},"location":{"street":{"number":6008,"name":"Racecource Rd"},"city":"Dindigul","state":"Mizoram","country":"India","postcode":55232,"coordinates":{"latitude":"5.6037","longitude":"-62.2737"},"timezone":{"offset":"+7:00","description":"Bangkok, Hanoi, Jakarta"}},"email":"joseph.thampy@example.com","login":{"uuid":"8fc9a4a8-16bf-44f7-a142-0a10587ab37b","username":"crazydog140","password":"azzer","salt":"fzS9q7EP","md5":"b6c21e8505a76f0da85379c7194a8da3","sha1":"04b4583a438d028b09f27449cf0c3e1e265efdda","sha256":"6531c23c39cea3d0e8ba2137a8722a3b8a18815480b54920101bd99bc521db2c"},"dob":{"date":"1981-11-01T11:11:34.269Z","age":41},"registered":{"date":"2003-11-06T09:57:33.533Z","age":19},"phone":"8546724780","cell":"9167511866","id":{"name":"UIDAI","value":"969499791637"},"picture":{"large":"https://randomuser.me/api/portraits/men/4.jpg","medium":"https://randomuser.me/api/portraits/med/men/4.jpg","thumbnail":"https://randomuser.me/api/portraits/thumb/men/4.jpg"},"nat":"IN"}],"info":{"seed":"99c7add381d89bd4","results":1,"page":1,"version":"1.4"}}
[2023-04-25T13:39:29.349+0000] {taskinstance.py:1406} INFO - Marking task as SUCCESS. dag_id=user_processing, task_id=extract_user, execution_date=20230425T133926, start_date=20230425T133928, end_date=20230425T133929
[2023-04-25T13:39:29.379+0000] {local_task_job.py:164} INFO - Task exited with return code 0
[2023-04-25T13:39:29.397+0000] {local_task_job.py:273} INFO - 1 downstream tasks scheduled from follow-on schedule check
