[2023-04-25T12:56:33.868+0000] {taskinstance.py:1165} INFO - Dependencies all met for <TaskInstance: user_processing.extract_user manual__2023-04-25T12:56:32.500290+00:00 [queued]>
[2023-04-25T12:56:33.880+0000] {taskinstance.py:1165} INFO - Dependencies all met for <TaskInstance: user_processing.extract_user manual__2023-04-25T12:56:32.500290+00:00 [queued]>
[2023-04-25T12:56:33.882+0000] {taskinstance.py:1362} INFO - 
--------------------------------------------------------------------------------
[2023-04-25T12:56:33.883+0000] {taskinstance.py:1363} INFO - Starting attempt 1 of 1
[2023-04-25T12:56:33.883+0000] {taskinstance.py:1364} INFO - 
--------------------------------------------------------------------------------
[2023-04-25T12:56:33.893+0000] {taskinstance.py:1383} INFO - Executing <Task(SimpleHttpOperator): extract_user> on 2023-04-25 12:56:32.500290+00:00
[2023-04-25T12:56:33.899+0000] {standard_task_runner.py:55} INFO - Started process 12151 to run task
[2023-04-25T12:56:33.904+0000] {standard_task_runner.py:82} INFO - Running: ['***', 'tasks', 'run', 'user_processing', 'extract_user', 'manual__2023-04-25T12:56:32.500290+00:00', '--job-id', '29', '--raw', '--subdir', 'DAGS_FOLDER/user_processing.py', '--cfg-path', '/tmp/tmpckwbfy1r']
[2023-04-25T12:56:33.905+0000] {standard_task_runner.py:83} INFO - Job 29: Subtask extract_user
[2023-04-25T12:56:34.004+0000] {task_command.py:376} INFO - Running <TaskInstance: user_processing.extract_user manual__2023-04-25T12:56:32.500290+00:00 [running]> on host bebb68623a17
[2023-04-25T12:56:34.080+0000] {taskinstance.py:1592} INFO - Exporting the following env vars:
AIRFLOW_CTX_DAG_OWNER=***
AIRFLOW_CTX_DAG_ID=user_processing
AIRFLOW_CTX_TASK_ID=extract_user
AIRFLOW_CTX_EXECUTION_DATE=2023-04-25T12:56:32.500290+00:00
AIRFLOW_CTX_TRY_NUMBER=1
AIRFLOW_CTX_DAG_RUN_ID=manual__2023-04-25T12:56:32.500290+00:00
[2023-04-25T12:56:34.081+0000] {http.py:121} INFO - Calling HTTP method
[2023-04-25T12:56:34.098+0000] {base.py:71} INFO - Using connection ID 'user_api' for task execution.
[2023-04-25T12:56:34.100+0000] {http.py:148} INFO - Sending 'GET' to url: https://randomuser.me/api/
[2023-04-25T12:56:34.818+0000] {http.py:125} INFO - {"results":[{"gender":"female","name":{"title":"Ms","first":"Pooja","last":"Thampy"},"location":{"street":{"number":9007,"name":"Old Jail Rd"},"city":"Mehsana","state":"Daman and Diu","country":"India","postcode":65449,"coordinates":{"latitude":"8.7394","longitude":"163.5055"},"timezone":{"offset":"-12:00","description":"Eniwetok, Kwajalein"}},"email":"pooja.thampy@example.com","login":{"uuid":"8fa0e994-9cbb-4c56-a6bb-9535a6a1ce94","username":"silvermeercat386","password":"pimpin","salt":"USRXtzzx","md5":"3acde2811d8b6c1598f765cf9eaf763c","sha1":"fca3c0113904581989fd16336aaa8198b3a42c12","sha256":"41689f0a6d329c70e1cfc38eca86a81599eae80a579428d90a7418ccfb36ed86"},"dob":{"date":"1956-03-13T05:13:26.059Z","age":67},"registered":{"date":"2008-07-21T02:18:13.702Z","age":14},"phone":"8607962263","cell":"9545386909","id":{"name":"UIDAI","value":"510216884767"},"picture":{"large":"https://randomuser.me/api/portraits/women/62.jpg","medium":"https://randomuser.me/api/portraits/med/women/62.jpg","thumbnail":"https://randomuser.me/api/portraits/thumb/women/62.jpg"},"nat":"IN"}],"info":{"seed":"01b8f38c896bd7ac","results":1,"page":1,"version":"1.4"}}
[2023-04-25T12:56:34.854+0000] {taskinstance.py:1406} INFO - Marking task as SUCCESS. dag_id=user_processing, task_id=extract_user, execution_date=20230425T125632, start_date=20230425T125633, end_date=20230425T125634
[2023-04-25T12:56:34.892+0000] {local_task_job.py:164} INFO - Task exited with return code 0
[2023-04-25T12:56:34.906+0000] {local_task_job.py:273} INFO - 0 downstream tasks scheduled from follow-on schedule check
