[2023-04-25T08:53:46.248+0000] {taskinstance.py:1165} INFO - Dependencies all met for <TaskInstance: example_bash_operator.runme_1 scheduled__2023-04-24T00:00:00+00:00 [queued]>
[2023-04-25T08:53:46.260+0000] {taskinstance.py:1165} INFO - Dependencies all met for <TaskInstance: example_bash_operator.runme_1 scheduled__2023-04-24T00:00:00+00:00 [queued]>
[2023-04-25T08:53:46.261+0000] {taskinstance.py:1362} INFO - 
--------------------------------------------------------------------------------
[2023-04-25T08:53:46.261+0000] {taskinstance.py:1363} INFO - Starting attempt 1 of 1
[2023-04-25T08:53:46.261+0000] {taskinstance.py:1364} INFO - 
--------------------------------------------------------------------------------
[2023-04-25T08:53:46.272+0000] {taskinstance.py:1383} INFO - Executing <Task(BashOperator): runme_1> on 2023-04-24 00:00:00+00:00
[2023-04-25T08:53:46.277+0000] {standard_task_runner.py:55} INFO - Started process 2369 to run task
[2023-04-25T08:53:46.281+0000] {standard_task_runner.py:82} INFO - Running: ['***', 'tasks', 'run', 'example_bash_operator', 'runme_1', 'scheduled__2023-04-24T00:00:00+00:00', '--job-id', '6', '--raw', '--subdir', '/home/***/.local/lib/python3.7/site-packages/***/example_dags/example_bash_operator.py', '--cfg-path', '/tmp/tmpzj8w1s37']
[2023-04-25T08:53:46.282+0000] {standard_task_runner.py:83} INFO - Job 6: Subtask runme_1
[2023-04-25T08:53:46.338+0000] {task_command.py:376} INFO - Running <TaskInstance: example_bash_operator.runme_1 scheduled__2023-04-24T00:00:00+00:00 [running]> on host bebb68623a17
[2023-04-25T08:53:46.414+0000] {taskinstance.py:1592} INFO - Exporting the following env vars:
AIRFLOW_CTX_DAG_OWNER=***
AIRFLOW_CTX_DAG_ID=example_bash_operator
AIRFLOW_CTX_TASK_ID=runme_1
AIRFLOW_CTX_EXECUTION_DATE=2023-04-24T00:00:00+00:00
AIRFLOW_CTX_TRY_NUMBER=1
AIRFLOW_CTX_DAG_RUN_ID=scheduled__2023-04-24T00:00:00+00:00
[2023-04-25T08:53:46.416+0000] {subprocess.py:63} INFO - Tmp dir root location: 
 /tmp
[2023-04-25T08:53:46.417+0000] {subprocess.py:75} INFO - Running command: ['/bin/bash', '-c', 'echo "example_bash_operator__runme_1__20230424" && sleep 1']
[2023-04-25T08:53:46.429+0000] {subprocess.py:86} INFO - Output:
[2023-04-25T08:53:46.431+0000] {subprocess.py:93} INFO - example_bash_operator__runme_1__20230424
[2023-04-25T08:53:47.434+0000] {subprocess.py:97} INFO - Command exited with return code 0
[2023-04-25T08:53:47.493+0000] {taskinstance.py:1406} INFO - Marking task as SUCCESS. dag_id=example_bash_operator, task_id=runme_1, execution_date=20230424T000000, start_date=20230425T085346, end_date=20230425T085347
[2023-04-25T08:53:47.539+0000] {local_task_job.py:164} INFO - Task exited with return code 0
[2023-04-25T08:53:47.559+0000] {local_task_job.py:273} INFO - 1 downstream tasks scheduled from follow-on schedule check
