[2023-04-26T04:52:01.713+0000] {taskinstance.py:1165} INFO - Dependencies all met for <TaskInstance: user_processing.process_user manual__2023-04-26T04:51:55.628027+00:00 [queued]>
[2023-04-26T04:52:01.721+0000] {taskinstance.py:1165} INFO - Dependencies all met for <TaskInstance: user_processing.process_user manual__2023-04-26T04:51:55.628027+00:00 [queued]>
[2023-04-26T04:52:01.721+0000] {taskinstance.py:1362} INFO - 
--------------------------------------------------------------------------------
[2023-04-26T04:52:01.722+0000] {taskinstance.py:1363} INFO - Starting attempt 1 of 1
[2023-04-26T04:52:01.722+0000] {taskinstance.py:1364} INFO - 
--------------------------------------------------------------------------------
[2023-04-26T04:52:01.730+0000] {taskinstance.py:1383} INFO - Executing <Task(PythonOperator): process_user> on 2023-04-26 04:51:55.628027+00:00
[2023-04-26T04:52:01.736+0000] {standard_task_runner.py:55} INFO - Started process 23199 to run task
[2023-04-26T04:52:01.739+0000] {standard_task_runner.py:82} INFO - Running: ['***', 'tasks', 'run', 'user_processing', 'process_user', 'manual__2023-04-26T04:51:55.628027+00:00', '--job-id', '163', '--raw', '--subdir', 'DAGS_FOLDER/user_processing.py', '--cfg-path', '/tmp/tmpwkpf88ps']
[2023-04-26T04:52:01.741+0000] {standard_task_runner.py:83} INFO - Job 163: Subtask process_user
[2023-04-26T04:52:01.795+0000] {task_command.py:376} INFO - Running <TaskInstance: user_processing.process_user manual__2023-04-26T04:51:55.628027+00:00 [running]> on host bebb68623a17
[2023-04-26T04:52:01.844+0000] {taskinstance.py:1592} INFO - Exporting the following env vars:
AIRFLOW_CTX_DAG_OWNER=***
AIRFLOW_CTX_DAG_ID=user_processing
AIRFLOW_CTX_TASK_ID=process_user
AIRFLOW_CTX_EXECUTION_DATE=2023-04-26T04:51:55.628027+00:00
AIRFLOW_CTX_TRY_NUMBER=1
AIRFLOW_CTX_DAG_RUN_ID=manual__2023-04-26T04:51:55.628027+00:00
[2023-04-26T04:52:01.860+0000] {python.py:177} INFO - Done. Returned value was: None
[2023-04-26T04:52:01.869+0000] {taskinstance.py:1406} INFO - Marking task as SUCCESS. dag_id=user_processing, task_id=process_user, execution_date=20230426T045155, start_date=20230426T045201, end_date=20230426T045201
[2023-04-26T04:52:01.910+0000] {local_task_job.py:164} INFO - Task exited with return code 0
[2023-04-26T04:52:01.928+0000] {local_task_job.py:273} INFO - 1 downstream tasks scheduled from follow-on schedule check
