[2023-04-26T11:16:19.740+0000] {taskinstance.py:1165} INFO - Dependencies all met for <TaskInstance: dag2.send_email_task manual__2023-04-26T11:16:18.100225+00:00 [queued]>
[2023-04-26T11:16:19.747+0000] {taskinstance.py:1165} INFO - Dependencies all met for <TaskInstance: dag2.send_email_task manual__2023-04-26T11:16:18.100225+00:00 [queued]>
[2023-04-26T11:16:19.748+0000] {taskinstance.py:1362} INFO - 
--------------------------------------------------------------------------------
[2023-04-26T11:16:19.749+0000] {taskinstance.py:1363} INFO - Starting attempt 1 of 1
[2023-04-26T11:16:19.749+0000] {taskinstance.py:1364} INFO - 
--------------------------------------------------------------------------------
[2023-04-26T11:16:19.758+0000] {taskinstance.py:1383} INFO - Executing <Task(EmailOperator): send_email_task> on 2023-04-26 11:16:18.100225+00:00
[2023-04-26T11:16:19.763+0000] {standard_task_runner.py:55} INFO - Started process 1332 to run task
[2023-04-26T11:16:19.766+0000] {standard_task_runner.py:82} INFO - Running: ['***', 'tasks', 'run', 'dag2', 'send_email_task', 'manual__2023-04-26T11:16:18.100225+00:00', '--job-id', '277', '--raw', '--subdir', 'DAGS_FOLDER/dag2.py', '--cfg-path', '/tmp/tmpwc8ewi61']
[2023-04-26T11:16:19.767+0000] {standard_task_runner.py:83} INFO - Job 277: Subtask send_email_task
[2023-04-26T11:16:19.816+0000] {task_command.py:376} INFO - Running <TaskInstance: dag2.send_email_task manual__2023-04-26T11:16:18.100225+00:00 [running]> on host 641cb7472cb1
[2023-04-26T11:16:19.866+0000] {taskinstance.py:1592} INFO - Exporting the following env vars:
AIRFLOW_CTX_DAG_OWNER=***
AIRFLOW_CTX_DAG_ID=dag2
AIRFLOW_CTX_TASK_ID=send_email_task
AIRFLOW_CTX_EXECUTION_DATE=2023-04-26T11:16:18.100225+00:00
AIRFLOW_CTX_TRY_NUMBER=1
AIRFLOW_CTX_DAG_RUN_ID=manual__2023-04-26T11:16:18.100225+00:00
[2023-04-26T11:16:19.875+0000] {base.py:71} INFO - Using connection ID 'smtp_default' for task execution.
[2023-04-26T11:16:19.876+0000] {email.py:229} INFO - Email alerting: attempt 1
[2023-04-26T11:16:21.321+0000] {email.py:241} INFO - Sent an alert email to ['shishirsinghvaranasi@gmail.com']
[2023-04-26T11:16:22.989+0000] {taskinstance.py:1406} INFO - Marking task as SUCCESS. dag_id=dag2, task_id=send_email_task, execution_date=20230426T111618, start_date=20230426T111619, end_date=20230426T111622
[2023-04-26T11:16:23.027+0000] {local_task_job.py:164} INFO - Task exited with return code 0
[2023-04-26T11:16:23.047+0000] {local_task_job.py:273} INFO - 0 downstream tasks scheduled from follow-on schedule check
