[2023-04-26T09:12:18.432+0000] {taskinstance.py:1165} INFO - Dependencies all met for <TaskInstance: user_processing.copy_task manual__2023-04-26T09:12:10.960469+00:00 [queued]>
[2023-04-26T09:12:18.438+0000] {taskinstance.py:1165} INFO - Dependencies all met for <TaskInstance: user_processing.copy_task manual__2023-04-26T09:12:10.960469+00:00 [queued]>
[2023-04-26T09:12:18.439+0000] {taskinstance.py:1362} INFO - 
--------------------------------------------------------------------------------
[2023-04-26T09:12:18.439+0000] {taskinstance.py:1363} INFO - Starting attempt 1 of 1
[2023-04-26T09:12:18.439+0000] {taskinstance.py:1364} INFO - 
--------------------------------------------------------------------------------
[2023-04-26T09:12:18.446+0000] {taskinstance.py:1383} INFO - Executing <Task(PostgresOperator): copy_task> on 2023-04-26 09:12:10.960469+00:00
[2023-04-26T09:12:18.451+0000] {standard_task_runner.py:55} INFO - Started process 2235 to run task
[2023-04-26T09:12:18.455+0000] {standard_task_runner.py:82} INFO - Running: ['***', 'tasks', 'run', 'user_processing', 'copy_task', 'manual__2023-04-26T09:12:10.960469+00:00', '--job-id', '237', '--raw', '--subdir', 'DAGS_FOLDER/user_processing.py', '--cfg-path', '/tmp/tmpr65c5wrm']
[2023-04-26T09:12:18.457+0000] {standard_task_runner.py:83} INFO - Job 237: Subtask copy_task
[2023-04-26T09:12:18.506+0000] {task_command.py:376} INFO - Running <TaskInstance: user_processing.copy_task manual__2023-04-26T09:12:10.960469+00:00 [running]> on host c452347a64f2
[2023-04-26T09:12:18.557+0000] {taskinstance.py:1592} INFO - Exporting the following env vars:
AIRFLOW_CTX_DAG_OWNER=***
AIRFLOW_CTX_DAG_ID=user_processing
AIRFLOW_CTX_TASK_ID=copy_task
AIRFLOW_CTX_EXECUTION_DATE=2023-04-26T09:12:10.960469+00:00
AIRFLOW_CTX_TRY_NUMBER=1
AIRFLOW_CTX_DAG_RUN_ID=manual__2023-04-26T09:12:10.960469+00:00
[2023-04-26T09:12:18.569+0000] {base.py:71} INFO - Using connection ID 'postgres' for task execution.
[2023-04-26T09:12:18.576+0000] {sql.py:315} INFO - Running statement: COPY users(first_name, last_name,country, username, password, email) FROM '/opt/***/csv_files/user_processed.csv' delimiter ',' CSV, parameters: None
[2023-04-26T09:12:18.579+0000] {sql.py:324} INFO - Rows affected: 1
[2023-04-26T09:12:18.593+0000] {taskinstance.py:1406} INFO - Marking task as SUCCESS. dag_id=user_processing, task_id=copy_task, execution_date=20230426T091210, start_date=20230426T091218, end_date=20230426T091218
[2023-04-26T09:12:18.629+0000] {local_task_job.py:164} INFO - Task exited with return code 0
[2023-04-26T09:12:18.644+0000] {local_task_job.py:273} INFO - 0 downstream tasks scheduled from follow-on schedule check
