[2023-04-26T10:11:56.951+0000] {taskinstance.py:1165} INFO - Dependencies all met for <TaskInstance: dag2.dummy_task scheduled__2023-04-25T00:00:00+00:00 [queued]>
[2023-04-26T10:11:56.957+0000] {taskinstance.py:1165} INFO - Dependencies all met for <TaskInstance: dag2.dummy_task scheduled__2023-04-25T00:00:00+00:00 [queued]>
[2023-04-26T10:11:56.958+0000] {taskinstance.py:1362} INFO - 
--------------------------------------------------------------------------------
[2023-04-26T10:11:56.959+0000] {taskinstance.py:1363} INFO - Starting attempt 1 of 1
[2023-04-26T10:11:56.959+0000] {taskinstance.py:1364} INFO - 
--------------------------------------------------------------------------------
[2023-04-26T10:11:56.970+0000] {taskinstance.py:1383} INFO - Executing <Task(PythonOperator): dummy_task> on 2023-04-25 00:00:00+00:00
[2023-04-26T10:11:56.976+0000] {standard_task_runner.py:55} INFO - Started process 4376 to run task
[2023-04-26T10:11:56.981+0000] {standard_task_runner.py:82} INFO - Running: ['***', 'tasks', 'run', 'dag2', 'dummy_task', 'scheduled__2023-04-25T00:00:00+00:00', '--job-id', '255', '--raw', '--subdir', 'DAGS_FOLDER/dag2.py', '--cfg-path', '/tmp/tmpmw4q8eaj']
[2023-04-26T10:11:56.982+0000] {standard_task_runner.py:83} INFO - Job 255: Subtask dummy_task
[2023-04-26T10:11:57.040+0000] {task_command.py:376} INFO - Running <TaskInstance: dag2.dummy_task scheduled__2023-04-25T00:00:00+00:00 [running]> on host c452347a64f2
[2023-04-26T10:11:57.094+0000] {taskinstance.py:1592} INFO - Exporting the following env vars:
AIRFLOW_CTX_DAG_OWNER=***
AIRFLOW_CTX_DAG_ID=dag2
AIRFLOW_CTX_TASK_ID=dummy_task
AIRFLOW_CTX_EXECUTION_DATE=2023-04-25T00:00:00+00:00
AIRFLOW_CTX_TRY_NUMBER=1
AIRFLOW_CTX_DAG_RUN_ID=scheduled__2023-04-25T00:00:00+00:00
[2023-04-26T10:11:57.096+0000] {logging_mixin.py:120} INFO - hello world
[2023-04-26T10:11:57.096+0000] {python.py:177} INFO - Done. Returned value was: None
[2023-04-26T10:11:57.106+0000] {taskinstance.py:1406} INFO - Marking task as SUCCESS. dag_id=dag2, task_id=dummy_task, execution_date=20230425T000000, start_date=20230426T101156, end_date=20230426T101157
[2023-04-26T10:11:57.152+0000] {local_task_job.py:164} INFO - Task exited with return code 0
[2023-04-26T10:11:57.167+0000] {local_task_job.py:273} INFO - 0 downstream tasks scheduled from follow-on schedule check
