[2023-04-26T05:53:49.938+0000] {taskinstance.py:1165} INFO - Dependencies all met for <TaskInstance: user_processing.process_user manual__2023-04-26T05:53:44.298934+00:00 [queued]>
[2023-04-26T05:53:49.946+0000] {taskinstance.py:1165} INFO - Dependencies all met for <TaskInstance: user_processing.process_user manual__2023-04-26T05:53:44.298934+00:00 [queued]>
[2023-04-26T05:53:49.947+0000] {taskinstance.py:1362} INFO - 
--------------------------------------------------------------------------------
[2023-04-26T05:53:49.947+0000] {taskinstance.py:1363} INFO - Starting attempt 1 of 1
[2023-04-26T05:53:49.948+0000] {taskinstance.py:1364} INFO - 
--------------------------------------------------------------------------------
[2023-04-26T05:53:49.955+0000] {taskinstance.py:1383} INFO - Executing <Task(PythonOperator): process_user> on 2023-04-26 05:53:44.298934+00:00
[2023-04-26T05:53:49.960+0000] {standard_task_runner.py:55} INFO - Started process 222 to run task
[2023-04-26T05:53:49.963+0000] {standard_task_runner.py:82} INFO - Running: ['***', 'tasks', 'run', 'user_processing', 'process_user', 'manual__2023-04-26T05:53:44.298934+00:00', '--job-id', '172', '--raw', '--subdir', 'DAGS_FOLDER/user_processing.py', '--cfg-path', '/tmp/tmpogaa8q1o']
[2023-04-26T05:53:49.965+0000] {standard_task_runner.py:83} INFO - Job 172: Subtask process_user
[2023-04-26T05:53:50.013+0000] {task_command.py:376} INFO - Running <TaskInstance: user_processing.process_user manual__2023-04-26T05:53:44.298934+00:00 [running]> on host b0d118a97f46
[2023-04-26T05:53:50.058+0000] {taskinstance.py:1592} INFO - Exporting the following env vars:
AIRFLOW_CTX_DAG_OWNER=***
AIRFLOW_CTX_DAG_ID=user_processing
AIRFLOW_CTX_TASK_ID=process_user
AIRFLOW_CTX_EXECUTION_DATE=2023-04-26T05:53:44.298934+00:00
AIRFLOW_CTX_TRY_NUMBER=1
AIRFLOW_CTX_DAG_RUN_ID=manual__2023-04-26T05:53:44.298934+00:00
[2023-04-26T05:53:50.078+0000] {python.py:177} INFO - Done. Returned value was: None
[2023-04-26T05:53:50.086+0000] {taskinstance.py:1406} INFO - Marking task as SUCCESS. dag_id=user_processing, task_id=process_user, execution_date=20230426T055344, start_date=20230426T055349, end_date=20230426T055350
[2023-04-26T05:53:50.136+0000] {local_task_job.py:164} INFO - Task exited with return code 0
[2023-04-26T05:53:50.153+0000] {local_task_job.py:273} INFO - 1 downstream tasks scheduled from follow-on schedule check
