[2023-04-26T06:28:19.697+0000] {taskinstance.py:1165} INFO - Dependencies all met for <TaskInstance: user_processing.extract_user manual__2023-04-26T06:28:15.944456+00:00 [queued]>
[2023-04-26T06:28:19.706+0000] {taskinstance.py:1165} INFO - Dependencies all met for <TaskInstance: user_processing.extract_user manual__2023-04-26T06:28:15.944456+00:00 [queued]>
[2023-04-26T06:28:19.707+0000] {taskinstance.py:1362} INFO - 
--------------------------------------------------------------------------------
[2023-04-26T06:28:19.708+0000] {taskinstance.py:1363} INFO - Starting attempt 1 of 1
[2023-04-26T06:28:19.709+0000] {taskinstance.py:1364} INFO - 
--------------------------------------------------------------------------------
[2023-04-26T06:28:19.723+0000] {taskinstance.py:1383} INFO - Executing <Task(SimpleHttpOperator): extract_user> on 2023-04-26 06:28:15.944456+00:00
[2023-04-26T06:28:19.730+0000] {standard_task_runner.py:55} INFO - Started process 268 to run task
[2023-04-26T06:28:19.735+0000] {standard_task_runner.py:82} INFO - Running: ['***', 'tasks', 'run', 'user_processing', 'extract_user', 'manual__2023-04-26T06:28:15.944456+00:00', '--job-id', '176', '--raw', '--subdir', 'DAGS_FOLDER/user_processing.py', '--cfg-path', '/tmp/tmpvor5013v']
[2023-04-26T06:28:19.743+0000] {standard_task_runner.py:83} INFO - Job 176: Subtask extract_user
[2023-04-26T06:28:19.805+0000] {task_command.py:376} INFO - Running <TaskInstance: user_processing.extract_user manual__2023-04-26T06:28:15.944456+00:00 [running]> on host b0d118a97f46
[2023-04-26T06:28:19.860+0000] {taskinstance.py:1592} INFO - Exporting the following env vars:
AIRFLOW_CTX_DAG_OWNER=***
AIRFLOW_CTX_DAG_ID=user_processing
AIRFLOW_CTX_TASK_ID=extract_user
AIRFLOW_CTX_EXECUTION_DATE=2023-04-26T06:28:15.944456+00:00
AIRFLOW_CTX_TRY_NUMBER=1
AIRFLOW_CTX_DAG_RUN_ID=manual__2023-04-26T06:28:15.944456+00:00
[2023-04-26T06:28:19.861+0000] {http.py:121} INFO - Calling HTTP method
[2023-04-26T06:28:19.871+0000] {base.py:71} INFO - Using connection ID 'user_api' for task execution.
[2023-04-26T06:28:19.874+0000] {http.py:148} INFO - Sending 'GET' to url: https://randomuser.me/api/
[2023-04-26T06:28:20.643+0000] {http.py:125} INFO - {"results":[{"gender":"female","name":{"title":"Ms","first":"Josefa","last":"Denk"},"location":{"street":{"number":2538,"name":"Amselweg"},"city":"Bad Schwalbach","state":"Thüringen","country":"Germany","postcode":95375,"coordinates":{"latitude":"-51.3257","longitude":"170.7903"},"timezone":{"offset":"+4:00","description":"Abu Dhabi, Muscat, Baku, Tbilisi"}},"email":"josefa.denk@example.com","login":{"uuid":"82f9401f-f87a-432b-aef2-8a6b181e364c","username":"blueleopard701","password":"zouzou","salt":"GDQmjU63","md5":"c13ab693bde796746bf2e33088b34404","sha1":"72fa774a095d4a651d0347eb09f3e074cc1f3434","sha256":"cce9d60eb5a2e01aa7be6947c105a4fc16f7c4af52fca9ebe2da2f1cad037c9d"},"dob":{"date":"1967-09-22T17:27:51.795Z","age":55},"registered":{"date":"2016-07-23T23:32:51.100Z","age":6},"phone":"0508-2327552","cell":"0170-4577272","id":{"name":"SVNR","value":"69 220967 D 957"},"picture":{"large":"https://randomuser.me/api/portraits/women/7.jpg","medium":"https://randomuser.me/api/portraits/med/women/7.jpg","thumbnail":"https://randomuser.me/api/portraits/thumb/women/7.jpg"},"nat":"DE"}],"info":{"seed":"64b812d81f045dcd","results":1,"page":1,"version":"1.4"}}
[2023-04-26T06:28:20.699+0000] {taskinstance.py:1406} INFO - Marking task as SUCCESS. dag_id=user_processing, task_id=extract_user, execution_date=20230426T062815, start_date=20230426T062819, end_date=20230426T062820
[2023-04-26T06:28:20.739+0000] {local_task_job.py:164} INFO - Task exited with return code 0
[2023-04-26T06:28:20.763+0000] {local_task_job.py:273} INFO - 1 downstream tasks scheduled from follow-on schedule check
