[2023-04-26T04:17:58.886+0000] {taskinstance.py:1165} INFO - Dependencies all met for <TaskInstance: user_processing.process_user manual__2023-04-26T04:17:53.136488+00:00 [queued]>
[2023-04-26T04:17:58.893+0000] {taskinstance.py:1165} INFO - Dependencies all met for <TaskInstance: user_processing.process_user manual__2023-04-26T04:17:53.136488+00:00 [queued]>
[2023-04-26T04:17:58.893+0000] {taskinstance.py:1362} INFO - 
--------------------------------------------------------------------------------
[2023-04-26T04:17:58.894+0000] {taskinstance.py:1363} INFO - Starting attempt 1 of 1
[2023-04-26T04:17:58.894+0000] {taskinstance.py:1364} INFO - 
--------------------------------------------------------------------------------
[2023-04-26T04:17:58.901+0000] {taskinstance.py:1383} INFO - Executing <Task(PythonOperator): process_user> on 2023-04-26 04:17:53.136488+00:00
[2023-04-26T04:17:58.906+0000] {standard_task_runner.py:55} INFO - Started process 21406 to run task
[2023-04-26T04:17:58.910+0000] {standard_task_runner.py:82} INFO - Running: ['***', 'tasks', 'run', 'user_processing', 'process_user', 'manual__2023-04-26T04:17:53.136488+00:00', '--job-id', '137', '--raw', '--subdir', 'DAGS_FOLDER/user_processing.py', '--cfg-path', '/tmp/tmp3iqs1lls']
[2023-04-26T04:17:58.912+0000] {standard_task_runner.py:83} INFO - Job 137: Subtask process_user
[2023-04-26T04:17:58.963+0000] {task_command.py:376} INFO - Running <TaskInstance: user_processing.process_user manual__2023-04-26T04:17:53.136488+00:00 [running]> on host bebb68623a17
[2023-04-26T04:17:59.010+0000] {taskinstance.py:1592} INFO - Exporting the following env vars:
AIRFLOW_CTX_DAG_OWNER=***
AIRFLOW_CTX_DAG_ID=user_processing
AIRFLOW_CTX_TASK_ID=process_user
AIRFLOW_CTX_EXECUTION_DATE=2023-04-26T04:17:53.136488+00:00
AIRFLOW_CTX_TRY_NUMBER=1
AIRFLOW_CTX_DAG_RUN_ID=manual__2023-04-26T04:17:53.136488+00:00
[2023-04-26T04:17:59.026+0000] {python.py:177} INFO - Done. Returned value was: None
[2023-04-26T04:17:59.034+0000] {taskinstance.py:1406} INFO - Marking task as SUCCESS. dag_id=user_processing, task_id=process_user, execution_date=20230426T041753, start_date=20230426T041758, end_date=20230426T041759
[2023-04-26T04:17:59.083+0000] {local_task_job.py:164} INFO - Task exited with return code 0
[2023-04-26T04:17:59.100+0000] {local_task_job.py:273} INFO - 1 downstream tasks scheduled from follow-on schedule check
