[2023-04-26T10:57:45.621+0000] {taskinstance.py:1165} INFO - Dependencies all met for <TaskInstance: dag2.dummy_task manual__2023-04-26T10:57:45.136324+00:00 [queued]>
[2023-04-26T10:57:45.628+0000] {taskinstance.py:1165} INFO - Dependencies all met for <TaskInstance: dag2.dummy_task manual__2023-04-26T10:57:45.136324+00:00 [queued]>
[2023-04-26T10:57:45.628+0000] {taskinstance.py:1362} INFO - 
--------------------------------------------------------------------------------
[2023-04-26T10:57:45.628+0000] {taskinstance.py:1363} INFO - Starting attempt 1 of 1
[2023-04-26T10:57:45.629+0000] {taskinstance.py:1364} INFO - 
--------------------------------------------------------------------------------
[2023-04-26T10:57:45.638+0000] {taskinstance.py:1383} INFO - Executing <Task(PythonOperator): dummy_task> on 2023-04-26 10:57:45.136324+00:00
[2023-04-26T10:57:45.643+0000] {standard_task_runner.py:55} INFO - Started process 375 to run task
[2023-04-26T10:57:45.647+0000] {standard_task_runner.py:82} INFO - Running: ['***', 'tasks', 'run', 'dag2', 'dummy_task', 'manual__2023-04-26T10:57:45.136324+00:00', '--job-id', '264', '--raw', '--subdir', 'DAGS_FOLDER/dag2.py', '--cfg-path', '/tmp/tmpku_rjx35']
[2023-04-26T10:57:45.647+0000] {standard_task_runner.py:83} INFO - Job 264: Subtask dummy_task
[2023-04-26T10:57:45.705+0000] {task_command.py:376} INFO - Running <TaskInstance: dag2.dummy_task manual__2023-04-26T10:57:45.136324+00:00 [running]> on host 641cb7472cb1
[2023-04-26T10:57:45.757+0000] {taskinstance.py:1592} INFO - Exporting the following env vars:
AIRFLOW_CTX_DAG_OWNER=***
AIRFLOW_CTX_DAG_ID=dag2
AIRFLOW_CTX_TASK_ID=dummy_task
AIRFLOW_CTX_EXECUTION_DATE=2023-04-26T10:57:45.136324+00:00
AIRFLOW_CTX_TRY_NUMBER=1
AIRFLOW_CTX_DAG_RUN_ID=manual__2023-04-26T10:57:45.136324+00:00
[2023-04-26T10:57:45.758+0000] {logging_mixin.py:120} INFO - hello world
[2023-04-26T10:57:45.759+0000] {python.py:177} INFO - Done. Returned value was: None
[2023-04-26T10:57:45.770+0000] {taskinstance.py:1406} INFO - Marking task as SUCCESS. dag_id=dag2, task_id=dummy_task, execution_date=20230426T105745, start_date=20230426T105745, end_date=20230426T105745
[2023-04-26T10:57:45.823+0000] {local_task_job.py:164} INFO - Task exited with return code 0
[2023-04-26T10:57:45.841+0000] {local_task_job.py:273} INFO - 1 downstream tasks scheduled from follow-on schedule check
