[2023-04-25T13:13:43.218+0000] {taskinstance.py:1165} INFO - Dependencies all met for <TaskInstance: user_processing.extract_user manual__2023-04-25T13:13:41.259901+00:00 [queued]>
[2023-04-25T13:13:43.227+0000] {taskinstance.py:1165} INFO - Dependencies all met for <TaskInstance: user_processing.extract_user manual__2023-04-25T13:13:41.259901+00:00 [queued]>
[2023-04-25T13:13:43.227+0000] {taskinstance.py:1362} INFO - 
--------------------------------------------------------------------------------
[2023-04-25T13:13:43.228+0000] {taskinstance.py:1363} INFO - Starting attempt 1 of 1
[2023-04-25T13:13:43.229+0000] {taskinstance.py:1364} INFO - 
--------------------------------------------------------------------------------
[2023-04-25T13:13:43.241+0000] {taskinstance.py:1383} INFO - Executing <Task(SimpleHttpOperator): extract_user> on 2023-04-25 13:13:41.259901+00:00
[2023-04-25T13:13:43.250+0000] {standard_task_runner.py:55} INFO - Started process 13056 to run task
[2023-04-25T13:13:43.262+0000] {standard_task_runner.py:82} INFO - Running: ['***', 'tasks', 'run', 'user_processing', 'extract_user', 'manual__2023-04-25T13:13:41.259901+00:00', '--job-id', '49', '--raw', '--subdir', 'DAGS_FOLDER/user_processing.py', '--cfg-path', '/tmp/tmpqqhezttf']
[2023-04-25T13:13:43.265+0000] {standard_task_runner.py:83} INFO - Job 49: Subtask extract_user
[2023-04-25T13:13:43.358+0000] {task_command.py:376} INFO - Running <TaskInstance: user_processing.extract_user manual__2023-04-25T13:13:41.259901+00:00 [running]> on host bebb68623a17
[2023-04-25T13:13:43.446+0000] {taskinstance.py:1592} INFO - Exporting the following env vars:
AIRFLOW_CTX_DAG_OWNER=***
AIRFLOW_CTX_DAG_ID=user_processing
AIRFLOW_CTX_TASK_ID=extract_user
AIRFLOW_CTX_EXECUTION_DATE=2023-04-25T13:13:41.259901+00:00
AIRFLOW_CTX_TRY_NUMBER=1
AIRFLOW_CTX_DAG_RUN_ID=manual__2023-04-25T13:13:41.259901+00:00
[2023-04-25T13:13:43.450+0000] {http.py:121} INFO - Calling HTTP method
[2023-04-25T13:13:43.465+0000] {base.py:71} INFO - Using connection ID 'user_api' for task execution.
[2023-04-25T13:13:43.470+0000] {http.py:148} INFO - Sending 'GET' to url: https://randomuser.me/api/
[2023-04-25T13:13:44.119+0000] {http.py:125} INFO - {"results":[{"gender":"female","name":{"title":"Ms","first":"Minttu","last":"Pulkkinen"},"location":{"street":{"number":3118,"name":"Tehtaankatu"},"city":"Suomussalmi","state":"Central Ostrobothnia","country":"Finland","postcode":61370,"coordinates":{"latitude":"-29.3678","longitude":"100.5707"},"timezone":{"offset":"+6:00","description":"Almaty, Dhaka, Colombo"}},"email":"minttu.pulkkinen@example.com","login":{"uuid":"9bec4ed1-9e96-44c2-bc69-52edfb3aa1ae","username":"purplefrog218","password":"gracie","salt":"6JzrYlTY","md5":"b9a4570b069b86d687f534a5020507f5","sha1":"c3e9e3e380cbbd188efb2309ef13bc3eb10249b4","sha256":"8b3a9ea62910c377b5bf6f8ea385053c1269089bd8e62014a8ca0cae397cd115"},"dob":{"date":"1995-12-18T23:06:45.097Z","age":27},"registered":{"date":"2018-10-03T18:12:08.396Z","age":4},"phone":"07-266-168","cell":"049-255-27-25","id":{"name":"HETU","value":"NaNNA508undefined"},"picture":{"large":"https://randomuser.me/api/portraits/women/95.jpg","medium":"https://randomuser.me/api/portraits/med/women/95.jpg","thumbnail":"https://randomuser.me/api/portraits/thumb/women/95.jpg"},"nat":"FI"}],"info":{"seed":"1ccf5c3a8d4e5423","results":1,"page":1,"version":"1.4"}}
[2023-04-25T13:13:44.144+0000] {taskinstance.py:1406} INFO - Marking task as SUCCESS. dag_id=user_processing, task_id=extract_user, execution_date=20230425T131341, start_date=20230425T131343, end_date=20230425T131344
[2023-04-25T13:13:44.202+0000] {local_task_job.py:164} INFO - Task exited with return code 0
[2023-04-25T13:13:44.244+0000] {local_task_job.py:273} INFO - 0 downstream tasks scheduled from follow-on schedule check
