[2023-04-26T11:44:13.129+0000] {taskinstance.py:1165} INFO - Dependencies all met for <TaskInstance: slack_dag.dummy_task manual__2023-04-26T11:44:12.112054+00:00 [queued]>
[2023-04-26T11:44:13.135+0000] {taskinstance.py:1165} INFO - Dependencies all met for <TaskInstance: slack_dag.dummy_task manual__2023-04-26T11:44:12.112054+00:00 [queued]>
[2023-04-26T11:44:13.135+0000] {taskinstance.py:1362} INFO - 
--------------------------------------------------------------------------------
[2023-04-26T11:44:13.136+0000] {taskinstance.py:1363} INFO - Starting attempt 1 of 1
[2023-04-26T11:44:13.136+0000] {taskinstance.py:1364} INFO - 
--------------------------------------------------------------------------------
[2023-04-26T11:44:13.143+0000] {taskinstance.py:1383} INFO - Executing <Task(PythonOperator): dummy_task> on 2023-04-26 11:44:12.112054+00:00
[2023-04-26T11:44:13.148+0000] {standard_task_runner.py:55} INFO - Started process 2740 to run task
[2023-04-26T11:44:13.151+0000] {standard_task_runner.py:82} INFO - Running: ['***', 'tasks', 'run', 'slack_dag', 'dummy_task', 'manual__2023-04-26T11:44:12.112054+00:00', '--job-id', '284', '--raw', '--subdir', 'DAGS_FOLDER/dag3.py', '--cfg-path', '/tmp/tmpiuho89yh']
[2023-04-26T11:44:13.152+0000] {standard_task_runner.py:83} INFO - Job 284: Subtask dummy_task
[2023-04-26T11:44:13.198+0000] {task_command.py:376} INFO - Running <TaskInstance: slack_dag.dummy_task manual__2023-04-26T11:44:12.112054+00:00 [running]> on host 641cb7472cb1
[2023-04-26T11:44:13.270+0000] {taskinstance.py:1592} INFO - Exporting the following env vars:
AIRFLOW_CTX_DAG_OWNER=***
AIRFLOW_CTX_DAG_ID=slack_dag
AIRFLOW_CTX_TASK_ID=dummy_task
AIRFLOW_CTX_EXECUTION_DATE=2023-04-26T11:44:12.112054+00:00
AIRFLOW_CTX_TRY_NUMBER=1
AIRFLOW_CTX_DAG_RUN_ID=manual__2023-04-26T11:44:12.112054+00:00
[2023-04-26T11:44:13.271+0000] {python.py:177} INFO - Done. Returned value was: None
[2023-04-26T11:44:13.280+0000] {taskinstance.py:1406} INFO - Marking task as SUCCESS. dag_id=slack_dag, task_id=dummy_task, execution_date=20230426T114412, start_date=20230426T114413, end_date=20230426T114413
[2023-04-26T11:44:13.324+0000] {local_task_job.py:164} INFO - Task exited with return code 0
[2023-04-26T11:44:13.345+0000] {local_task_job.py:273} INFO - 1 downstream tasks scheduled from follow-on schedule check
