[2023-04-25T08:53:45.659+0000] {taskinstance.py:1165} INFO - Dependencies all met for <TaskInstance: example_bash_operator.runme_0 scheduled__2023-04-24T00:00:00+00:00 [queued]>
[2023-04-25T08:53:45.669+0000] {taskinstance.py:1165} INFO - Dependencies all met for <TaskInstance: example_bash_operator.runme_0 scheduled__2023-04-24T00:00:00+00:00 [queued]>
[2023-04-25T08:53:45.671+0000] {taskinstance.py:1362} INFO - 
--------------------------------------------------------------------------------
[2023-04-25T08:53:45.671+0000] {taskinstance.py:1363} INFO - Starting attempt 1 of 1
[2023-04-25T08:53:45.672+0000] {taskinstance.py:1364} INFO - 
--------------------------------------------------------------------------------
[2023-04-25T08:53:45.682+0000] {taskinstance.py:1383} INFO - Executing <Task(BashOperator): runme_0> on 2023-04-24 00:00:00+00:00
[2023-04-25T08:53:45.688+0000] {standard_task_runner.py:55} INFO - Started process 2363 to run task
[2023-04-25T08:53:45.694+0000] {standard_task_runner.py:82} INFO - Running: ['***', 'tasks', 'run', 'example_bash_operator', 'runme_0', 'scheduled__2023-04-24T00:00:00+00:00', '--job-id', '4', '--raw', '--subdir', '/home/***/.local/lib/python3.7/site-packages/***/example_dags/example_bash_operator.py', '--cfg-path', '/tmp/tmph6la_4uk']
[2023-04-25T08:53:45.696+0000] {standard_task_runner.py:83} INFO - Job 4: Subtask runme_0
[2023-04-25T08:53:45.840+0000] {task_command.py:376} INFO - Running <TaskInstance: example_bash_operator.runme_0 scheduled__2023-04-24T00:00:00+00:00 [running]> on host bebb68623a17
[2023-04-25T08:53:45.928+0000] {taskinstance.py:1592} INFO - Exporting the following env vars:
AIRFLOW_CTX_DAG_OWNER=***
AIRFLOW_CTX_DAG_ID=example_bash_operator
AIRFLOW_CTX_TASK_ID=runme_0
AIRFLOW_CTX_EXECUTION_DATE=2023-04-24T00:00:00+00:00
AIRFLOW_CTX_TRY_NUMBER=1
AIRFLOW_CTX_DAG_RUN_ID=scheduled__2023-04-24T00:00:00+00:00
[2023-04-25T08:53:45.931+0000] {subprocess.py:63} INFO - Tmp dir root location: 
 /tmp
[2023-04-25T08:53:45.933+0000] {subprocess.py:75} INFO - Running command: ['/bin/bash', '-c', 'echo "example_bash_operator__runme_0__20230424" && sleep 1']
[2023-04-25T08:53:45.948+0000] {subprocess.py:86} INFO - Output:
[2023-04-25T08:53:45.951+0000] {subprocess.py:93} INFO - example_bash_operator__runme_0__20230424
[2023-04-25T08:53:46.956+0000] {subprocess.py:97} INFO - Command exited with return code 0
[2023-04-25T08:53:47.006+0000] {taskinstance.py:1406} INFO - Marking task as SUCCESS. dag_id=example_bash_operator, task_id=runme_0, execution_date=20230424T000000, start_date=20230425T085345, end_date=20230425T085347
[2023-04-25T08:53:47.057+0000] {local_task_job.py:164} INFO - Task exited with return code 0
[2023-04-25T08:53:47.078+0000] {local_task_job.py:273} INFO - 0 downstream tasks scheduled from follow-on schedule check
