[2023-04-26T00:27:19.957+0000] {taskinstance.py:1165} INFO - Dependencies all met for <TaskInstance: user_processing.process_user scheduled__2023-04-25T00:00:00+00:00 [queued]>
[2023-04-26T00:27:19.975+0000] {taskinstance.py:1165} INFO - Dependencies all met for <TaskInstance: user_processing.process_user scheduled__2023-04-25T00:00:00+00:00 [queued]>
[2023-04-26T00:27:19.980+0000] {taskinstance.py:1362} INFO - 
--------------------------------------------------------------------------------
[2023-04-26T00:27:19.981+0000] {taskinstance.py:1363} INFO - Starting attempt 1 of 1
[2023-04-26T00:27:19.982+0000] {taskinstance.py:1364} INFO - 
--------------------------------------------------------------------------------
[2023-04-26T00:27:19.994+0000] {taskinstance.py:1383} INFO - Executing <Task(PythonOperator): process_user> on 2023-04-25 00:00:00+00:00
[2023-04-26T00:27:20.007+0000] {standard_task_runner.py:55} INFO - Started process 16993 to run task
[2023-04-26T00:27:20.022+0000] {standard_task_runner.py:82} INFO - Running: ['***', 'tasks', 'run', 'user_processing', 'process_user', 'scheduled__2023-04-25T00:00:00+00:00', '--job-id', '107', '--raw', '--subdir', 'DAGS_FOLDER/user_processing.py', '--cfg-path', '/tmp/tmpqmoyqsle']
[2023-04-26T00:27:20.026+0000] {standard_task_runner.py:83} INFO - Job 107: Subtask process_user
[2023-04-26T00:27:20.162+0000] {task_command.py:376} INFO - Running <TaskInstance: user_processing.process_user scheduled__2023-04-25T00:00:00+00:00 [running]> on host bebb68623a17
[2023-04-26T00:27:20.294+0000] {taskinstance.py:1592} INFO - Exporting the following env vars:
AIRFLOW_CTX_DAG_OWNER=***
AIRFLOW_CTX_DAG_ID=user_processing
AIRFLOW_CTX_TASK_ID=process_user
AIRFLOW_CTX_EXECUTION_DATE=2023-04-25T00:00:00+00:00
AIRFLOW_CTX_TRY_NUMBER=1
AIRFLOW_CTX_DAG_RUN_ID=scheduled__2023-04-25T00:00:00+00:00
[2023-04-26T00:27:20.324+0000] {logging_mixin.py:120} INFO - hi None
[2023-04-26T00:27:20.325+0000] {python.py:177} INFO - Done. Returned value was: None
[2023-04-26T00:27:20.349+0000] {taskinstance.py:1406} INFO - Marking task as SUCCESS. dag_id=user_processing, task_id=process_user, execution_date=20230425T000000, start_date=20230426T002719, end_date=20230426T002720
[2023-04-26T00:27:20.399+0000] {local_task_job.py:164} INFO - Task exited with return code 0
[2023-04-26T00:27:20.449+0000] {local_task_job.py:273} INFO - 0 downstream tasks scheduled from follow-on schedule check
