[2023-04-25T13:29:22.933+0000] {taskinstance.py:1165} INFO - Dependencies all met for <TaskInstance: user_processing.process_user manual__2023-04-25T13:29:21.683591+00:00 [queued]>
[2023-04-25T13:29:22.953+0000] {taskinstance.py:1165} INFO - Dependencies all met for <TaskInstance: user_processing.process_user manual__2023-04-25T13:29:21.683591+00:00 [queued]>
[2023-04-25T13:29:22.954+0000] {taskinstance.py:1362} INFO - 
--------------------------------------------------------------------------------
[2023-04-25T13:29:22.954+0000] {taskinstance.py:1363} INFO - Starting attempt 1 of 1
[2023-04-25T13:29:22.955+0000] {taskinstance.py:1364} INFO - 
--------------------------------------------------------------------------------
[2023-04-25T13:29:22.972+0000] {taskinstance.py:1383} INFO - Executing <Task(PythonOperator): process_user> on 2023-04-25 13:29:21.683591+00:00
[2023-04-25T13:29:22.977+0000] {standard_task_runner.py:55} INFO - Started process 13914 to run task
[2023-04-25T13:29:22.983+0000] {standard_task_runner.py:82} INFO - Running: ['***', 'tasks', 'run', 'user_processing', 'process_user', 'manual__2023-04-25T13:29:21.683591+00:00', '--job-id', '76', '--raw', '--subdir', 'DAGS_FOLDER/user_processing.py', '--cfg-path', '/tmp/tmpwgbb_z0g']
[2023-04-25T13:29:22.987+0000] {standard_task_runner.py:83} INFO - Job 76: Subtask process_user
[2023-04-25T13:29:23.087+0000] {task_command.py:376} INFO - Running <TaskInstance: user_processing.process_user manual__2023-04-25T13:29:21.683591+00:00 [running]> on host bebb68623a17
[2023-04-25T13:29:23.172+0000] {taskinstance.py:1592} INFO - Exporting the following env vars:
AIRFLOW_CTX_DAG_OWNER=***
AIRFLOW_CTX_DAG_ID=user_processing
AIRFLOW_CTX_TASK_ID=process_user
AIRFLOW_CTX_EXECUTION_DATE=2023-04-25T13:29:21.683591+00:00
AIRFLOW_CTX_TRY_NUMBER=1
AIRFLOW_CTX_DAG_RUN_ID=manual__2023-04-25T13:29:21.683591+00:00
[2023-04-25T13:29:23.187+0000] {python.py:177} INFO - Done. Returned value was: None
[2023-04-25T13:29:23.196+0000] {taskinstance.py:1406} INFO - Marking task as SUCCESS. dag_id=user_processing, task_id=process_user, execution_date=20230425T132921, start_date=20230425T132922, end_date=20230425T132923
[2023-04-25T13:29:23.239+0000] {local_task_job.py:164} INFO - Task exited with return code 0
[2023-04-25T13:29:23.254+0000] {local_task_job.py:273} INFO - 0 downstream tasks scheduled from follow-on schedule check
