[2023-04-26T04:24:08.673+0000] {taskinstance.py:1165} INFO - Dependencies all met for <TaskInstance: user_processing.process_user manual__2023-04-26T04:24:02.139773+00:00 [queued]>
[2023-04-26T04:24:08.678+0000] {taskinstance.py:1165} INFO - Dependencies all met for <TaskInstance: user_processing.process_user manual__2023-04-26T04:24:02.139773+00:00 [queued]>
[2023-04-26T04:24:08.679+0000] {taskinstance.py:1362} INFO - 
--------------------------------------------------------------------------------
[2023-04-26T04:24:08.679+0000] {taskinstance.py:1363} INFO - Starting attempt 1 of 1
[2023-04-26T04:24:08.680+0000] {taskinstance.py:1364} INFO - 
--------------------------------------------------------------------------------
[2023-04-26T04:24:08.687+0000] {taskinstance.py:1383} INFO - Executing <Task(PythonOperator): process_user> on 2023-04-26 04:24:02.139773+00:00
[2023-04-26T04:24:08.692+0000] {standard_task_runner.py:55} INFO - Started process 21743 to run task
[2023-04-26T04:24:08.696+0000] {standard_task_runner.py:82} INFO - Running: ['***', 'tasks', 'run', 'user_processing', 'process_user', 'manual__2023-04-26T04:24:02.139773+00:00', '--job-id', '148', '--raw', '--subdir', 'DAGS_FOLDER/user_processing.py', '--cfg-path', '/tmp/tmpekqgd4bk']
[2023-04-26T04:24:08.698+0000] {standard_task_runner.py:83} INFO - Job 148: Subtask process_user
[2023-04-26T04:24:08.759+0000] {task_command.py:376} INFO - Running <TaskInstance: user_processing.process_user manual__2023-04-26T04:24:02.139773+00:00 [running]> on host bebb68623a17
[2023-04-26T04:24:08.808+0000] {taskinstance.py:1592} INFO - Exporting the following env vars:
AIRFLOW_CTX_DAG_OWNER=***
AIRFLOW_CTX_DAG_ID=user_processing
AIRFLOW_CTX_TASK_ID=process_user
AIRFLOW_CTX_EXECUTION_DATE=2023-04-26T04:24:02.139773+00:00
AIRFLOW_CTX_TRY_NUMBER=1
AIRFLOW_CTX_DAG_RUN_ID=manual__2023-04-26T04:24:02.139773+00:00
[2023-04-26T04:24:08.823+0000] {python.py:177} INFO - Done. Returned value was: None
[2023-04-26T04:24:08.832+0000] {taskinstance.py:1406} INFO - Marking task as SUCCESS. dag_id=user_processing, task_id=process_user, execution_date=20230426T042402, start_date=20230426T042408, end_date=20230426T042408
[2023-04-26T04:24:08.868+0000] {local_task_job.py:164} INFO - Task exited with return code 0
[2023-04-26T04:24:08.888+0000] {local_task_job.py:273} INFO - 1 downstream tasks scheduled from follow-on schedule check
