[2023-04-25T13:39:59.970+0000] {taskinstance.py:1165} INFO - Dependencies all met for <TaskInstance: user_processing.extract_user manual__2023-04-25T13:39:59.004738+00:00 [queued]>
[2023-04-25T13:39:59.980+0000] {taskinstance.py:1165} INFO - Dependencies all met for <TaskInstance: user_processing.extract_user manual__2023-04-25T13:39:59.004738+00:00 [queued]>
[2023-04-25T13:39:59.980+0000] {taskinstance.py:1362} INFO - 
--------------------------------------------------------------------------------
[2023-04-25T13:39:59.981+0000] {taskinstance.py:1363} INFO - Starting attempt 1 of 1
[2023-04-25T13:39:59.981+0000] {taskinstance.py:1364} INFO - 
--------------------------------------------------------------------------------
[2023-04-25T13:39:59.996+0000] {taskinstance.py:1383} INFO - Executing <Task(SimpleHttpOperator): extract_user> on 2023-04-25 13:39:59.004738+00:00
[2023-04-25T13:40:00.004+0000] {standard_task_runner.py:55} INFO - Started process 14534 to run task
[2023-04-25T13:40:00.024+0000] {standard_task_runner.py:82} INFO - Running: ['***', 'tasks', 'run', 'user_processing', 'extract_user', 'manual__2023-04-25T13:39:59.004738+00:00', '--job-id', '104', '--raw', '--subdir', 'DAGS_FOLDER/user_processing.py', '--cfg-path', '/tmp/tmp4an2o3_w']
[2023-04-25T13:40:00.034+0000] {standard_task_runner.py:83} INFO - Job 104: Subtask extract_user
[2023-04-25T13:40:00.129+0000] {task_command.py:376} INFO - Running <TaskInstance: user_processing.extract_user manual__2023-04-25T13:39:59.004738+00:00 [running]> on host bebb68623a17
[2023-04-25T13:40:00.216+0000] {taskinstance.py:1592} INFO - Exporting the following env vars:
AIRFLOW_CTX_DAG_OWNER=***
AIRFLOW_CTX_DAG_ID=user_processing
AIRFLOW_CTX_TASK_ID=extract_user
AIRFLOW_CTX_EXECUTION_DATE=2023-04-25T13:39:59.004738+00:00
AIRFLOW_CTX_TRY_NUMBER=1
AIRFLOW_CTX_DAG_RUN_ID=manual__2023-04-25T13:39:59.004738+00:00
[2023-04-25T13:40:00.219+0000] {http.py:121} INFO - Calling HTTP method
[2023-04-25T13:40:00.232+0000] {base.py:71} INFO - Using connection ID 'user_api' for task execution.
[2023-04-25T13:40:00.234+0000] {http.py:148} INFO - Sending 'GET' to url: https://randomuser.me/api/
[2023-04-25T13:40:00.750+0000] {http.py:125} INFO - {"results":[{"gender":"male","name":{"title":"Mr","first":"آرتين","last":"علیزاده"},"location":{"street":{"number":7975,"name":"مصطفی خمینی"},"city":"گرگان","state":"تهران","country":"Iran","postcode":57864,"coordinates":{"latitude":"19.5435","longitude":"-172.1652"},"timezone":{"offset":"-7:00","description":"Mountain Time (US & Canada)"}},"email":"artyn.aalyzdh@example.com","login":{"uuid":"072c9f48-03dc-4258-9e27-31fa89c44158","username":"blackladybug274","password":"these","salt":"ap1VjtI1","md5":"e3df9e02b7b712b2104e4c31d4bdaca3","sha1":"2b1a0ae076d1036be2870ea5b9b010b51ae4b8ab","sha256":"ca81a5cad58097f878eed478b8673c7eaf9719fd2d55bc4fb6d94082b9e77a4c"},"dob":{"date":"1949-12-29T11:49:53.401Z","age":73},"registered":{"date":"2022-03-06T05:08:21.573Z","age":1},"phone":"055-73203506","cell":"0930-589-5717","id":{"name":"","value":null},"picture":{"large":"https://randomuser.me/api/portraits/men/66.jpg","medium":"https://randomuser.me/api/portraits/med/men/66.jpg","thumbnail":"https://randomuser.me/api/portraits/thumb/men/66.jpg"},"nat":"IR"}],"info":{"seed":"b5194f118b72d9f6","results":1,"page":1,"version":"1.4"}}
[2023-04-25T13:40:00.772+0000] {taskinstance.py:1406} INFO - Marking task as SUCCESS. dag_id=user_processing, task_id=extract_user, execution_date=20230425T133959, start_date=20230425T133959, end_date=20230425T134000
[2023-04-25T13:40:00.791+0000] {local_task_job.py:164} INFO - Task exited with return code 0
[2023-04-25T13:40:00.804+0000] {local_task_job.py:273} INFO - 0 downstream tasks scheduled from follow-on schedule check
