[2023-04-26T09:26:18.591+0000] {taskinstance.py:1165} INFO - Dependencies all met for <TaskInstance: dag1.create_table scheduled__2023-04-25T00:00:00+00:00 [queued]>
[2023-04-26T09:26:18.597+0000] {taskinstance.py:1165} INFO - Dependencies all met for <TaskInstance: dag1.create_table scheduled__2023-04-25T00:00:00+00:00 [queued]>
[2023-04-26T09:26:18.598+0000] {taskinstance.py:1362} INFO - 
--------------------------------------------------------------------------------
[2023-04-26T09:26:18.598+0000] {taskinstance.py:1363} INFO - Starting attempt 1 of 1
[2023-04-26T09:26:18.599+0000] {taskinstance.py:1364} INFO - 
--------------------------------------------------------------------------------
[2023-04-26T09:26:18.606+0000] {taskinstance.py:1383} INFO - Executing <Task(PostgresOperator): create_table> on 2023-04-25 00:00:00+00:00
[2023-04-26T09:26:18.610+0000] {standard_task_runner.py:55} INFO - Started process 2934 to run task
[2023-04-26T09:26:18.614+0000] {standard_task_runner.py:82} INFO - Running: ['***', 'tasks', 'run', 'dag1', 'create_table', 'scheduled__2023-04-25T00:00:00+00:00', '--job-id', '238', '--raw', '--subdir', 'DAGS_FOLDER/dag1.py', '--cfg-path', '/tmp/tmpuh5sbhsz']
[2023-04-26T09:26:18.615+0000] {standard_task_runner.py:83} INFO - Job 238: Subtask create_table
[2023-04-26T09:26:18.662+0000] {task_command.py:376} INFO - Running <TaskInstance: dag1.create_table scheduled__2023-04-25T00:00:00+00:00 [running]> on host c452347a64f2
[2023-04-26T09:26:18.706+0000] {taskinstance.py:1592} INFO - Exporting the following env vars:
AIRFLOW_CTX_DAG_OWNER=***
AIRFLOW_CTX_DAG_ID=dag1
AIRFLOW_CTX_TASK_ID=create_table
AIRFLOW_CTX_EXECUTION_DATE=2023-04-25T00:00:00+00:00
AIRFLOW_CTX_TRY_NUMBER=1
AIRFLOW_CTX_DAG_RUN_ID=scheduled__2023-04-25T00:00:00+00:00
[2023-04-26T09:26:18.714+0000] {base.py:71} INFO - Using connection ID 'postgres' for task execution.
[2023-04-26T09:26:18.718+0000] {sql.py:315} INFO - Running statement: 
            CREATE TABLE IF NOT EXISTS employees(
                first_name varchar(255) not null,
                last_name varchar(255) not null,
                country varchar(255) not null,
                username varchar(255) not null,
                password varchar(255) not null,
                email varchar(255) not null
            );
        , parameters: None
[2023-04-26T09:26:18.735+0000] {taskinstance.py:1406} INFO - Marking task as SUCCESS. dag_id=dag1, task_id=create_table, execution_date=20230425T000000, start_date=20230426T092618, end_date=20230426T092618
[2023-04-26T09:26:18.786+0000] {local_task_job.py:164} INFO - Task exited with return code 0
[2023-04-26T09:26:18.801+0000] {local_task_job.py:273} INFO - 0 downstream tasks scheduled from follow-on schedule check
