[2023-04-26T06:41:19.417+0000] {taskinstance.py:1165} INFO - Dependencies all met for <TaskInstance: user_processing.process_user manual__2023-04-26T06:41:14.303837+00:00 [queued]>
[2023-04-26T06:41:19.422+0000] {taskinstance.py:1165} INFO - Dependencies all met for <TaskInstance: user_processing.process_user manual__2023-04-26T06:41:14.303837+00:00 [queued]>
[2023-04-26T06:41:19.423+0000] {taskinstance.py:1362} INFO - 
--------------------------------------------------------------------------------
[2023-04-26T06:41:19.423+0000] {taskinstance.py:1363} INFO - Starting attempt 1 of 1
[2023-04-26T06:41:19.424+0000] {taskinstance.py:1364} INFO - 
--------------------------------------------------------------------------------
[2023-04-26T06:41:19.431+0000] {taskinstance.py:1383} INFO - Executing <Task(PythonOperator): process_user> on 2023-04-26 06:41:14.303837+00:00
[2023-04-26T06:41:19.436+0000] {standard_task_runner.py:55} INFO - Started process 974 to run task
[2023-04-26T06:41:19.439+0000] {standard_task_runner.py:82} INFO - Running: ['***', 'tasks', 'run', 'user_processing', 'process_user', 'manual__2023-04-26T06:41:14.303837+00:00', '--job-id', '192', '--raw', '--subdir', 'DAGS_FOLDER/user_processing.py', '--cfg-path', '/tmp/tmpnoskyanf']
[2023-04-26T06:41:19.441+0000] {standard_task_runner.py:83} INFO - Job 192: Subtask process_user
[2023-04-26T06:41:19.490+0000] {task_command.py:376} INFO - Running <TaskInstance: user_processing.process_user manual__2023-04-26T06:41:14.303837+00:00 [running]> on host b0d118a97f46
[2023-04-26T06:41:19.569+0000] {taskinstance.py:1592} INFO - Exporting the following env vars:
AIRFLOW_CTX_DAG_OWNER=***
AIRFLOW_CTX_DAG_ID=user_processing
AIRFLOW_CTX_TASK_ID=process_user
AIRFLOW_CTX_EXECUTION_DATE=2023-04-26T06:41:14.303837+00:00
AIRFLOW_CTX_TRY_NUMBER=1
AIRFLOW_CTX_DAG_RUN_ID=manual__2023-04-26T06:41:14.303837+00:00
[2023-04-26T06:41:19.584+0000] {python.py:177} INFO - Done. Returned value was: None
[2023-04-26T06:41:19.593+0000] {taskinstance.py:1406} INFO - Marking task as SUCCESS. dag_id=user_processing, task_id=process_user, execution_date=20230426T064114, start_date=20230426T064119, end_date=20230426T064119
[2023-04-26T06:41:19.613+0000] {local_task_job.py:164} INFO - Task exited with return code 0
[2023-04-26T06:41:19.629+0000] {local_task_job.py:273} INFO - 1 downstream tasks scheduled from follow-on schedule check
