[2023-04-26T07:05:56.856+0000] {taskinstance.py:1165} INFO - Dependencies all met for <TaskInstance: user_processing.extract_user manual__2023-04-26T07:05:52.920197+00:00 [queued]>
[2023-04-26T07:05:56.862+0000] {taskinstance.py:1165} INFO - Dependencies all met for <TaskInstance: user_processing.extract_user manual__2023-04-26T07:05:52.920197+00:00 [queued]>
[2023-04-26T07:05:56.863+0000] {taskinstance.py:1362} INFO - 
--------------------------------------------------------------------------------
[2023-04-26T07:05:56.863+0000] {taskinstance.py:1363} INFO - Starting attempt 1 of 1
[2023-04-26T07:05:56.863+0000] {taskinstance.py:1364} INFO - 
--------------------------------------------------------------------------------
[2023-04-26T07:05:56.870+0000] {taskinstance.py:1383} INFO - Executing <Task(SimpleHttpOperator): extract_user> on 2023-04-26 07:05:52.920197+00:00
[2023-04-26T07:05:56.875+0000] {standard_task_runner.py:55} INFO - Started process 2232 to run task
[2023-04-26T07:05:56.879+0000] {standard_task_runner.py:82} INFO - Running: ['***', 'tasks', 'run', 'user_processing', 'extract_user', 'manual__2023-04-26T07:05:52.920197+00:00', '--job-id', '196', '--raw', '--subdir', 'DAGS_FOLDER/user_processing.py', '--cfg-path', '/tmp/tmpp7593d33']
[2023-04-26T07:05:56.881+0000] {standard_task_runner.py:83} INFO - Job 196: Subtask extract_user
[2023-04-26T07:05:56.931+0000] {task_command.py:376} INFO - Running <TaskInstance: user_processing.extract_user manual__2023-04-26T07:05:52.920197+00:00 [running]> on host b0d118a97f46
[2023-04-26T07:05:56.977+0000] {taskinstance.py:1592} INFO - Exporting the following env vars:
AIRFLOW_CTX_DAG_OWNER=***
AIRFLOW_CTX_DAG_ID=user_processing
AIRFLOW_CTX_TASK_ID=extract_user
AIRFLOW_CTX_EXECUTION_DATE=2023-04-26T07:05:52.920197+00:00
AIRFLOW_CTX_TRY_NUMBER=1
AIRFLOW_CTX_DAG_RUN_ID=manual__2023-04-26T07:05:52.920197+00:00
[2023-04-26T07:05:56.978+0000] {http.py:121} INFO - Calling HTTP method
[2023-04-26T07:05:56.986+0000] {base.py:71} INFO - Using connection ID 'user_api' for task execution.
[2023-04-26T07:05:56.987+0000] {http.py:148} INFO - Sending 'GET' to url: https://randomuser.me/api/
[2023-04-26T07:05:57.764+0000] {http.py:125} INFO - {"results":[{"gender":"female","name":{"title":"Ms","first":"Kübra","last":"Türkdoğan"},"location":{"street":{"number":236,"name":"Istiklal Cd"},"city":"Konya","state":"Diyarbakır","country":"Turkey","postcode":98433,"coordinates":{"latitude":"68.1040","longitude":"120.3047"},"timezone":{"offset":"+5:45","description":"Kathmandu"}},"email":"kubra.turkdogan@example.com","login":{"uuid":"8dec0784-ff5f-4ce2-a75e-69a3bc3fefd8","username":"whitegoose655","password":"erica","salt":"7v0Y5k6D","md5":"584974db532ed00b4f49b8f2e3806c66","sha1":"c4329bef1c22fc495e6f09931ed9358cb3aac5dc","sha256":"8bed3bd67732a5a0ef1064791e11b594eb1b766f79270765e27151d443cba36c"},"dob":{"date":"1981-07-21T10:05:27.426Z","age":41},"registered":{"date":"2006-10-27T06:59:50.435Z","age":16},"phone":"(729)-998-5317","cell":"(847)-811-2929","id":{"name":"","value":null},"picture":{"large":"https://randomuser.me/api/portraits/women/68.jpg","medium":"https://randomuser.me/api/portraits/med/women/68.jpg","thumbnail":"https://randomuser.me/api/portraits/thumb/women/68.jpg"},"nat":"TR"}],"info":{"seed":"3bf10607f852068a","results":1,"page":1,"version":"1.4"}}
[2023-04-26T07:05:57.801+0000] {taskinstance.py:1406} INFO - Marking task as SUCCESS. dag_id=user_processing, task_id=extract_user, execution_date=20230426T070552, start_date=20230426T070556, end_date=20230426T070557
[2023-04-26T07:05:57.843+0000] {local_task_job.py:164} INFO - Task exited with return code 0
[2023-04-26T07:05:57.865+0000] {local_task_job.py:273} INFO - 1 downstream tasks scheduled from follow-on schedule check
