[2023-04-25T13:22:06.689+0000] {taskinstance.py:1165} INFO - Dependencies all met for <TaskInstance: user_processing.extract_user manual__2023-04-25T13:22:05.173640+00:00 [queued]>
[2023-04-25T13:22:06.703+0000] {taskinstance.py:1165} INFO - Dependencies all met for <TaskInstance: user_processing.extract_user manual__2023-04-25T13:22:05.173640+00:00 [queued]>
[2023-04-25T13:22:06.704+0000] {taskinstance.py:1362} INFO - 
--------------------------------------------------------------------------------
[2023-04-25T13:22:06.711+0000] {taskinstance.py:1363} INFO - Starting attempt 1 of 1
[2023-04-25T13:22:06.714+0000] {taskinstance.py:1364} INFO - 
--------------------------------------------------------------------------------
[2023-04-25T13:22:06.733+0000] {taskinstance.py:1383} INFO - Executing <Task(SimpleHttpOperator): extract_user> on 2023-04-25 13:22:05.173640+00:00
[2023-04-25T13:22:06.745+0000] {standard_task_runner.py:55} INFO - Started process 13498 to run task
[2023-04-25T13:22:06.758+0000] {standard_task_runner.py:82} INFO - Running: ['***', 'tasks', 'run', 'user_processing', 'extract_user', 'manual__2023-04-25T13:22:05.173640+00:00', '--job-id', '59', '--raw', '--subdir', 'DAGS_FOLDER/user_processing.py', '--cfg-path', '/tmp/tmptkysotfk']
[2023-04-25T13:22:06.762+0000] {standard_task_runner.py:83} INFO - Job 59: Subtask extract_user
[2023-04-25T13:22:06.852+0000] {task_command.py:376} INFO - Running <TaskInstance: user_processing.extract_user manual__2023-04-25T13:22:05.173640+00:00 [running]> on host bebb68623a17
[2023-04-25T13:22:06.917+0000] {taskinstance.py:1592} INFO - Exporting the following env vars:
AIRFLOW_CTX_DAG_OWNER=***
AIRFLOW_CTX_DAG_ID=user_processing
AIRFLOW_CTX_TASK_ID=extract_user
AIRFLOW_CTX_EXECUTION_DATE=2023-04-25T13:22:05.173640+00:00
AIRFLOW_CTX_TRY_NUMBER=1
AIRFLOW_CTX_DAG_RUN_ID=manual__2023-04-25T13:22:05.173640+00:00
[2023-04-25T13:22:06.919+0000] {http.py:121} INFO - Calling HTTP method
[2023-04-25T13:22:06.931+0000] {base.py:71} INFO - Using connection ID 'user_api' for task execution.
[2023-04-25T13:22:06.933+0000] {http.py:148} INFO - Sending 'GET' to url: https://randomuser.me/api/
[2023-04-25T13:22:07.266+0000] {http.py:125} INFO - {"results":[{"gender":"female","name":{"title":"Mrs","first":"Josefa","last":"Sáez"},"location":{"street":{"number":1125,"name":"Avenida de Burgos"},"city":"San Sebastián de Los Reyes","state":"Navarra","country":"Spain","postcode":75911,"coordinates":{"latitude":"-30.1394","longitude":"7.2809"},"timezone":{"offset":"-3:30","description":"Newfoundland"}},"email":"josefa.saez@example.com","login":{"uuid":"7d6511ce-bc5e-405c-9668-ec8755062071","username":"lazywolf820","password":"gryphon","salt":"Uu4auX1x","md5":"d20a7418722f5bb66baaddd07e53cc2c","sha1":"d1a7e61906876a8155d97a8a0b44a43ef34ee5b0","sha256":"e21edcb8b91f9d4c23c36c5f7c1dfe4e3e063c07f7bc4fbb0975da88b40e2b6c"},"dob":{"date":"1974-09-11T09:51:43.447Z","age":48},"registered":{"date":"2011-03-19T08:49:55.123Z","age":12},"phone":"930-410-418","cell":"609-265-945","id":{"name":"DNI","value":"56309793-P"},"picture":{"large":"https://randomuser.me/api/portraits/women/35.jpg","medium":"https://randomuser.me/api/portraits/med/women/35.jpg","thumbnail":"https://randomuser.me/api/portraits/thumb/women/35.jpg"},"nat":"ES"}],"info":{"seed":"1b61a7d5d65f9195","results":1,"page":1,"version":"1.4"}}
[2023-04-25T13:22:07.288+0000] {taskinstance.py:1406} INFO - Marking task as SUCCESS. dag_id=user_processing, task_id=extract_user, execution_date=20230425T132205, start_date=20230425T132206, end_date=20230425T132207
[2023-04-25T13:22:07.348+0000] {local_task_job.py:164} INFO - Task exited with return code 0
[2023-04-25T13:22:07.364+0000] {local_task_job.py:273} INFO - 0 downstream tasks scheduled from follow-on schedule check
