[2023-04-26T04:22:25.361+0000] {taskinstance.py:1165} INFO - Dependencies all met for <TaskInstance: user_processing.process_user manual__2023-04-26T04:22:17.671249+00:00 [queued]>
[2023-04-26T04:22:25.367+0000] {taskinstance.py:1165} INFO - Dependencies all met for <TaskInstance: user_processing.process_user manual__2023-04-26T04:22:17.671249+00:00 [queued]>
[2023-04-26T04:22:25.367+0000] {taskinstance.py:1362} INFO - 
--------------------------------------------------------------------------------
[2023-04-26T04:22:25.367+0000] {taskinstance.py:1363} INFO - Starting attempt 1 of 1
[2023-04-26T04:22:25.368+0000] {taskinstance.py:1364} INFO - 
--------------------------------------------------------------------------------
[2023-04-26T04:22:25.376+0000] {taskinstance.py:1383} INFO - Executing <Task(PythonOperator): process_user> on 2023-04-26 04:22:17.671249+00:00
[2023-04-26T04:22:25.382+0000] {standard_task_runner.py:55} INFO - Started process 21638 to run task
[2023-04-26T04:22:25.385+0000] {standard_task_runner.py:82} INFO - Running: ['***', 'tasks', 'run', 'user_processing', 'process_user', 'manual__2023-04-26T04:22:17.671249+00:00', '--job-id', '143', '--raw', '--subdir', 'DAGS_FOLDER/user_processing.py', '--cfg-path', '/tmp/tmpsnp_vnxa']
[2023-04-26T04:22:25.387+0000] {standard_task_runner.py:83} INFO - Job 143: Subtask process_user
[2023-04-26T04:22:25.439+0000] {task_command.py:376} INFO - Running <TaskInstance: user_processing.process_user manual__2023-04-26T04:22:17.671249+00:00 [running]> on host bebb68623a17
[2023-04-26T04:22:25.485+0000] {taskinstance.py:1592} INFO - Exporting the following env vars:
AIRFLOW_CTX_DAG_OWNER=***
AIRFLOW_CTX_DAG_ID=user_processing
AIRFLOW_CTX_TASK_ID=process_user
AIRFLOW_CTX_EXECUTION_DATE=2023-04-26T04:22:17.671249+00:00
AIRFLOW_CTX_TRY_NUMBER=1
AIRFLOW_CTX_DAG_RUN_ID=manual__2023-04-26T04:22:17.671249+00:00
[2023-04-26T04:22:25.511+0000] {python.py:177} INFO - Done. Returned value was: None
[2023-04-26T04:22:25.520+0000] {taskinstance.py:1406} INFO - Marking task as SUCCESS. dag_id=user_processing, task_id=process_user, execution_date=20230426T042217, start_date=20230426T042225, end_date=20230426T042225
[2023-04-26T04:22:25.557+0000] {local_task_job.py:164} INFO - Task exited with return code 0
[2023-04-26T04:22:25.577+0000] {local_task_job.py:273} INFO - 1 downstream tasks scheduled from follow-on schedule check
