[2023-04-26T09:32:58.841+0000] {taskinstance.py:1165} INFO - Dependencies all met for <TaskInstance: dag1.insert_values manual__2023-04-26T09:32:57.765519+00:00 [queued]>
[2023-04-26T09:32:58.848+0000] {taskinstance.py:1165} INFO - Dependencies all met for <TaskInstance: dag1.insert_values manual__2023-04-26T09:32:57.765519+00:00 [queued]>
[2023-04-26T09:32:58.848+0000] {taskinstance.py:1362} INFO - 
--------------------------------------------------------------------------------
[2023-04-26T09:32:58.849+0000] {taskinstance.py:1363} INFO - Starting attempt 1 of 1
[2023-04-26T09:32:58.849+0000] {taskinstance.py:1364} INFO - 
--------------------------------------------------------------------------------
[2023-04-26T09:32:58.857+0000] {taskinstance.py:1383} INFO - Executing <Task(PostgresOperator): insert_values> on 2023-04-26 09:32:57.765519+00:00
[2023-04-26T09:32:58.862+0000] {standard_task_runner.py:55} INFO - Started process 3286 to run task
[2023-04-26T09:32:58.866+0000] {standard_task_runner.py:82} INFO - Running: ['***', 'tasks', 'run', 'dag1', 'insert_values', 'manual__2023-04-26T09:32:57.765519+00:00', '--job-id', '244', '--raw', '--subdir', 'DAGS_FOLDER/dag1.py', '--cfg-path', '/tmp/tmpgpajx0m_']
[2023-04-26T09:32:58.867+0000] {standard_task_runner.py:83} INFO - Job 244: Subtask insert_values
[2023-04-26T09:32:58.922+0000] {task_command.py:376} INFO - Running <TaskInstance: dag1.insert_values manual__2023-04-26T09:32:57.765519+00:00 [running]> on host c452347a64f2
[2023-04-26T09:32:58.977+0000] {taskinstance.py:1592} INFO - Exporting the following env vars:
AIRFLOW_CTX_DAG_OWNER=***
AIRFLOW_CTX_DAG_ID=dag1
AIRFLOW_CTX_TASK_ID=insert_values
AIRFLOW_CTX_EXECUTION_DATE=2023-04-26T09:32:57.765519+00:00
AIRFLOW_CTX_TRY_NUMBER=1
AIRFLOW_CTX_DAG_RUN_ID=manual__2023-04-26T09:32:57.765519+00:00
[2023-04-26T09:32:58.987+0000] {base.py:71} INFO - Using connection ID 'postgres' for task execution.
[2023-04-26T09:32:58.991+0000] {sql.py:315} INFO - Running statement: 
            INSERT INTO users (first_name, last_name, country, username, password, email)
            VALUES ('John', 'Doe', 'UK', 'johndoe10', 'pass1','johndoe@example.com'),
            ('Jane', 'Smith', 'USA','johnsmith14', 'pass2', 'janesmith@example.com'),
            ('James', 'Brown', 'USA','jamesbrown12', 'pass3','jamesbrown@example.com');
        , parameters: None
[2023-04-26T09:32:58.993+0000] {sql.py:324} INFO - Rows affected: 3
[2023-04-26T09:32:59.004+0000] {taskinstance.py:1406} INFO - Marking task as SUCCESS. dag_id=dag1, task_id=insert_values, execution_date=20230426T093257, start_date=20230426T093258, end_date=20230426T093259
[2023-04-26T09:32:59.039+0000] {local_task_job.py:164} INFO - Task exited with return code 0
[2023-04-26T09:32:59.058+0000] {local_task_job.py:273} INFO - 0 downstream tasks scheduled from follow-on schedule check
